<?xml version="1.0" encoding="UTF-8"?>
<coverage generated="1764719767976" clover="3.2.0">
  <project timestamp="1764719767977" name="All files">
    <metrics statements="1993" coveredstatements="454" conditionals="2442" coveredconditionals="502" methods="612" coveredmethods="94" elements="5047" coveredelements="1050" complexity="0" loc="1993" ncloc="1993" packages="12" files="29" classes="29"/>
    <package name="admin">
      <metrics statements="904" coveredstatements="137" conditionals="1111" coveredconditionals="137" methods="373" coveredmethods="40"/>
      <file name="AdminCommon.css" path="C:\Users\ricardo.moretti\Documents\codecraft-frontend\src\admin\AdminCommon.css">
        <metrics statements="0" coveredstatements="0" conditionals="0" coveredconditionals="0" methods="0" coveredmethods="0"/>
      </file>
      <file name="AdminIdeias.css" path="C:\Users\ricardo.moretti\Documents\codecraft-frontend\src\admin\AdminIdeias.css">
        <metrics statements="0" coveredstatements="0" conditionals="0" coveredconditionals="0" methods="0" coveredmethods="0"/>
      </file>
      <file name="AdminIdeias.jsx" path="C:\Users\ricardo.moretti\Documents\codecraft-frontend\src\admin\AdminIdeias.jsx">
        <metrics statements="68" coveredstatements="1" conditionals="26" coveredconditionals="0" methods="23" coveredmethods="0"/>
        <line num="6" count="3" type="stmt"/>
        <line num="9" count="0" type="stmt"/>
        <line num="35" count="0" type="stmt"/>
        <line num="40" count="0" type="stmt"/>
        <line num="45" count="0" type="stmt"/>
        <line num="50" count="0" type="stmt"/>
        <line num="51" count="0" type="stmt"/>
        <line num="52" count="0" type="stmt"/>
        <line num="53" count="0" type="stmt"/>
        <line num="54" count="0" type="stmt"/>
        <line num="55" count="0" type="stmt"/>
        <line num="56" count="0" type="stmt"/>
        <line num="58" count="0" type="stmt"/>
        <line num="59" count="0" type="stmt"/>
        <line num="60" count="0" type="stmt"/>
        <line num="61" count="0" type="stmt"/>
        <line num="62" count="0" type="stmt"/>
        <line num="63" count="0" type="stmt"/>
        <line num="65" count="0" type="stmt"/>
        <line num="67" count="0" type="stmt"/>
        <line num="71" count="0" type="stmt"/>
        <line num="72" count="0" type="stmt"/>
        <line num="75" count="0" type="stmt"/>
        <line num="76" count="0" type="stmt"/>
        <line num="77" count="0" type="cond" truecount="0" falsecount="4"/>
        <line num="78" count="0" type="stmt"/>
        <line num="79" count="0" type="stmt"/>
        <line num="82" count="0" type="stmt"/>
        <line num="83" count="0" type="stmt"/>
        <line num="84" count="0" type="stmt"/>
        <line num="85" count="0" type="stmt"/>
        <line num="86" count="0" type="stmt"/>
        <line num="87" count="0" type="stmt"/>
        <line num="89" count="0" type="stmt"/>
        <line num="93" count="0" type="stmt"/>
        <line num="94" count="0" type="stmt"/>
        <line num="95" count="0" type="stmt"/>
        <line num="96" count="0" type="stmt"/>
        <line num="97" count="0" type="cond" truecount="0" falsecount="2"/>
        <line num="102" count="0" type="stmt"/>
        <line num="106" count="0" type="stmt"/>
        <line num="107" count="0" type="cond" truecount="0" falsecount="2"/>
        <line num="108" count="0" type="stmt"/>
        <line num="109" count="0" type="stmt"/>
        <line num="112" count="0" type="stmt"/>
        <line num="113" count="0" type="stmt"/>
        <line num="119" count="0" type="stmt"/>
        <line num="120" count="0" type="cond" truecount="0" falsecount="2"/>
        <line num="136" count="0" type="stmt"/>
        <line num="137" count="0" type="stmt"/>
        <line num="139" count="0" type="stmt"/>
        <line num="143" count="0" type="stmt"/>
        <line num="144" count="0" type="stmt"/>
        <line num="153" count="0" type="cond" truecount="0" falsecount="2"/>
        <line num="154" count="0" type="stmt"/>
        <line num="164" count="0" type="cond" truecount="0" falsecount="2"/>
        <line num="165" count="0" type="stmt"/>
        <line num="178" count="0" type="stmt"/>
        <line num="188" count="0" type="stmt"/>
        <line num="205" count="0" type="stmt"/>
        <line num="216" count="0" type="stmt"/>
        <line num="229" count="0" type="stmt"/>
        <line num="246" count="0" type="stmt"/>
        <line num="262" count="0" type="stmt"/>
        <line num="270" count="0" type="cond" truecount="0" falsecount="2"/>
        <line num="282" count="0" type="stmt"/>
        <line num="287" count="0" type="stmt"/>
        <line num="297" count="0" type="stmt"/>
      </file>
      <file name="AdminLayout.jsx" path="C:\Users\ricardo.moretti\Documents\codecraft-frontend\src\admin\AdminLayout.jsx">
        <metrics statements="836" coveredstatements="136" conditionals="1085" coveredconditionals="137" methods="350" coveredmethods="40"/>
        <line num="23" count="4" type="stmt"/>
        <line num="24" count="4" type="stmt"/>
        <line num="25" count="4" type="stmt"/>
        <line num="26" count="4" type="stmt"/>
        <line num="27" count="4" type="stmt"/>
        <line num="28" count="4" type="stmt"/>
        <line num="29" count="4" type="stmt"/>
        <line num="30" count="4" type="stmt"/>
        <line num="31" count="4" type="stmt"/>
        <line num="32" count="2" type="stmt"/>
        <line num="33" count="2" type="cond" truecount="2" falsecount="0"/>
        <line num="34" count="2" type="cond" truecount="1" falsecount="1"/>
        <line num="35" count="0" type="stmt"/>
        <line num="36" count="0" type="stmt"/>
        <line num="37" count="0" type="stmt"/>
        <line num="38" count="0" type="stmt"/>
        <line num="39" count="0" type="stmt"/>
        <line num="40" count="0" type="stmt"/>
        <line num="41" count="0" type="stmt"/>
        <line num="42" count="0" type="stmt"/>
        <line num="43" count="0" type="stmt"/>
        <line num="44" count="0" type="stmt"/>
        <line num="45" count="0" type="stmt"/>
        <line num="47" count="4" type="stmt"/>
        <line num="48" count="2" type="stmt"/>
        <line num="49" count="2" type="stmt"/>
        <line num="50" count="2" type="stmt"/>
        <line num="51" count="2" type="stmt"/>
        <line num="52" count="2" type="stmt"/>
        <line num="54" count="2" type="stmt"/>
        <line num="55" count="2" type="cond" truecount="1" falsecount="1"/>
        <line num="56" count="2" type="stmt"/>
        <line num="66" count="2" type="stmt"/>
        <line num="67" count="2" type="stmt"/>
        <line num="69" count="0" type="stmt"/>
        <line num="70" count="2" type="stmt"/>
        <line num="74" count="4" type="stmt"/>
        <line num="75" count="2" type="stmt"/>
        <line num="79" count="4" type="stmt"/>
        <line num="80" count="2" type="stmt"/>
        <line num="81" count="2" type="stmt"/>
        <line num="83" count="2" type="stmt"/>
        <line num="84" count="2" type="stmt"/>
        <line num="85" count="2" type="stmt"/>
        <line num="88" count="4" type="cond" truecount="1" falsecount="1"/>
        <line num="89" count="4" type="stmt"/>
        <line num="90" count="2" type="stmt"/>
        <line num="91" count="2" type="cond" truecount="2" falsecount="2"/>
        <line num="92" count="0" type="cond" truecount="0" falsecount="6"/>
        <line num="93" count="0" type="cond" truecount="0" falsecount="4"/>
        <line num="94" count="0" type="stmt"/>
        <line num="96" count="4" type="stmt"/>
        <line num="97" count="2" type="cond" truecount="1" falsecount="1"/>
        <line num="98" count="2" type="stmt"/>
        <line num="99" count="2" type="cond" truecount="1" falsecount="1"/>
        <line num="100" count="2" type="stmt"/>
        <line num="101" count="2" type="stmt"/>
        <line num="102" count="2" type="cond" truecount="2" falsecount="0"/>
        <line num="104" count="4" type="stmt"/>
        <line num="105" count="2" type="stmt"/>
        <line num="106" count="2" type="cond" truecount="1" falsecount="1"/>
        <line num="108" count="4" type="cond" truecount="1" falsecount="1"/>
        <line num="109" count="4" type="stmt"/>
        <line num="114" count="4" type="stmt"/>
        <line num="115" count="4" type="cond" truecount="1" falsecount="1"/>
        <line num="117" count="4" type="stmt"/>
        <line num="122" count="4" type="cond" truecount="1" falsecount="1"/>
        <line num="124" count="4" type="stmt"/>
        <line num="125" count="0" type="stmt"/>
        <line num="126" count="0" type="stmt"/>
        <line num="134" count="0" type="stmt"/>
        <line num="135" count="0" type="stmt"/>
        <line num="136" count="0" type="stmt"/>
        <line num="137" count="0" type="stmt"/>
        <line num="140" count="4" type="stmt"/>
        <line num="148" count="0" type="stmt"/>
        <line num="153" count="0" type="stmt"/>
        <line num="157" count="0" type="stmt"/>
        <line num="163" count="0" type="stmt"/>
        <line num="188" count="4" type="stmt"/>
        <line num="189" count="4" type="stmt"/>
        <line num="190" count="4" type="stmt"/>
        <line num="191" count="4" type="stmt"/>
        <line num="192" count="4" type="stmt"/>
        <line num="194" count="4" type="stmt"/>
        <line num="198" count="4" type="stmt"/>
        <line num="199" count="4" type="stmt"/>
        <line num="200" count="4" type="stmt"/>
        <line num="203" count="4" type="stmt"/>
        <line num="214" count="12" type="cond" truecount="2" falsecount="0"/>
        <line num="215" count="4" type="stmt"/>
        <line num="216" count="4" type="cond" truecount="2" falsecount="0"/>
        <line num="217" count="2" type="stmt"/>
        <line num="223" count="2" type="stmt"/>
        <line num="224" count="2" type="stmt"/>
        <line num="227" count="6" type="cond" truecount="2" falsecount="0"/>
        <line num="228" count="6" type="stmt"/>
        <line num="229" count="6" type="stmt"/>
        <line num="230" count="6" type="cond" truecount="1" falsecount="1"/>
        <line num="231" count="6" type="stmt"/>
        <line num="232" count="6" type="stmt"/>
        <line num="233" count="6" type="cond" truecount="2" falsecount="0"/>
        <line num="234" count="6" type="stmt"/>
        <line num="235" count="6" type="stmt"/>
        <line num="241" count="12" type="stmt"/>
        <line num="252" count="12" type="stmt"/>
        <line num="281" count="2" type="stmt"/>
        <line num="298" count="0" type="stmt"/>
        <line num="299" count="0" type="stmt"/>
        <line num="300" count="0" type="stmt"/>
        <line num="301" count="0" type="stmt"/>
        <line num="302" count="0" type="stmt"/>
        <line num="303" count="0" type="stmt"/>
        <line num="304" count="0" type="stmt"/>
        <line num="305" count="0" type="stmt"/>
        <line num="306" count="0" type="cond" truecount="0" falsecount="3"/>
        <line num="310" count="0" type="stmt"/>
        <line num="311" count="0" type="stmt"/>
        <line num="312" count="0" type="stmt"/>
        <line num="313" count="0" type="stmt"/>
        <line num="314" count="0" type="stmt"/>
        <line num="315" count="0" type="stmt"/>
        <line num="316" count="0" type="cond" truecount="0" falsecount="2"/>
        <line num="318" count="0" type="stmt"/>
        <line num="320" count="0" type="stmt"/>
        <line num="321" count="0" type="stmt"/>
        <line num="322" count="0" type="cond" truecount="0" falsecount="2"/>
        <line num="323" count="0" type="cond" truecount="0" falsecount="2"/>
        <line num="324" count="0" type="cond" truecount="0" falsecount="4"/>
        <line num="325" count="0" type="cond" truecount="0" falsecount="2"/>
        <line num="326" count="0" type="cond" truecount="0" falsecount="4"/>
        <line num="327" count="0" type="stmt"/>
        <line num="330" count="0" type="stmt"/>
        <line num="331" count="0" type="stmt"/>
        <line num="332" count="0" type="cond" truecount="0" falsecount="2"/>
        <line num="333" count="0" type="stmt"/>
        <line num="334" count="0" type="stmt"/>
        <line num="336" count="0" type="stmt"/>
        <line num="337" count="0" type="stmt"/>
        <line num="340" count="0" type="stmt"/>
        <line num="345" count="0" type="stmt"/>
        <line num="346" count="0" type="stmt"/>
        <line num="348" count="0" type="stmt"/>
        <line num="351" count="0" type="stmt"/>
        <line num="352" count="0" type="stmt"/>
        <line num="353" count="0" type="stmt"/>
        <line num="354" count="0" type="stmt"/>
        <line num="355" count="0" type="stmt"/>
        <line num="356" count="0" type="stmt"/>
        <line num="367" count="0" type="stmt"/>
        <line num="380" count="0" type="cond" truecount="0" falsecount="6"/>
        <line num="384" count="0" type="stmt"/>
        <line num="385" count="0" type="cond" truecount="0" falsecount="2"/>
        <line num="386" count="0" type="stmt"/>
        <line num="387" count="0" type="cond" truecount="0" falsecount="4"/>
        <line num="397" count="0" type="stmt"/>
        <line num="412" count="0" type="stmt"/>
        <line num="414" count="0" type="stmt"/>
        <line num="416" count="0" type="stmt"/>
        <line num="417" count="0" type="stmt"/>
        <line num="444" count="0" type="stmt"/>
        <line num="453" count="0" type="stmt"/>
        <line num="461" count="0" type="cond" truecount="0" falsecount="2"/>
        <line num="462" count="0" type="cond" truecount="0" falsecount="2"/>
        <line num="463" count="0" type="cond" truecount="0" falsecount="2"/>
        <line num="464" count="0" type="cond" truecount="0" falsecount="2"/>
        <line num="465" count="0" type="stmt"/>
        <line num="466" count="0" type="stmt"/>
        <line num="467" count="0" type="stmt"/>
        <line num="468" count="0" type="cond" truecount="0" falsecount="4"/>
        <line num="469" count="0" type="stmt"/>
        <line num="471" count="0" type="cond" truecount="0" falsecount="2"/>
        <line num="478" count="0" type="stmt"/>
        <line num="495" count="0" type="stmt"/>
        <line num="496" count="0" type="stmt"/>
        <line num="497" count="0" type="stmt"/>
        <line num="498" count="0" type="stmt"/>
        <line num="499" count="0" type="stmt"/>
        <line num="500" count="0" type="stmt"/>
        <line num="501" count="0" type="stmt"/>
        <line num="502" count="0" type="stmt"/>
        <line num="503" count="0" type="stmt"/>
        <line num="504" count="0" type="stmt"/>
        <line num="505" count="0" type="stmt"/>
        <line num="506" count="0" type="stmt"/>
        <line num="507" count="0" type="stmt"/>
        <line num="508" count="0" type="stmt"/>
        <line num="509" count="0" type="stmt"/>
        <line num="510" count="0" type="stmt"/>
        <line num="511" count="0" type="stmt"/>
        <line num="513" count="0" type="cond" truecount="0" falsecount="5"/>
        <line num="518" count="0" type="stmt"/>
        <line num="519" count="0" type="stmt"/>
        <line num="521" count="0" type="stmt"/>
        <line num="522" count="0" type="stmt"/>
        <line num="523" count="0" type="cond" truecount="0" falsecount="4"/>
        <line num="524" count="0" type="cond" truecount="0" falsecount="4"/>
        <line num="525" count="0" type="cond" truecount="0" falsecount="4"/>
        <line num="526" count="0" type="cond" truecount="0" falsecount="4"/>
        <line num="527" count="0" type="cond" truecount="0" falsecount="4"/>
        <line num="528" count="0" type="stmt"/>
        <line num="530" count="0" type="stmt"/>
        <line num="531" count="0" type="stmt"/>
        <line num="532" count="0" type="stmt"/>
        <line num="533" count="0" type="cond" truecount="0" falsecount="2"/>
        <line num="534" count="0" type="stmt"/>
        <line num="535" count="0" type="stmt"/>
        <line num="536" count="0" type="cond" truecount="0" falsecount="2"/>
        <line num="537" count="0" type="stmt"/>
        <line num="539" count="0" type="stmt"/>
        <line num="541" count="0" type="stmt"/>
        <line num="542" count="0" type="stmt"/>
        <line num="543" count="0" type="stmt"/>
        <line num="544" count="0" type="stmt"/>
        <line num="545" count="0" type="stmt"/>
        <line num="547" count="0" type="stmt"/>
        <line num="550" count="0" type="stmt"/>
        <line num="551" count="0" type="cond" truecount="0" falsecount="2"/>
        <line num="552" count="0" type="cond" truecount="0" falsecount="3"/>
        <line num="553" count="0" type="cond" truecount="0" falsecount="2"/>
        <line num="554" count="0" type="cond" truecount="0" falsecount="2"/>
        <line num="555" count="0" type="stmt"/>
        <line num="556" count="0" type="stmt"/>
        <line num="557" count="0" type="stmt"/>
        <line num="558" count="0" type="stmt"/>
        <line num="560" count="0" type="stmt"/>
        <line num="562" count="0" type="stmt"/>
        <line num="563" count="0" type="cond" truecount="0" falsecount="7"/>
        <line num="564" count="0" type="cond" truecount="0" falsecount="2"/>
        <line num="565" count="0" type="stmt"/>
        <line num="566" count="0" type="stmt"/>
        <line num="567" count="0" type="stmt"/>
        <line num="568" count="0" type="stmt"/>
        <line num="569" count="0" type="cond" truecount="0" falsecount="2"/>
        <line num="570" count="0" type="stmt"/>
        <line num="573" count="0" type="stmt"/>
        <line num="574" count="0" type="stmt"/>
        <line num="575" count="0" type="stmt"/>
        <line num="576" count="0" type="cond" truecount="0" falsecount="2"/>
        <line num="577" count="0" type="stmt"/>
        <line num="580" count="0" type="stmt"/>
        <line num="581" count="0" type="cond" truecount="0" falsecount="2"/>
        <line num="582" count="0" type="cond" truecount="0" falsecount="2"/>
        <line num="583" count="0" type="stmt"/>
        <line num="584" count="0" type="stmt"/>
        <line num="586" count="0" type="stmt"/>
        <line num="587" count="0" type="cond" truecount="0" falsecount="2"/>
        <line num="588" count="0" type="cond" truecount="0" falsecount="4"/>
        <line num="589" count="0" type="stmt"/>
        <line num="590" count="0" type="stmt"/>
        <line num="592" count="0" type="stmt"/>
        <line num="593" count="0" type="stmt"/>
        <line num="594" count="0" type="stmt"/>
        <line num="595" count="0" type="stmt"/>
        <line num="600" count="0" type="stmt"/>
        <line num="603" count="0" type="cond" truecount="0" falsecount="4"/>
        <line num="611" count="0" type="stmt"/>
        <line num="617" count="0" type="stmt"/>
        <line num="618" count="0" type="stmt"/>
        <line num="619" count="0" type="stmt"/>
        <line num="624" count="0" type="stmt"/>
        <line num="626" count="0" type="stmt"/>
        <line num="633" count="0" type="stmt"/>
        <line num="634" count="0" type="stmt"/>
        <line num="635" count="0" type="stmt"/>
        <line num="636" count="0" type="stmt"/>
        <line num="637" count="0" type="stmt"/>
        <line num="642" count="0" type="cond" truecount="0" falsecount="2"/>
        <line num="643" count="0" type="cond" truecount="0" falsecount="2"/>
        <line num="649" count="0" type="stmt"/>
        <line num="651" count="0" type="stmt"/>
        <line num="657" count="0" type="stmt"/>
        <line num="680" count="0" type="stmt"/>
        <line num="681" count="0" type="stmt"/>
        <line num="682" count="0" type="stmt"/>
        <line num="683" count="0" type="cond" truecount="0" falsecount="2"/>
        <line num="684" count="0" type="cond" truecount="0" falsecount="4"/>
        <line num="697" count="0" type="stmt"/>
        <line num="698" count="0" type="stmt"/>
        <line num="701" count="0" type="stmt"/>
        <line num="704" count="0" type="stmt"/>
        <line num="705" count="0" type="stmt"/>
        <line num="708" count="0" type="stmt"/>
        <line num="709" count="0" type="stmt"/>
        <line num="712" count="0" type="stmt"/>
        <line num="715" count="0" type="stmt"/>
        <line num="724" count="0" type="stmt"/>
        <line num="731" count="0" type="cond" truecount="0" falsecount="2"/>
        <line num="732" count="0" type="stmt"/>
        <line num="737" count="0" type="stmt"/>
        <line num="751" count="0" type="stmt"/>
        <line num="772" count="0" type="stmt"/>
        <line num="773" count="0" type="stmt"/>
        <line num="774" count="0" type="stmt"/>
        <line num="775" count="0" type="stmt"/>
        <line num="776" count="0" type="stmt"/>
        <line num="777" count="0" type="stmt"/>
        <line num="780" count="0" type="stmt"/>
        <line num="781" count="0" type="cond" truecount="0" falsecount="4"/>
        <line num="782" count="0" type="stmt"/>
        <line num="784" count="0" type="stmt"/>
        <line num="792" count="0" type="cond" truecount="0" falsecount="2"/>
        <line num="793" count="0" type="cond" truecount="0" falsecount="4"/>
        <line num="794" count="0" type="stmt"/>
        <line num="798" count="0" type="cond" truecount="0" falsecount="2"/>
        <line num="799" count="0" type="stmt"/>
        <line num="801" count="0" type="stmt"/>
        <line num="802" count="0" type="cond" truecount="0" falsecount="2"/>
        <line num="803" count="0" type="stmt"/>
        <line num="804" count="0" type="stmt"/>
        <line num="805" count="0" type="cond" truecount="0" falsecount="2"/>
        <line num="806" count="0" type="stmt"/>
        <line num="810" count="0" type="cond" truecount="0" falsecount="1"/>
        <line num="811" count="0" type="stmt"/>
        <line num="812" count="0" type="stmt"/>
        <line num="813" count="0" type="cond" truecount="0" falsecount="4"/>
        <line num="814" count="0" type="stmt"/>
        <line num="815" count="0" type="stmt"/>
        <line num="818" count="0" type="cond" truecount="0" falsecount="1"/>
        <line num="819" count="0" type="stmt"/>
        <line num="820" count="0" type="stmt"/>
        <line num="821" count="0" type="cond" truecount="0" falsecount="2"/>
        <line num="822" count="0" type="stmt"/>
        <line num="823" count="0" type="stmt"/>
        <line num="826" count="0" type="stmt"/>
        <line num="827" count="0" type="stmt"/>
        <line num="828" count="0" type="stmt"/>
        <line num="829" count="0" type="cond" truecount="0" falsecount="2"/>
        <line num="834" count="0" type="stmt"/>
        <line num="835" count="0" type="stmt"/>
        <line num="836" count="0" type="stmt"/>
        <line num="839" count="0" type="stmt"/>
        <line num="840" count="0" type="stmt"/>
        <line num="841" count="0" type="cond" truecount="0" falsecount="4"/>
        <line num="842" count="0" type="cond" truecount="0" falsecount="4"/>
        <line num="843" count="0" type="cond" truecount="0" falsecount="2"/>
        <line num="844" count="0" type="cond" truecount="0" falsecount="4"/>
        <line num="845" count="0" type="stmt"/>
        <line num="846" count="0" type="cond" truecount="0" falsecount="2"/>
        <line num="848" count="0" type="stmt"/>
        <line num="851" count="0" type="stmt"/>
        <line num="852" count="0" type="stmt"/>
        <line num="853" count="0" type="stmt"/>
        <line num="854" count="0" type="cond" truecount="0" falsecount="2"/>
        <line num="855" count="0" type="stmt"/>
        <line num="856" count="0" type="stmt"/>
        <line num="857" count="0" type="stmt"/>
        <line num="858" count="0" type="stmt"/>
        <line num="859" count="0" type="stmt"/>
        <line num="860" count="0" type="stmt"/>
        <line num="861" count="0" type="stmt"/>
        <line num="864" count="0" type="stmt"/>
        <line num="865" count="0" type="stmt"/>
        <line num="866" count="0" type="stmt"/>
        <line num="867" count="0" type="stmt"/>
        <line num="868" count="0" type="stmt"/>
        <line num="869" count="0" type="stmt"/>
        <line num="873" count="0" type="stmt"/>
        <line num="874" count="0" type="cond" truecount="0" falsecount="2"/>
        <line num="876" count="0" type="cond" truecount="0" falsecount="2"/>
        <line num="877" count="0" type="stmt"/>
        <line num="878" count="0" type="stmt"/>
        <line num="882" count="0" type="cond" truecount="0" falsecount="2"/>
        <line num="883" count="0" type="stmt"/>
        <line num="886" count="0" type="cond" truecount="0" falsecount="2"/>
        <line num="887" count="0" type="stmt"/>
        <line num="890" count="0" type="cond" truecount="0" falsecount="2"/>
        <line num="891" count="0" type="stmt"/>
        <line num="894" count="0" type="cond" truecount="0" falsecount="2"/>
        <line num="895" count="0" type="stmt"/>
        <line num="896" count="0" type="cond" truecount="0" falsecount="2"/>
        <line num="897" count="0" type="stmt"/>
        <line num="900" count="0" type="stmt"/>
        <line num="903" count="0" type="stmt"/>
        <line num="904" count="0" type="stmt"/>
        <line num="907" count="0" type="cond" truecount="0" falsecount="2"/>
        <line num="908" count="0" type="cond" truecount="0" falsecount="2"/>
        <line num="910" count="0" type="stmt"/>
        <line num="919" count="0" type="cond" truecount="0" falsecount="6"/>
        <line num="920" count="0" type="stmt"/>
        <line num="921" count="0" type="cond" truecount="0" falsecount="4"/>
        <line num="923" count="0" type="stmt"/>
        <line num="949" count="0" type="stmt"/>
        <line num="950" count="0" type="cond" truecount="0" falsecount="2"/>
        <line num="951" count="0" type="stmt"/>
        <line num="952" count="0" type="stmt"/>
        <line num="953" count="0" type="stmt"/>
        <line num="955" count="0" type="stmt"/>
        <line num="956" count="0" type="stmt"/>
        <line num="957" count="0" type="stmt"/>
        <line num="967" count="0" type="stmt"/>
        <line num="973" count="0" type="stmt"/>
        <line num="995" count="0" type="cond" truecount="0" falsecount="2"/>
        <line num="996" count="0" type="stmt"/>
        <line num="997" count="0" type="cond" truecount="0" falsecount="6"/>
        <line num="998" count="0" type="cond" truecount="0" falsecount="2"/>
        <line num="1000" count="0" type="cond" truecount="0" falsecount="2"/>
        <line num="1001" count="0" type="stmt"/>
        <line num="1017" count="0" type="cond" truecount="0" falsecount="2"/>
        <line num="1018" count="0" type="stmt"/>
        <line num="1034" count="0" type="cond" truecount="0" falsecount="4"/>
        <line num="1035" count="0" type="stmt"/>
        <line num="1051" count="0" type="stmt"/>
        <line num="1056" count="0" type="cond" truecount="0" falsecount="2"/>
        <line num="1057" count="0" type="stmt"/>
        <line num="1058" count="0" type="cond" truecount="0" falsecount="6"/>
        <line num="1059" count="0" type="stmt"/>
        <line num="1061" count="0" type="stmt"/>
        <line num="1077" count="0" type="stmt"/>
        <line num="1078" count="0" type="stmt"/>
        <line num="1098" count="0" type="stmt"/>
        <line num="1106" count="0" type="stmt"/>
        <line num="1109" count="0" type="stmt"/>
        <line num="1110" count="0" type="stmt"/>
        <line num="1113" count="0" type="stmt"/>
        <line num="1114" count="0" type="stmt"/>
        <line num="1123" count="0" type="stmt"/>
        <line num="1128" count="0" type="stmt"/>
        <line num="1142" count="0" type="stmt"/>
        <line num="1148" count="0" type="stmt"/>
        <line num="1154" count="0" type="stmt"/>
        <line num="1158" count="0" type="stmt"/>
        <line num="1167" count="0" type="stmt"/>
        <line num="1194" count="0" type="stmt"/>
        <line num="1214" count="0" type="stmt"/>
        <line num="1215" count="0" type="stmt"/>
        <line num="1219" count="0" type="stmt"/>
        <line num="1220" count="0" type="cond" truecount="0" falsecount="4"/>
        <line num="1221" count="0" type="stmt"/>
        <line num="1231" count="0" type="cond" truecount="0" falsecount="2"/>
        <line num="1232" count="0" type="stmt"/>
        <line num="1241" count="0" type="stmt"/>
        <line num="1259" count="43" type="stmt"/>
        <line num="1260" count="43" type="stmt"/>
        <line num="1261" count="43" type="stmt"/>
        <line num="1262" count="43" type="stmt"/>
        <line num="1263" count="43" type="stmt"/>
        <line num="1264" count="1" type="cond" truecount="2" falsecount="0"/>
        <line num="1265" count="1" type="stmt"/>
        <line num="1266" count="1" type="stmt"/>
        <line num="1267" count="1" type="cond" truecount="2" falsecount="0"/>
        <line num="1270" count="43" type="stmt"/>
        <line num="1271" count="2" type="stmt"/>
        <line num="1272" count="2" type="cond" truecount="6" falsecount="1"/>
        <line num="1273" count="1" type="stmt"/>
        <line num="1274" count="1" type="stmt"/>
        <line num="1276" count="1" type="cond" truecount="2" falsecount="2"/>
        <line num="1277" count="0" type="stmt"/>
        <line num="1278" count="0" type="stmt"/>
        <line num="1280" count="1" type="cond" truecount="1" falsecount="1"/>
        <line num="1281" count="0" type="stmt"/>
        <line num="1282" count="0" type="stmt"/>
        <line num="1284" count="1" type="stmt"/>
        <line num="1288" count="1" type="stmt"/>
        <line num="1289" count="1" type="cond" truecount="2" falsecount="2"/>
        <line num="1290" count="0" type="cond" truecount="0" falsecount="4"/>
        <line num="1291" count="0" type="stmt"/>
        <line num="1300" count="0" type="cond" truecount="0" falsecount="2"/>
        <line num="1303" count="0" type="stmt"/>
        <line num="1306" count="1" type="stmt"/>
        <line num="1307" count="1" type="cond" truecount="1" falsecount="1"/>
        <line num="1308" count="2" type="stmt"/>
        <line num="1310" count="0" type="cond" truecount="0" falsecount="2"/>
        <line num="1314" count="43" type="stmt"/>
        <line num="1315" count="43" type="stmt"/>
        <line num="1316" count="43" type="stmt"/>
        <line num="1317" count="43" type="cond" truecount="1" falsecount="2"/>
        <line num="1322" count="43" type="stmt"/>
        <line num="1323" count="43" type="stmt"/>
        <line num="1325" count="43" type="stmt"/>
        <line num="1326" count="3" type="cond" truecount="4" falsecount="1"/>
        <line num="1327" count="3" type="stmt"/>
        <line num="1328" count="3" type="stmt"/>
        <line num="1329" count="3" type="cond" truecount="3" falsecount="1"/>
        <line num="1330" count="3" type="stmt"/>
        <line num="1332" count="0" type="stmt"/>
        <line num="1336" count="43" type="stmt"/>
        <line num="1345" count="0" type="stmt"/>
        <line num="1346" count="0" type="cond" truecount="0" falsecount="7"/>
        <line num="1347" count="0" type="stmt"/>
        <line num="1348" count="0" type="stmt"/>
        <line num="1349" count="0" type="stmt"/>
        <line num="1350" count="0" type="stmt"/>
        <line num="1356" count="0" type="stmt"/>
        <line num="1357" count="0" type="stmt"/>
        <line num="1359" count="0" type="stmt"/>
        <line num="1386" count="43" type="stmt"/>
        <line num="1418" count="0" type="cond" truecount="0" falsecount="21"/>
        <line num="1419" count="0" type="cond" truecount="4" falsecount="7"/>
        <line num="1420" count="1" type="cond" truecount="1" falsecount="3"/>
        <line num="1433" count="6" type="stmt"/>
        <line num="1434" count="5" type="stmt"/>
        <line num="1435" count="0" type="stmt"/>
        <line num="1439" count="0" type="stmt"/>
        <line num="1440" count="0" type="stmt"/>
        <line num="1446" count="0" type="stmt"/>
        <line num="1449" count="0" type="stmt"/>
        <line num="1460" count="23" type="stmt"/>
        <line num="1471" count="0" type="stmt"/>
        <line num="1501" count="34" type="stmt"/>
        <line num="1512" count="34" type="stmt"/>
        <line num="1516" count="0" type="stmt"/>
        <line num="1517" count="0" type="stmt"/>
        <line num="1518" count="0" type="stmt"/>
        <line num="1519" count="0" type="stmt"/>
        <line num="1520" count="0" type="stmt"/>
        <line num="1521" count="0" type="stmt"/>
        <line num="1522" count="0" type="stmt"/>
        <line num="1523" count="0" type="stmt"/>
        <line num="1525" count="0" type="stmt"/>
        <line num="1526" count="0" type="stmt"/>
        <line num="1527" count="0" type="stmt"/>
        <line num="1544" count="0" type="stmt"/>
        <line num="1545" count="0" type="stmt"/>
        <line num="1546" count="0" type="stmt"/>
        <line num="1547" count="0" type="stmt"/>
        <line num="1548" count="0" type="stmt"/>
        <line num="1549" count="0" type="stmt"/>
        <line num="1552" count="0" type="stmt"/>
        <line num="1553" count="0" type="stmt"/>
        <line num="1554" count="0" type="stmt"/>
        <line num="1555" count="0" type="cond" truecount="0" falsecount="2"/>
        <line num="1556" count="0" type="stmt"/>
        <line num="1557" count="0" type="stmt"/>
        <line num="1558" count="0" type="stmt"/>
        <line num="1561" count="0" type="stmt"/>
        <line num="1562" count="0" type="stmt"/>
        <line num="1563" count="0" type="stmt"/>
        <line num="1564" count="0" type="stmt"/>
        <line num="1565" count="0" type="stmt"/>
        <line num="1566" count="0" type="cond" truecount="0" falsecount="2"/>
        <line num="1568" count="0" type="stmt"/>
        <line num="1569" count="0" type="stmt"/>
        <line num="1572" count="0" type="stmt"/>
        <line num="1573" count="0" type="cond" truecount="0" falsecount="2"/>
        <line num="1574" count="0" type="stmt"/>
        <line num="1575" count="0" type="stmt"/>
        <line num="1576" count="0" type="stmt"/>
        <line num="1577" count="0" type="cond" truecount="0" falsecount="2"/>
        <line num="1580" count="0" type="stmt"/>
        <line num="1581" count="0" type="stmt"/>
        <line num="1582" count="0" type="stmt"/>
        <line num="1583" count="0" type="cond" truecount="0" falsecount="2"/>
        <line num="1585" count="0" type="stmt"/>
        <line num="1587" count="0" type="stmt"/>
        <line num="1588" count="0" type="stmt"/>
        <line num="1589" count="0" type="stmt"/>
        <line num="1590" count="0" type="cond" truecount="0" falsecount="3"/>
        <line num="1595" count="0" type="stmt"/>
        <line num="1596" count="0" type="stmt"/>
        <line num="1597" count="0" type="stmt"/>
        <line num="1601" count="0" type="stmt"/>
        <line num="1602" count="0" type="stmt"/>
        <line num="1604" count="0" type="stmt"/>
        <line num="1607" count="0" type="stmt"/>
        <line num="1608" count="0" type="cond" truecount="0" falsecount="4"/>
        <line num="1609" count="0" type="stmt"/>
        <line num="1610" count="0" type="stmt"/>
        <line num="1611" count="0" type="stmt"/>
        <line num="1612" count="0" type="stmt"/>
        <line num="1619" count="0" type="stmt"/>
        <line num="1628" count="0" type="stmt"/>
        <line num="1629" count="0" type="cond" truecount="0" falsecount="2"/>
        <line num="1630" count="0" type="cond" truecount="0" falsecount="2"/>
        <line num="1631" count="0" type="cond" truecount="0" falsecount="2"/>
        <line num="1647" count="0" type="stmt"/>
        <line num="1656" count="0" type="stmt"/>
        <line num="1670" count="0" type="stmt"/>
        <line num="1671" count="0" type="stmt"/>
        <line num="1672" count="0" type="cond" truecount="0" falsecount="2"/>
        <line num="1673" count="0" type="cond" truecount="0" falsecount="2"/>
        <line num="1674" count="0" type="stmt"/>
        <line num="1675" count="0" type="stmt"/>
        <line num="1676" count="0" type="stmt"/>
        <line num="1677" count="0" type="stmt"/>
        <line num="1678" count="0" type="stmt"/>
        <line num="1697" count="0" type="cond" truecount="0" falsecount="2"/>
        <line num="1698" count="0" type="cond" truecount="0" falsecount="2"/>
        <line num="1699" count="0" type="cond" truecount="0" falsecount="2"/>
        <line num="1700" count="0" type="cond" truecount="0" falsecount="2"/>
        <line num="1701" count="0" type="cond" truecount="0" falsecount="2"/>
        <line num="1702" count="0" type="cond" truecount="0" falsecount="2"/>
        <line num="1703" count="0" type="cond" truecount="0" falsecount="2"/>
        <line num="1704" count="0" type="cond" truecount="0" falsecount="2"/>
        <line num="1705" count="0" type="cond" truecount="0" falsecount="2"/>
        <line num="1706" count="0" type="cond" truecount="0" falsecount="2"/>
        <line num="1707" count="0" type="cond" truecount="0" falsecount="2"/>
        <line num="1708" count="0" type="stmt"/>
        <line num="1711" count="0" type="cond" truecount="0" falsecount="4"/>
        <line num="1712" count="0" type="cond" truecount="0" falsecount="2"/>
        <line num="1726" count="0" type="stmt"/>
        <line num="1743" count="0" type="stmt"/>
        <line num="1747" count="0" type="stmt"/>
        <line num="1748" count="0" type="stmt"/>
        <line num="1749" count="0" type="stmt"/>
        <line num="1750" count="0" type="stmt"/>
        <line num="1751" count="0" type="stmt"/>
        <line num="1752" count="0" type="stmt"/>
        <line num="1753" count="0" type="stmt"/>
        <line num="1754" count="0" type="stmt"/>
        <line num="1755" count="0" type="stmt"/>
        <line num="1756" count="0" type="stmt"/>
        <line num="1759" count="0" type="stmt"/>
        <line num="1760" count="0" type="cond" truecount="0" falsecount="3"/>
        <line num="1763" count="0" type="cond" truecount="0" falsecount="2"/>
        <line num="1764" count="0" type="cond" truecount="0" falsecount="2"/>
        <line num="1765" count="0" type="cond" truecount="0" falsecount="2"/>
        <line num="1766" count="0" type="cond" truecount="0" falsecount="4"/>
        <line num="1769" count="0" type="stmt"/>
        <line num="1770" count="0" type="stmt"/>
        <line num="1773" count="0" type="stmt"/>
        <line num="1774" count="0" type="cond" truecount="0" falsecount="2"/>
        <line num="1775" count="0" type="cond" truecount="0" falsecount="2"/>
        <line num="1776" count="0" type="cond" truecount="0" falsecount="2"/>
        <line num="1777" count="0" type="cond" truecount="0" falsecount="2"/>
        <line num="1781" count="0" type="stmt"/>
        <line num="1782" count="0" type="stmt"/>
        <line num="1783" count="0" type="stmt"/>
        <line num="1784" count="0" type="stmt"/>
        <line num="1785" count="0" type="stmt"/>
        <line num="1786" count="0" type="stmt"/>
        <line num="1787" count="0" type="stmt"/>
        <line num="1789" count="0" type="cond" truecount="0" falsecount="2"/>
        <line num="1790" count="0" type="stmt"/>
        <line num="1793" count="0" type="stmt"/>
        <line num="1796" count="0" type="stmt"/>
        <line num="1797" count="0" type="stmt"/>
        <line num="1798" count="0" type="stmt"/>
        <line num="1800" count="0" type="stmt"/>
        <line num="1802" count="0" type="stmt"/>
        <line num="1806" count="0" type="stmt"/>
        <line num="1807" count="0" type="stmt"/>
        <line num="1808" count="0" type="stmt"/>
        <line num="1818" count="0" type="stmt"/>
        <line num="1819" count="0" type="cond" truecount="0" falsecount="2"/>
        <line num="1820" count="0" type="stmt"/>
        <line num="1821" count="0" type="stmt"/>
        <line num="1822" count="0" type="stmt"/>
        <line num="1824" count="0" type="stmt"/>
        <line num="1828" count="0" type="stmt"/>
        <line num="1829" count="0" type="stmt"/>
        <line num="1830" count="0" type="stmt"/>
        <line num="1833" count="0" type="stmt"/>
        <line num="1834" count="0" type="stmt"/>
        <line num="1835" count="0" type="stmt"/>
        <line num="1836" count="0" type="stmt"/>
        <line num="1837" count="0" type="stmt"/>
        <line num="1840" count="0" type="stmt"/>
        <line num="1841" count="0" type="stmt"/>
        <line num="1842" count="0" type="cond" truecount="0" falsecount="4"/>
        <line num="1845" count="0" type="stmt"/>
        <line num="1852" count="0" type="stmt"/>
        <line num="1858" count="0" type="stmt"/>
        <line num="1866" count="0" type="cond" truecount="0" falsecount="2"/>
        <line num="1913" count="0" type="stmt"/>
        <line num="1915" count="0" type="stmt"/>
        <line num="1922" count="0" type="stmt"/>
        <line num="1928" count="0" type="stmt"/>
        <line num="1931" count="0" type="cond" truecount="0" falsecount="2"/>
        <line num="1935" count="0" type="stmt"/>
        <line num="1937" count="0" type="stmt"/>
        <line num="1953" count="0" type="cond" truecount="0" falsecount="2"/>
        <line num="2002" count="0" type="stmt"/>
        <line num="2003" count="0" type="cond" truecount="0" falsecount="2"/>
        <line num="2006" count="0" type="stmt"/>
        <line num="2033" count="0" type="stmt"/>
        <line num="2070" count="0" type="stmt"/>
        <line num="2071" count="0" type="cond" truecount="0" falsecount="2"/>
        <line num="2074" count="0" type="stmt"/>
        <line num="2094" count="0" type="stmt"/>
        <line num="2100" count="0" type="stmt"/>
        <line num="2102" count="0" type="stmt"/>
        <line num="2111" count="0" type="stmt"/>
        <line num="2116" count="0" type="stmt"/>
        <line num="2119" count="0" type="cond" truecount="0" falsecount="2"/>
        <line num="2129" count="0" type="stmt"/>
        <line num="2142" count="0" type="stmt"/>
        <line num="2143" count="0" type="stmt"/>
        <line num="2156" count="0" type="stmt"/>
        <line num="2157" count="0" type="stmt"/>
        <line num="2158" count="0" type="stmt"/>
        <line num="2159" count="0" type="cond" truecount="0" falsecount="2"/>
        <line num="2163" count="0" type="stmt"/>
        <line num="2170" count="0" type="stmt"/>
        <line num="2175" count="0" type="stmt"/>
        <line num="2183" count="0" type="stmt"/>
        <line num="2184" count="0" type="stmt"/>
        <line num="2185" count="0" type="stmt"/>
        <line num="2186" count="0" type="cond" truecount="0" falsecount="2"/>
        <line num="2187" count="0" type="stmt"/>
        <line num="2188" count="0" type="cond" truecount="0" falsecount="2"/>
        <line num="2190" count="0" type="stmt"/>
        <line num="2191" count="0" type="stmt"/>
        <line num="2192" count="0" type="stmt"/>
        <line num="2193" count="0" type="stmt"/>
        <line num="2195" count="0" type="stmt"/>
        <line num="2196" count="0" type="stmt"/>
        <line num="2197" count="0" type="stmt"/>
        <line num="2198" count="0" type="cond" truecount="0" falsecount="4"/>
        <line num="2199" count="0" type="stmt"/>
        <line num="2203" count="0" type="stmt"/>
        <line num="2204" count="0" type="stmt"/>
        <line num="2206" count="0" type="stmt"/>
        <line num="2211" count="0" type="cond" truecount="0" falsecount="2"/>
        <line num="2216" count="0" type="cond" truecount="0" falsecount="2"/>
        <line num="2221" count="0" type="cond" truecount="0" falsecount="2"/>
        <line num="2225" count="0" type="cond" truecount="0" falsecount="2"/>
        <line num="2229" count="0" type="cond" truecount="0" falsecount="2"/>
        <line num="2233" count="0" type="cond" truecount="0" falsecount="2"/>
        <line num="2237" count="0" type="cond" truecount="0" falsecount="2"/>
        <line num="2241" count="0" type="cond" truecount="0" falsecount="2"/>
        <line num="2245" count="0" type="cond" truecount="0" falsecount="2"/>
        <line num="2249" count="0" type="cond" truecount="0" falsecount="2"/>
        <line num="2253" count="0" type="cond" truecount="0" falsecount="2"/>
        <line num="2257" count="0" type="cond" truecount="0" falsecount="2"/>
        <line num="2261" count="0" type="cond" truecount="0" falsecount="2"/>
        <line num="2265" count="0" type="cond" truecount="0" falsecount="2"/>
        <line num="2301" count="0" type="stmt"/>
        <line num="2302" count="0" type="stmt"/>
        <line num="2305" count="0" type="stmt"/>
        <line num="2308" count="0" type="stmt"/>
        <line num="2309" count="0" type="cond" truecount="0" falsecount="2"/>
        <line num="2310" count="0" type="stmt"/>
        <line num="2313" count="0" type="cond" truecount="0" falsecount="2"/>
        <line num="2314" count="0" type="stmt"/>
        <line num="2331" count="0" type="stmt"/>
        <line num="2336" count="0" type="stmt"/>
        <line num="2338" count="0" type="cond" truecount="0" falsecount="6"/>
        <line num="2343" count="0" type="stmt"/>
        <line num="2344" count="0" type="stmt"/>
        <line num="2345" count="0" type="stmt"/>
        <line num="2346" count="0" type="stmt"/>
        <line num="2347" count="0" type="stmt"/>
        <line num="2348" count="0" type="stmt"/>
        <line num="2349" count="0" type="stmt"/>
        <line num="2350" count="0" type="stmt"/>
        <line num="2351" count="0" type="stmt"/>
        <line num="2353" count="0" type="stmt"/>
        <line num="2354" count="0" type="stmt"/>
        <line num="2355" count="0" type="cond" truecount="0" falsecount="2"/>
        <line num="2356" count="0" type="stmt"/>
        <line num="2357" count="0" type="cond" truecount="0" falsecount="2"/>
        <line num="2359" count="0" type="cond" truecount="0" falsecount="2"/>
        <line num="2360" count="0" type="stmt"/>
        <line num="2361" count="0" type="cond" truecount="0" falsecount="2"/>
        <line num="2362" count="0" type="cond" truecount="0" falsecount="2"/>
        <line num="2363" count="0" type="stmt"/>
        <line num="2364" count="0" type="stmt"/>
        <line num="2367" count="0" type="stmt"/>
        <line num="2368" count="0" type="stmt"/>
        <line num="2369" count="0" type="stmt"/>
        <line num="2370" count="0" type="stmt"/>
        <line num="2371" count="0" type="stmt"/>
        <line num="2372" count="0" type="cond" truecount="0" falsecount="2"/>
        <line num="2373" count="0" type="stmt"/>
        <line num="2375" count="0" type="stmt"/>
        <line num="2376" count="0" type="cond" truecount="0" falsecount="4"/>
        <line num="2377" count="0" type="stmt"/>
        <line num="2378" count="0" type="cond" truecount="0" falsecount="2"/>
        <line num="2379" count="0" type="stmt"/>
        <line num="2382" count="0" type="cond" truecount="0" falsecount="2"/>
        <line num="2383" count="0" type="cond" truecount="0" falsecount="2"/>
        <line num="2384" count="0" type="cond" truecount="0" falsecount="4"/>
        <line num="2386" count="0" type="stmt"/>
        <line num="2389" count="0" type="stmt"/>
        <line num="2391" count="0" type="stmt"/>
        <line num="2392" count="0" type="cond" truecount="0" falsecount="5"/>
        <line num="2393" count="0" type="stmt"/>
        <line num="2394" count="0" type="stmt"/>
        <line num="2395" count="0" type="cond" truecount="0" falsecount="4"/>
        <line num="2399" count="0" type="stmt"/>
        <line num="2400" count="0" type="stmt"/>
        <line num="2401" count="0" type="cond" truecount="0" falsecount="2"/>
        <line num="2402" count="0" type="stmt"/>
        <line num="2403" count="0" type="cond" truecount="0" falsecount="2"/>
        <line num="2404" count="0" type="stmt"/>
        <line num="2405" count="0" type="stmt"/>
        <line num="2406" count="0" type="cond" truecount="0" falsecount="2"/>
        <line num="2408" count="0" type="cond" truecount="0" falsecount="2"/>
        <line num="2409" count="0" type="cond" truecount="0" falsecount="2"/>
        <line num="2410" count="0" type="stmt"/>
        <line num="2411" count="0" type="stmt"/>
        <line num="2412" count="0" type="stmt"/>
        <line num="2414" count="0" type="stmt"/>
        <line num="2418" count="0" type="stmt"/>
        <line num="2419" count="0" type="stmt"/>
        <line num="2420" count="0" type="cond" truecount="0" falsecount="2"/>
        <line num="2421" count="0" type="stmt"/>
        <line num="2422" count="0" type="cond" truecount="0" falsecount="2"/>
        <line num="2423" count="0" type="stmt"/>
        <line num="2424" count="0" type="stmt"/>
        <line num="2425" count="0" type="cond" truecount="0" falsecount="2"/>
        <line num="2427" count="0" type="cond" truecount="0" falsecount="2"/>
        <line num="2428" count="0" type="cond" truecount="0" falsecount="2"/>
        <line num="2429" count="0" type="cond" truecount="0" falsecount="2"/>
        <line num="2430" count="0" type="stmt"/>
        <line num="2431" count="0" type="stmt"/>
        <line num="2432" count="0" type="stmt"/>
        <line num="2434" count="0" type="stmt"/>
        <line num="2438" count="0" type="stmt"/>
        <line num="2465" count="0" type="stmt"/>
        <line num="2482" count="0" type="stmt"/>
        <line num="2488" count="0" type="cond" truecount="0" falsecount="14"/>
        <line num="2490" count="0" type="cond" truecount="0" falsecount="2"/>
        <line num="2491" count="0" type="cond" truecount="0" falsecount="2"/>
        <line num="2492" count="0" type="cond" truecount="0" falsecount="2"/>
        <line num="2494" count="0" type="stmt"/>
        <line num="2495" count="0" type="cond" truecount="0" falsecount="4"/>
        <line num="2507" count="0" type="stmt"/>
        <line num="2508" count="0" type="stmt"/>
        <line num="2512" count="0" type="stmt"/>
        <line num="2515" count="0" type="stmt"/>
        <line num="2516" count="0" type="stmt"/>
        <line num="2520" count="0" type="cond" truecount="0" falsecount="2"/>
        <line num="2522" count="0" type="stmt"/>
        <line num="2523" count="0" type="stmt"/>
        <line num="2524" count="0" type="stmt"/>
        <line num="2525" count="0" type="cond" truecount="0" falsecount="2"/>
        <line num="2526" count="0" type="stmt"/>
        <line num="2528" count="0" type="cond" truecount="0" falsecount="2"/>
        <line num="2529" count="0" type="stmt"/>
        <line num="2540" count="0" type="stmt"/>
        <line num="2545" count="0" type="stmt"/>
        <line num="2553" count="0" type="stmt"/>
        <line num="2560" count="3" type="stmt"/>
        <line num="2561" count="3" type="cond" truecount="1" falsecount="1"/>
        <line num="2562" count="3" type="cond" truecount="1" falsecount="1"/>
        <line num="2563" count="3" type="stmt"/>
        <line num="2564" count="3" type="stmt"/>
        <line num="2565" count="3" type="stmt"/>
        <line num="2566" count="3" type="stmt"/>
        <line num="2567" count="3" type="stmt"/>
        <line num="2568" count="3" type="cond" truecount="0" falsecount="6"/>
        <line num="2569" count="3" type="cond" truecount="1" falsecount="4"/>
        <line num="2570" count="3" type="stmt"/>
        <line num="2579" count="3" type="stmt"/>
      </file>
      <file name="AdminLayout.module.css" path="C:\Users\ricardo.moretti\Documents\codecraft-frontend\src\admin\AdminLayout.module.css">
        <metrics statements="0" coveredstatements="0" conditionals="0" coveredconditionals="0" methods="0" coveredmethods="0"/>
      </file>
    </package>
    <package name="assets">
      <metrics statements="0" coveredstatements="0" conditionals="0" coveredconditionals="0" methods="0" coveredmethods="0"/>
      <file name="hero-background.svg" path="C:\Users\ricardo.moretti\Documents\codecraft-frontend\src\assets\hero-background.svg">
        <metrics statements="0" coveredstatements="0" conditionals="0" coveredconditionals="0" methods="0" coveredmethods="0"/>
      </file>
      <file name="logo-codecraft.svg" path="C:\Users\ricardo.moretti\Documents\codecraft-frontend\src\assets\logo-codecraft.svg">
        <metrics statements="0" coveredstatements="0" conditionals="0" coveredconditionals="0" methods="0" coveredmethods="0"/>
      </file>
    </package>
    <package name="components">
      <metrics statements="73" coveredstatements="54" conditionals="202" coveredconditionals="115" methods="8" coveredmethods="5"/>
      <file name="CardDirectPayment.jsx" path="C:\Users\ricardo.moretti\Documents\codecraft-frontend\src\components\CardDirectPayment.jsx">
        <metrics statements="73" coveredstatements="54" conditionals="202" coveredconditionals="115" methods="8" coveredmethods="5"/>
        <line num="8" count="2" type="cond" truecount="2" falsecount="0"/>
        <line num="9" count="33" type="stmt"/>
        <line num="10" count="33" type="stmt"/>
        <line num="11" count="33" type="stmt"/>
        <line num="12" count="33" type="stmt"/>
        <line num="23" count="33" type="stmt"/>
        <line num="24" count="9" type="cond" truecount="3" falsecount="0"/>
        <line num="26" count="9" type="cond" truecount="1" falsecount="1"/>
        <line num="29" count="9" type="cond" truecount="1" falsecount="1"/>
        <line num="30" count="0" type="stmt"/>
        <line num="31" count="0" type="stmt"/>
        <line num="32" count="0" type="stmt"/>
        <line num="33" count="0" type="cond" truecount="0" falsecount="2"/>
        <line num="34" count="0" type="stmt"/>
        <line num="35" count="0" type="cond" truecount="0" falsecount="4"/>
        <line num="37" count="0" type="cond" truecount="0" falsecount="2"/>
        <line num="38" count="0" type="cond" truecount="0" falsecount="2"/>
        <line num="39" count="0" type="stmt"/>
        <line num="41" count="0" type="stmt"/>
        <line num="43" count="0" type="stmt"/>
        <line num="47" count="33" type="stmt"/>
        <line num="58" count="33" type="stmt"/>
        <line num="59" count="9" type="stmt"/>
        <line num="60" count="9" type="stmt"/>
        <line num="61" count="9" type="cond" truecount="1" falsecount="1"/>
        <line num="62" count="9" type="stmt"/>
        <line num="63" count="9" type="cond" truecount="1" falsecount="1"/>
        <line num="64" count="9" type="cond" truecount="3" falsecount="1"/>
        <line num="65" count="9" type="cond" truecount="3" falsecount="2"/>
        <line num="66" count="9" type="cond" truecount="2" falsecount="0"/>
        <line num="67" count="9" type="cond" truecount="3" falsecount="2"/>
        <line num="68" count="9" type="cond" truecount="3" falsecount="2"/>
        <line num="69" count="9" type="cond" truecount="2" falsecount="1"/>
        <line num="70" count="9" type="cond" truecount="1" falsecount="1"/>
        <line num="71" count="9" type="cond" truecount="1" falsecount="1"/>
        <line num="72" count="9" type="cond" truecount="1" falsecount="1"/>
        <line num="73" count="9" type="cond" truecount="3" falsecount="0"/>
        <line num="74" count="9" type="cond" truecount="2" falsecount="0"/>
        <line num="75" count="1" type="cond" truecount="2" falsecount="0"/>
        <line num="76" count="1" type="cond" truecount="2" falsecount="2"/>
        <line num="77" count="0" type="stmt"/>
        <line num="78" count="0" type="cond" truecount="0" falsecount="4"/>
        <line num="81" count="9" type="cond" truecount="2" falsecount="0"/>
        <line num="82" count="8" type="cond" truecount="1" falsecount="1"/>
        <line num="83" count="8" type="cond" truecount="1" falsecount="1"/>
        <line num="84" count="8" type="cond" truecount="1" falsecount="1"/>
        <line num="86" count="8" type="stmt"/>
        <line num="114" count="9" type="cond" truecount="2" falsecount="0"/>
        <line num="115" count="8" type="cond" truecount="5" falsecount="4"/>
        <line num="116" count="9" type="stmt"/>
        <line num="117" count="2" type="cond" truecount="1" falsecount="2"/>
        <line num="118" count="9" type="cond" truecount="1" falsecount="1"/>
        <line num="119" count="2" type="cond" truecount="5" falsecount="1"/>
        <line num="121" count="0" type="cond" truecount="0" falsecount="3"/>
        <line num="122" count="0" type="cond" truecount="0" falsecount="3"/>
        <line num="123" count="0" type="cond" truecount="0" falsecount="6"/>
        <line num="124" count="0" type="stmt"/>
        <line num="125" count="0" type="stmt"/>
        <line num="128" count="7" type="stmt"/>
        <line num="129" count="7" type="cond" truecount="1" falsecount="1"/>
        <line num="130" count="7" type="stmt"/>
        <line num="131" count="7" type="cond" truecount="1" falsecount="1"/>
        <line num="132" count="7" type="cond" truecount="6" falsecount="0"/>
        <line num="133" count="5" type="cond" truecount="4" falsecount="0"/>
        <line num="134" count="4" type="cond" truecount="6" falsecount="3"/>
        <line num="135" count="3" type="cond" truecount="4" falsecount="1"/>
        <line num="137" count="3" type="cond" truecount="1" falsecount="3"/>
        <line num="138" count="3" type="cond" truecount="1" falsecount="2"/>
        <line num="140" count="0" type="cond" truecount="0" falsecount="2"/>
        <line num="144" count="33" type="cond" truecount="0" falsecount="2"/>
        <line num="145" count="33" type="stmt"/>
        <line num="147" count="33" type="stmt"/>
        <line num="164" count="33" type="stmt"/>
      </file>
    </package>
    <package name="components.Challenges">
      <metrics statements="25" coveredstatements="0" conditionals="33" coveredconditionals="0" methods="6" coveredmethods="0"/>
      <file name="ChallengeCard.jsx" path="C:\Users\ricardo.moretti\Documents\codecraft-frontend\src\components\Challenges\ChallengeCard.jsx">
        <metrics statements="25" coveredstatements="0" conditionals="33" coveredconditionals="0" methods="6" coveredmethods="0"/>
        <line num="8" count="0" type="stmt"/>
        <line num="12" count="0" type="stmt"/>
        <line num="13" count="0" type="stmt"/>
        <line num="14" count="0" type="stmt"/>
        <line num="15" count="0" type="stmt"/>
        <line num="16" count="0" type="stmt"/>
        <line num="17" count="0" type="stmt"/>
        <line num="18" count="0" type="stmt"/>
        <line num="19" count="0" type="stmt"/>
        <line num="23" count="0" type="cond" truecount="0" falsecount="2"/>
        <line num="24" count="0" type="stmt"/>
        <line num="25" count="0" type="cond" truecount="0" falsecount="2"/>
        <line num="26" count="0" type="cond" truecount="0" falsecount="2"/>
        <line num="27" count="0" type="cond" truecount="0" falsecount="2"/>
        <line num="28" count="0" type="cond" truecount="0" falsecount="2"/>
        <line num="29" count="0" type="stmt"/>
        <line num="31" count="0" type="stmt"/>
        <line num="32" count="0" type="cond" truecount="0" falsecount="2"/>
        <line num="33" count="0" type="cond" truecount="0" falsecount="2"/>
        <line num="34" count="0" type="cond" truecount="0" falsecount="2"/>
        <line num="35" count="0" type="cond" truecount="0" falsecount="2"/>
        <line num="36" count="0" type="cond" truecount="0" falsecount="2"/>
        <line num="37" count="0" type="stmt"/>
        <line num="40" count="0" type="stmt"/>
        <line num="48" count="0" type="cond" truecount="0" falsecount="2"/>
      </file>
      <file name="ChallengeCard.module.css" path="C:\Users\ricardo.moretti\Documents\codecraft-frontend\src\components\Challenges\ChallengeCard.module.css">
        <metrics statements="0" coveredstatements="0" conditionals="0" coveredconditionals="0" methods="0" coveredmethods="0"/>
      </file>
    </package>
    <package name="components.Navbar">
      <metrics statements="10" coveredstatements="8" conditionals="18" coveredconditionals="9" methods="4" coveredmethods="2"/>
      <file name="Navbar.jsx" path="C:\Users\ricardo.moretti\Documents\codecraft-frontend\src\components\Navbar\Navbar.jsx">
        <metrics statements="10" coveredstatements="8" conditionals="18" coveredconditionals="9" methods="4" coveredmethods="2"/>
        <line num="14" count="1" type="stmt"/>
        <line num="16" count="6" type="stmt"/>
        <line num="19" count="6" type="stmt"/>
        <line num="22" count="6" type="stmt"/>
        <line num="23" count="0" type="stmt"/>
        <line num="27" count="6" type="stmt"/>
        <line num="28" count="0" type="stmt"/>
        <line num="32" count="6" type="stmt"/>
        <line num="33" count="42" type="stmt"/>
        <line num="36" count="6" type="stmt"/>
      </file>
      <file name="Navbar.module.css" path="C:\Users\ricardo.moretti\Documents\codecraft-frontend\src\components\Navbar\Navbar.module.css">
        <metrics statements="0" coveredstatements="0" conditionals="0" coveredconditionals="0" methods="0" coveredmethods="0"/>
      </file>
    </package>
    <package name="components.Projects">
      <metrics statements="34" coveredstatements="26" conditionals="68" coveredconditionals="35" methods="6" coveredmethods="5"/>
      <file name="ProjectCard.jsx" path="C:\Users\ricardo.moretti\Documents\codecraft-frontend\src\components\Projects\ProjectCard.jsx">
        <metrics statements="34" coveredstatements="26" conditionals="68" coveredconditionals="35" methods="6" coveredmethods="5"/>
        <line num="19" count="3" type="stmt"/>
        <line num="23" count="34" type="stmt"/>
        <line num="30" count="34" type="stmt"/>
        <line num="31" count="34" type="cond" truecount="1" falsecount="1"/>
        <line num="32" count="0" type="stmt"/>
        <line num="33" count="0" type="cond" truecount="0" falsecount="2"/>
        <line num="42" count="34" type="stmt"/>
        <line num="43" count="23" type="cond" truecount="1" falsecount="1"/>
        <line num="44" count="23" type="cond" truecount="1" falsecount="1"/>
        <line num="45" count="0" type="stmt"/>
        <line num="53" count="34" type="stmt"/>
        <line num="54" count="34" type="cond" truecount="1" falsecount="1"/>
        <line num="55" count="34" type="cond" truecount="1" falsecount="1"/>
        <line num="56" count="34" type="stmt"/>
        <line num="64" count="34" type="stmt"/>
        <line num="65" count="34" type="cond" truecount="2" falsecount="11"/>
        <line num="68" count="0" type="stmt"/>
        <line num="73" count="0" type="stmt"/>
        <line num="76" count="0" type="stmt"/>
        <line num="79" count="0" type="stmt"/>
        <line num="81" count="34" type="stmt"/>
        <line num="84" count="34" type="cond" truecount="2" falsecount="0"/>
        <line num="85" count="34" type="cond" truecount="1" falsecount="1"/>
        <line num="86" count="34" type="stmt"/>
        <line num="87" count="34" type="cond" truecount="3" falsecount="1"/>
        <line num="88" count="34" type="cond" truecount="2" falsecount="2"/>
        <line num="89" count="34" type="cond" truecount="2" falsecount="1"/>
        <line num="90" count="34" type="cond" truecount="2" falsecount="1"/>
        <line num="91" count="34" type="cond" truecount="1" falsecount="1"/>
        <line num="94" count="34" type="cond" truecount="4" falsecount="0"/>
        <line num="95" count="34" type="cond" truecount="4" falsecount="0"/>
        <line num="96" count="34" type="cond" truecount="1" falsecount="1"/>
        <line num="100" count="34" type="stmt"/>
        <line num="143" count="0" type="stmt"/>
      </file>
      <file name="ProjectCard.module.css" path="C:\Users\ricardo.moretti\Documents\codecraft-frontend\src\components\Projects\ProjectCard.module.css">
        <metrics statements="0" coveredstatements="0" conditionals="0" coveredconditionals="0" methods="0" coveredmethods="0"/>
      </file>
    </package>
    <package name="context">
      <metrics statements="4" coveredstatements="4" conditionals="2" coveredconditionals="1" methods="1" coveredmethods="1"/>
      <file name="AuthCore.js" path="C:\Users\ricardo.moretti\Documents\codecraft-frontend\src\context\AuthCore.js">
        <metrics statements="1" coveredstatements="1" conditionals="0" coveredconditionals="0" methods="0" coveredmethods="0"/>
        <line num="5" count="3" type="stmt"/>
      </file>
      <file name="useAuth.js" path="C:\Users\ricardo.moretti\Documents\codecraft-frontend\src\context\useAuth.js">
        <metrics statements="3" coveredstatements="3" conditionals="2" coveredconditionals="1" methods="1" coveredmethods="1"/>
        <line num="7" count="6" type="stmt"/>
        <line num="8" count="6" type="cond" truecount="1" falsecount="1"/>
        <line num="9" count="6" type="stmt"/>
      </file>
    </package>
    <package name="hooks">
      <metrics statements="299" coveredstatements="53" conditionals="244" coveredconditionals="34" methods="67" coveredmethods="7"/>
      <file name="useAdminRepo.js" path="C:\Users\ricardo.moretti\Documents\codecraft-frontend\src\hooks\useAdminRepo.js">
        <metrics statements="299" coveredstatements="53" conditionals="244" coveredconditionals="34" methods="67" coveredmethods="7"/>
        <line num="13" count="2" type="cond" truecount="1" falsecount="5"/>
        <line num="18" count="2" type="stmt"/>
        <line num="19" count="2" type="stmt"/>
        <line num="20" count="2" type="stmt"/>
        <line num="22" count="2" type="stmt"/>
        <line num="23" count="1" type="stmt"/>
        <line num="24" count="1" type="stmt"/>
        <line num="25" count="1" type="cond" truecount="1" falsecount="1"/>
        <line num="26" count="1" type="stmt"/>
        <line num="31" count="1" type="cond" truecount="3" falsecount="1"/>
        <line num="32" count="0" type="stmt"/>
        <line num="33" count="0" type="stmt"/>
        <line num="34" count="0" type="stmt"/>
        <line num="35" count="0" type="stmt"/>
        <line num="38" count="1" type="stmt"/>
        <line num="39" count="1" type="stmt"/>
        <line num="40" count="1" type="cond" truecount="1" falsecount="1"/>
        <line num="41" count="1" type="cond" truecount="1" falsecount="1"/>
        <line num="42" count="1" type="cond" truecount="1" falsecount="1"/>
        <line num="45" count="0" type="cond" truecount="0" falsecount="2"/>
        <line num="46" count="0" type="stmt"/>
        <line num="47" count="0" type="cond" truecount="0" falsecount="2"/>
        <line num="48" count="0" type="cond" truecount="0" falsecount="4"/>
        <line num="51" count="1" type="stmt"/>
        <line num="52" count="1" type="cond" truecount="1" falsecount="1"/>
        <line num="53" count="1" type="stmt"/>
        <line num="58" count="2" type="stmt"/>
        <line num="59" count="1" type="stmt"/>
        <line num="63" count="2" type="stmt"/>
        <line num="68" count="0" type="stmt"/>
        <line num="70" count="0" type="cond" truecount="0" falsecount="6"/>
        <line num="75" count="0" type="cond" truecount="0" falsecount="2"/>
        <line num="76" count="0" type="stmt"/>
        <line num="78" count="0" type="stmt"/>
        <line num="79" count="0" type="stmt"/>
        <line num="80" count="0" type="cond" truecount="0" falsecount="2"/>
        <line num="81" count="0" type="stmt"/>
        <line num="83" count="0" type="stmt"/>
        <line num="85" count="0" type="stmt"/>
        <line num="88" count="4" type="stmt"/>
        <line num="90" count="0" type="stmt"/>
        <line num="91" count="0" type="cond" truecount="0" falsecount="2"/>
        <line num="92" count="0" type="stmt"/>
        <line num="95" count="0" type="stmt"/>
        <line num="96" count="0" type="cond" truecount="0" falsecount="2"/>
        <line num="97" count="0" type="stmt"/>
        <line num="100" count="0" type="stmt"/>
        <line num="101" count="0" type="cond" truecount="0" falsecount="2"/>
        <line num="102" count="0" type="stmt"/>
        <line num="109" count="0" type="stmt"/>
        <line num="124" count="0" type="stmt"/>
        <line num="125" count="0" type="stmt"/>
        <line num="126" count="0" type="cond" truecount="0" falsecount="2"/>
        <line num="129" count="0" type="stmt"/>
        <line num="130" count="0" type="stmt"/>
        <line num="131" count="0" type="stmt"/>
        <line num="133" count="0" type="stmt"/>
        <line num="136" count="0" type="stmt"/>
        <line num="139" count="4" type="stmt"/>
        <line num="141" count="0" type="stmt"/>
        <line num="143" count="0" type="stmt"/>
        <line num="154" count="0" type="cond" truecount="0" falsecount="2"/>
        <line num="155" count="0" type="stmt"/>
        <line num="157" count="0" type="stmt"/>
        <line num="159" count="0" type="stmt"/>
        <line num="160" count="0" type="stmt"/>
        <line num="162" count="0" type="stmt"/>
        <line num="167" count="0" type="stmt"/>
        <line num="168" count="0" type="stmt"/>
        <line num="169" count="0" type="stmt"/>
        <line num="170" count="0" type="stmt"/>
        <line num="172" count="0" type="stmt"/>
        <line num="177" count="0" type="stmt"/>
        <line num="179" count="0" type="stmt"/>
        <line num="180" count="0" type="stmt"/>
        <line num="181" count="0" type="cond" truecount="0" falsecount="2"/>
        <line num="182" count="0" type="stmt"/>
        <line num="185" count="0" type="stmt"/>
        <line num="186" count="0" type="stmt"/>
        <line num="187" count="0" type="stmt"/>
        <line num="189" count="0" type="stmt"/>
        <line num="195" count="0" type="cond" truecount="0" falsecount="4"/>
        <line num="196" count="0" type="stmt"/>
        <line num="203" count="2" type="cond" truecount="1" falsecount="5"/>
        <line num="208" count="2" type="stmt"/>
        <line num="209" count="1" type="cond" truecount="1" falsecount="1"/>
        <line num="211" count="1" type="stmt"/>
        <line num="212" count="1" type="cond" truecount="1" falsecount="1"/>
        <line num="213" count="1" type="stmt"/>
        <line num="215" count="1" type="stmt"/>
        <line num="216" count="0" type="cond" truecount="0" falsecount="2"/>
        <line num="217" count="1" type="cond" truecount="1" falsecount="1"/>
        <line num="218" count="0" type="stmt"/>
        <line num="221" count="0" type="cond" truecount="0" falsecount="2"/>
        <line num="222" count="0" type="cond" truecount="0" falsecount="2"/>
        <line num="223" count="0" type="stmt"/>
        <line num="224" count="0" type="cond" truecount="0" falsecount="2"/>
        <line num="225" count="0" type="cond" truecount="0" falsecount="2"/>
        <line num="226" count="0" type="stmt"/>
        <line num="228" count="0" type="stmt"/>
        <line num="230" count="1" type="cond" truecount="1" falsecount="1"/>
        <line num="231" count="1" type="cond" truecount="3" falsecount="0"/>
        <line num="232" count="1" type="cond" truecount="5" falsecount="0"/>
        <line num="233" count="1" type="cond" truecount="2" falsecount="0"/>
        <line num="234" count="1" type="stmt"/>
        <line num="236" count="1" type="cond" truecount="6" falsecount="1"/>
        <line num="237" count="1" type="cond" truecount="1" falsecount="1"/>
        <line num="238" count="1" type="stmt"/>
        <line num="240" count="1" type="stmt"/>
        <line num="241" count="1" type="cond" truecount="1" falsecount="1"/>
        <line num="242" count="1" type="cond" truecount="1" falsecount="1"/>
        <line num="243" count="1" type="stmt"/>
        <line num="245" count="1" type="stmt"/>
        <line num="247" count="0" type="stmt"/>
        <line num="251" count="2" type="stmt"/>
        <line num="252" count="2" type="stmt"/>
        <line num="253" count="0" type="stmt"/>
        <line num="255" count="2" type="stmt"/>
        <line num="258" count="2" type="stmt"/>
        <line num="261" count="4" type="stmt"/>
        <line num="263" count="0" type="stmt"/>
        <line num="264" count="0" type="stmt"/>
        <line num="276" count="0" type="stmt"/>
        <line num="277" count="0" type="stmt"/>
        <line num="278" count="0" type="stmt"/>
        <line num="280" count="0" type="stmt"/>
        <line num="285" count="0" type="stmt"/>
        <line num="286" count="0" type="stmt"/>
        <line num="298" count="0" type="stmt"/>
        <line num="299" count="0" type="stmt"/>
        <line num="300" count="0" type="stmt"/>
        <line num="302" count="0" type="stmt"/>
        <line num="307" count="0" type="stmt"/>
        <line num="308" count="0" type="stmt"/>
        <line num="309" count="0" type="stmt"/>
        <line num="310" count="0" type="stmt"/>
        <line num="312" count="0" type="stmt"/>
        <line num="319" count="0" type="stmt"/>
        <line num="320" count="0" type="stmt"/>
        <line num="321" count="0" type="stmt"/>
        <line num="333" count="0" type="cond" truecount="0" falsecount="2"/>
        <line num="334" count="0" type="stmt"/>
        <line num="335" count="0" type="stmt"/>
        <line num="337" count="0" type="stmt"/>
        <line num="342" count="0" type="stmt"/>
        <line num="343" count="0" type="cond" truecount="0" falsecount="4"/>
        <line num="344" count="0" type="cond" truecount="0" falsecount="2"/>
        <line num="345" count="0" type="cond" truecount="0" falsecount="4"/>
        <line num="346" count="0" type="stmt"/>
        <line num="347" count="0" type="stmt"/>
        <line num="348" count="0" type="stmt"/>
        <line num="350" count="0" type="stmt"/>
        <line num="359" count="0" type="stmt"/>
        <line num="361" count="0" type="stmt"/>
        <line num="362" count="0" type="stmt"/>
        <line num="363" count="0" type="stmt"/>
        <line num="365" count="0" type="stmt"/>
        <line num="368" count="0" type="stmt"/>
        <line num="371" count="4" type="stmt"/>
        <line num="373" count="0" type="stmt"/>
        <line num="374" count="0" type="stmt"/>
        <line num="375" count="0" type="stmt"/>
        <line num="376" count="0" type="stmt"/>
        <line num="378" count="0" type="stmt"/>
        <line num="383" count="0" type="stmt"/>
        <line num="384" count="0" type="stmt"/>
        <line num="385" count="0" type="stmt"/>
        <line num="386" count="0" type="stmt"/>
        <line num="388" count="0" type="stmt"/>
        <line num="393" count="0" type="stmt"/>
        <line num="394" count="0" type="stmt"/>
        <line num="395" count="0" type="stmt"/>
        <line num="396" count="0" type="stmt"/>
        <line num="398" count="0" type="stmt"/>
        <line num="405" count="0" type="stmt"/>
        <line num="406" count="0" type="stmt"/>
        <line num="413" count="0" type="stmt"/>
        <line num="414" count="0" type="stmt"/>
        <line num="417" count="0" type="cond" truecount="0" falsecount="1"/>
        <line num="418" count="0" type="stmt"/>
        <line num="419" count="0" type="stmt"/>
        <line num="421" count="0" type="cond" truecount="0" falsecount="4"/>
        <line num="422" count="0" type="stmt"/>
        <line num="423" count="0" type="stmt"/>
        <line num="424" count="0" type="stmt"/>
        <line num="425" count="0" type="stmt"/>
        <line num="428" count="0" type="stmt"/>
        <line num="429" count="0" type="stmt"/>
        <line num="430" count="0" type="stmt"/>
        <line num="432" count="0" type="cond" truecount="0" falsecount="2"/>
        <line num="433" count="0" type="cond" truecount="0" falsecount="2"/>
        <line num="434" count="0" type="cond" truecount="0" falsecount="2"/>
        <line num="442" count="0" type="cond" truecount="0" falsecount="2"/>
        <line num="445" count="0" type="stmt"/>
        <line num="446" count="0" type="stmt"/>
        <line num="447" count="0" type="stmt"/>
        <line num="449" count="0" type="stmt"/>
        <line num="453" count="0" type="stmt"/>
        <line num="454" count="0" type="stmt"/>
        <line num="457" count="0" type="stmt"/>
        <line num="458" count="0" type="stmt"/>
        <line num="459" count="0" type="stmt"/>
        <line num="462" count="0" type="stmt"/>
        <line num="463" count="0" type="stmt"/>
        <line num="466" count="0" type="stmt"/>
        <line num="472" count="0" type="stmt"/>
        <line num="473" count="0" type="stmt"/>
        <line num="477" count="4" type="stmt"/>
        <line num="479" count="0" type="stmt"/>
        <line num="480" count="0" type="stmt"/>
        <line num="481" count="0" type="stmt"/>
        <line num="482" count="0" type="stmt"/>
        <line num="484" count="0" type="stmt"/>
        <line num="489" count="0" type="stmt"/>
        <line num="490" count="0" type="stmt"/>
        <line num="491" count="0" type="stmt"/>
        <line num="492" count="0" type="stmt"/>
        <line num="494" count="0" type="stmt"/>
        <line num="499" count="0" type="stmt"/>
        <line num="500" count="0" type="stmt"/>
        <line num="501" count="0" type="stmt"/>
        <line num="502" count="0" type="stmt"/>
        <line num="504" count="0" type="stmt"/>
        <line num="511" count="0" type="stmt"/>
        <line num="512" count="0" type="stmt"/>
        <line num="513" count="0" type="stmt"/>
        <line num="514" count="0" type="cond" truecount="0" falsecount="4"/>
        <line num="516" count="0" type="cond" truecount="0" falsecount="3"/>
        <line num="517" count="0" type="cond" truecount="0" falsecount="6"/>
        <line num="519" count="0" type="stmt"/>
        <line num="520" count="0" type="cond" truecount="0" falsecount="4"/>
        <line num="522" count="0" type="stmt"/>
        <line num="527" count="4" type="stmt"/>
        <line num="529" count="0" type="stmt"/>
        <line num="530" count="0" type="stmt"/>
        <line num="536" count="0" type="cond" truecount="0" falsecount="2"/>
        <line num="537" count="0" type="stmt"/>
        <line num="540" count="0" type="stmt"/>
        <line num="541" count="0" type="stmt"/>
        <line num="542" count="0" type="stmt"/>
        <line num="544" count="0" type="stmt"/>
        <line num="549" count="0" type="stmt"/>
        <line num="550" count="0" type="stmt"/>
        <line num="556" count="0" type="cond" truecount="0" falsecount="2"/>
        <line num="557" count="0" type="stmt"/>
        <line num="560" count="0" type="stmt"/>
        <line num="561" count="0" type="stmt"/>
        <line num="562" count="0" type="stmt"/>
        <line num="564" count="0" type="stmt"/>
        <line num="569" count="0" type="stmt"/>
        <line num="570" count="0" type="stmt"/>
        <line num="575" count="0" type="cond" truecount="0" falsecount="2"/>
        <line num="576" count="0" type="stmt"/>
        <line num="579" count="0" type="stmt"/>
        <line num="580" count="0" type="stmt"/>
        <line num="581" count="0" type="stmt"/>
        <line num="583" count="0" type="stmt"/>
        <line num="588" count="0" type="stmt"/>
        <line num="589" count="0" type="stmt"/>
        <line num="590" count="0" type="cond" truecount="0" falsecount="2"/>
        <line num="591" count="0" type="cond" truecount="0" falsecount="2"/>
[...]
        <line num="83" count="0" type="stmt"/>
        <line num="84" count="0" type="stmt"/>
        <line num="89" count="0" type="cond" truecount="0" falsecount="2"/>
        <line num="90" count="0" type="stmt"/>
        <line num="91" count="0" type="cond" truecount="0" falsecount="2"/>
        <line num="92" count="0" type="stmt"/>
        <line num="93" count="0" type="stmt"/>
        <line num="95" count="0" type="stmt"/>
        <line num="102" count="4" type="cond" truecount="3" falsecount="1"/>
        <line num="103" count="4" type="cond" truecount="2" falsecount="0"/>
        <line num="109" count="0" type="stmt"/>
        <line num="110" count="0" type="cond" truecount="0" falsecount="2"/>
        <line num="111" count="0" type="cond" truecount="0" falsecount="2"/>
        <line num="112" count="0" type="stmt"/>
        <line num="117" count="0" type="stmt"/>
        <line num="118" count="0" type="stmt"/>
        <line num="123" count="0" type="cond" truecount="0" falsecount="5"/>
        <line num="124" count="0" type="stmt"/>
        <line num="126" count="0" type="stmt"/>
        <line num="131" count="0" type="cond" truecount="0" falsecount="5"/>
        <line num="132" count="0" type="stmt"/>
        <line num="134" count="0" type="cond" truecount="0" falsecount="5"/>
        <line num="135" count="0" type="stmt"/>
        <line num="137" count="0" type="stmt"/>
        <line num="142" count="0" type="stmt"/>
        <line num="143" count="0" type="stmt"/>
        <line num="148" count="0" type="stmt"/>
        <line num="153" count="0" type="stmt"/>
        <line num="158" count="0" type="stmt"/>
        <line num="163" count="0" type="stmt"/>
        <line num="164" count="0" type="stmt"/>
        <line num="169" count="0" type="cond" truecount="0" falsecount="2"/>
        <line num="170" count="0" type="stmt"/>
        <line num="175" count="0" type="cond" truecount="0" falsecount="2"/>
        <line num="176" count="0" type="stmt"/>
      </file>
      <file name="mentorAPI.js" path="C:\Users\ricardo.moretti\Documents\codecraft-frontend\src\services\mentorAPI.js">
        <metrics statements="12" coveredstatements="0" conditionals="6" coveredconditionals="0" methods="5" coveredmethods="0"/>
        <line num="12" count="0" type="cond" truecount="0" falsecount="1"/>
        <line num="13" count="0" type="cond" truecount="0" falsecount="2"/>
        <line num="14" count="0" type="stmt"/>
        <line num="15" count="0" type="cond" truecount="0" falsecount="2"/>
        <line num="24" count="0" type="stmt"/>
        <line num="25" count="0" type="stmt"/>
        <line num="34" count="0" type="stmt"/>
        <line num="38" count="0" type="stmt"/>
        <line num="48" count="0" type="stmt"/>
        <line num="52" count="0" type="stmt"/>
        <line num="61" count="0" type="stmt"/>
        <line num="62" count="0" type="stmt"/>
      </file>
      <file name="projectsAPI.js" path="C:\Users\ricardo.moretti\Documents\codecraft-frontend\src\services\projectsAPI.js">
        <metrics statements="84" coveredstatements="39" conditionals="105" coveredconditionals="57" methods="14" coveredmethods="6"/>
        <line num="12" count="0" type="stmt"/>
        <line num="13" count="0" type="stmt"/>
        <line num="14" count="0" type="stmt"/>
        <line num="15" count="0" type="stmt"/>
        <line num="25" count="5" type="cond" truecount="0" falsecount="1"/>
        <line num="26" count="0" type="stmt"/>
        <line num="27" count="0" type="stmt"/>
        <line num="29" count="0" type="stmt"/>
        <line num="30" count="0" type="cond" truecount="0" falsecount="5"/>
        <line num="31" count="0" type="stmt"/>
        <line num="35" count="0" type="cond" truecount="0" falsecount="2"/>
        <line num="38" count="0" type="stmt"/>
        <line num="42" count="0" type="cond" truecount="0" falsecount="2"/>
        <line num="46" count="0" type="stmt"/>
        <line num="48" count="0" type="stmt"/>
        <line num="49" count="0" type="stmt"/>
        <line num="58" count="5" type="cond" truecount="0" falsecount="1"/>
        <line num="59" count="0" type="stmt"/>
        <line num="60" count="0" type="stmt"/>
        <line num="65" count="0" type="stmt"/>
        <line num="67" count="0" type="stmt"/>
        <line num="68" count="0" type="stmt"/>
        <line num="77" count="5" type="stmt"/>
        <line num="78" count="0" type="stmt"/>
        <line num="79" count="0" type="cond" truecount="0" falsecount="2"/>
        <line num="80" count="0" type="stmt"/>
        <line num="83" count="0" type="stmt"/>
        <line num="85" count="0" type="stmt"/>
        <line num="89" count="0" type="cond" truecount="0" falsecount="2"/>
        <line num="91" count="0" type="stmt"/>
        <line num="92" count="0" type="stmt"/>
        <line num="97" count="5" type="cond" truecount="1" falsecount="0"/>
        <line num="98" count="4" type="stmt"/>
        <line num="99" count="4" type="cond" truecount="1" falsecount="1"/>
        <line num="100" count="4" type="cond" truecount="4" falsecount="1"/>
        <line num="101" count="4" type="stmt"/>
        <line num="104" count="4" type="cond" truecount="1" falsecount="1"/>
        <line num="105" count="4" type="stmt"/>
        <line num="106" count="3" type="stmt"/>
        <line num="111" count="0" type="stmt"/>
        <line num="115" count="0" type="cond" truecount="0" falsecount="3"/>
        <line num="119" count="0" type="stmt"/>
        <line num="123" count="0" type="cond" truecount="0" falsecount="3"/>
        <line num="127" count="1" type="stmt"/>
        <line num="130" count="1" type="cond" truecount="3" falsecount="0"/>
        <line num="134" count="0" type="stmt"/>
        <line num="135" count="0" type="cond" truecount="0" falsecount="2"/>
        <line num="145" count="5" type="cond" truecount="1" falsecount="0"/>
        <line num="155" count="2" type="stmt"/>
        <line num="158" count="2" type="stmt"/>
        <line num="163" count="2" type="cond" truecount="1" falsecount="1"/>
        <line num="164" count="0" type="stmt"/>
        <line num="165" count="0" type="cond" truecount="0" falsecount="2"/>
        <line num="166" count="0" type="stmt"/>
        <line num="167" count="0" type="stmt"/>
        <line num="171" count="2" type="stmt"/>
        <line num="173" count="2" type="stmt"/>
        <line num="180" count="2" type="cond" truecount="1" falsecount="1"/>
        <line num="181" count="2" type="cond" truecount="1" falsecount="1"/>
        <line num="182" count="2" type="cond" truecount="1" falsecount="1"/>
        <line num="184" count="2" type="cond" truecount="2" falsecount="0"/>
        <line num="185" count="1" type="stmt"/>
        <line num="189" count="2" type="stmt"/>
        <line num="190" count="2" type="stmt"/>
        <line num="193" count="2" type="stmt"/>
        <line num="201" count="2" type="cond" truecount="1" falsecount="3"/>
        <line num="202" count="2" type="stmt"/>
        <line num="204" count="8" type="stmt"/>
        <line num="218" count="2" type="cond" truecount="2" falsecount="0"/>
        <line num="219" count="1" type="stmt"/>
        <line num="220" count="4" type="cond" truecount="1" falsecount="1"/>
        <line num="221" count="4" type="cond" truecount="2" falsecount="0"/>
        <line num="225" count="2" type="stmt"/>
        <line num="227" count="2" type="stmt"/>
        <line num="244" count="2" type="cond" truecount="1" falsecount="1"/>
        <line num="245" count="0" type="stmt"/>
        <line num="249" count="2" type="cond" truecount="2" falsecount="2"/>
        <line num="250" count="0" type="stmt"/>
        <line num="251" count="0" type="stmt"/>
        <line num="254" count="2" type="stmt"/>
        <line num="257" count="0" type="stmt"/>
        <line num="260" count="0" type="cond" truecount="0" falsecount="4"/>
        <line num="261" count="0" type="stmt"/>
        <line num="264" count="0" type="stmt"/>
      </file>
      <file name="rankingAPI.js" path="C:\Users\ricardo.moretti\Documents\codecraft-frontend\src\services\rankingAPI.js">
        <metrics statements="28" coveredstatements="0" conditionals="18" coveredconditionals="0" methods="10" coveredmethods="0"/>
        <line num="10" count="0" type="stmt"/>
        <line num="22" count="0" type="stmt"/>
        <line num="34" count="0" type="stmt"/>
        <line num="45" count="0" type="stmt"/>
        <line num="46" count="0" type="cond" truecount="0" falsecount="2"/>
        <line num="55" count="0" type="stmt"/>
        <line num="73" count="0" type="stmt"/>
        <line num="74" count="0" type="stmt"/>
        <line num="75" count="0" type="cond" truecount="0" falsecount="2"/>
        <line num="76" count="0" type="cond" truecount="0" falsecount="2"/>
        <line num="77" count="0" type="cond" truecount="0" falsecount="2"/>
        <line num="78" count="0" type="cond" truecount="0" falsecount="2"/>
        <line num="79" count="0" type="cond" truecount="0" falsecount="2"/>
        <line num="80" count="0" type="cond" truecount="0" falsecount="2"/>
        <line num="82" count="0" type="cond" truecount="0" falsecount="2"/>
        <line num="83" count="0" type="stmt"/>
        <line num="85" count="0" type="stmt"/>
        <line num="86" count="0" type="stmt"/>
        <line num="96" count="0" type="stmt"/>
        <line num="97" count="0" type="stmt"/>
        <line num="99" count="0" type="stmt"/>
        <line num="100" count="0" type="stmt"/>
        <line num="110" count="0" type="stmt"/>
        <line num="114" count="0" type="stmt"/>
        <line num="124" count="0" type="stmt"/>
        <line num="128" count="0" type="stmt"/>
        <line num="137" count="0" type="stmt"/>
        <line num="138" count="0" type="stmt"/>
      </file>
      <file name="userAPI.js" path="C:\Users\ricardo.moretti\Documents\codecraft-frontend\src\services\userAPI.js">
        <metrics statements="38" coveredstatements="0" conditionals="40" coveredconditionals="0" methods="9" coveredmethods="0"/>
        <line num="10" count="0" type="stmt"/>
        <line num="11" count="0" type="stmt"/>
        <line num="12" count="0" type="cond" truecount="0" falsecount="2"/>
        <line num="17" count="0" type="stmt"/>
        <line num="25" count="0" type="stmt"/>
        <line num="26" count="0" type="stmt"/>
        <line num="31" count="0" type="stmt"/>
        <line num="32" count="0" type="stmt"/>
        <line num="41" count="0" type="stmt"/>
        <line num="43" count="0" type="stmt"/>
        <line num="54" count="0" type="stmt"/>
        <line num="65" count="0" type="stmt"/>
        <line num="66" count="0" type="stmt"/>
        <line num="80" count="0" type="stmt"/>
        <line num="82" count="0" type="stmt"/>
        <line num="89" count="0" type="cond" truecount="0" falsecount="2"/>
        <line num="90" count="0" type="stmt"/>
        <line num="92" count="0" type="stmt"/>
        <line num="97" count="0" type="stmt"/>
        <line num="108" count="0" type="stmt"/>
        <line num="109" count="0" type="stmt"/>
        <line num="122" count="0" type="stmt"/>
        <line num="124" count="0" type="stmt"/>
        <line num="128" count="0" type="stmt"/>
        <line num="139" count="0" type="stmt"/>
        <line num="140" count="0" type="stmt"/>
        <line num="156" count="0" type="stmt"/>
        <line num="157" count="0" type="stmt"/>
        <line num="167" count="0" type="cond" truecount="0" falsecount="2"/>
        <line num="169" count="0" type="stmt"/>
        <line num="174" count="0" type="stmt"/>
        <line num="175" count="0" type="stmt"/>
        <line num="179" count="0" type="cond" truecount="0" falsecount="2"/>
        <line num="181" count="0" type="stmt"/>
        <line num="186" count="0" type="stmt"/>
        <line num="187" count="0" type="stmt"/>
        <line num="191" count="0" type="cond" truecount="0" falsecount="2"/>
        <line num="193" count="0" type="stmt"/>
      </file>
    </package>
    <package name="utils">
      <metrics statements="126" coveredstatements="38" conditionals="107" coveredconditionals="30" methods="23" coveredmethods="8"/>
      <file name="appModel.js" path="C:\Users\ricardo.moretti\Documents\codecraft-frontend\src\utils\appModel.js">
        <metrics statements="4" coveredstatements="2" conditionals="7" coveredconditionals="2" methods="2" coveredmethods="1"/>
        <line num="6" count="0" type="cond" truecount="0" falsecount="5"/>
        <line num="7" count="0" type="stmt"/>
        <line num="12" count="48" type="stmt"/>
        <line num="13" count="48" type="cond" truecount="2" falsecount="0"/>
      </file>
      <file name="dataCache.js" path="C:\Users\ricardo.moretti\Documents\codecraft-frontend\src\utils\dataCache.js">
        <metrics statements="95" coveredstatements="36" conditionals="72" coveredconditionals="28" methods="17" coveredmethods="7"/>
        <line num="8" count="12" type="stmt"/>
        <line num="9" count="12" type="stmt"/>
        <line num="10" count="12" type="stmt"/>
        <line num="22" count="2" type="stmt"/>
        <line num="25" count="14" type="stmt"/>
        <line num="26" count="14" type="stmt"/>
        <line num="29" count="2" type="stmt"/>
        <line num="36" count="0" type="stmt"/>
        <line num="38" count="0" type="stmt"/>
        <line num="45" count="0" type="stmt"/>
        <line num="46" count="0" type="stmt"/>
        <line num="53" count="0" type="stmt"/>
        <line num="55" count="0" type="cond" truecount="0" falsecount="2"/>
        <line num="56" count="0" type="stmt"/>
        <line num="57" count="0" type="stmt"/>
        <line num="61" count="0" type="cond" truecount="0" falsecount="2"/>
        <line num="62" count="0" type="stmt"/>
        <line num="63" count="0" type="stmt"/>
        <line num="64" count="0" type="stmt"/>
        <line num="65" count="0" type="stmt"/>
        <line num="69" count="0" type="stmt"/>
        <line num="70" count="0" type="stmt"/>
        <line num="72" count="0" type="stmt"/>
        <line num="79" count="0" type="stmt"/>
        <line num="81" count="0" type="cond" truecount="0" falsecount="2"/>
        <line num="83" count="0" type="cond" truecount="0" falsecount="2"/>
        <line num="84" count="0" type="stmt"/>
        <line num="85" count="0" type="stmt"/>
        <line num="86" count="0" type="stmt"/>
        <line num="89" count="0" type="stmt"/>
        <line num="96" count="0" type="stmt"/>
        <line num="97" count="0" type="cond" truecount="0" falsecount="2"/>
        <line num="98" count="0" type="stmt"/>
        <line num="100" count="0" type="stmt"/>
        <line num="107" count="0" type="stmt"/>
        <line num="108" count="0" type="stmt"/>
        <line num="110" count="0" type="stmt"/>
        <line num="111" count="0" type="cond" truecount="0" falsecount="2"/>
        <line num="112" count="0" type="stmt"/>
        <line num="113" count="0" type="stmt"/>
        <line num="117" count="0" type="stmt"/>
        <line num="118" count="0" type="stmt"/>
        <line num="125" count="0" type="stmt"/>
        <line num="126" count="0" type="stmt"/>
        <line num="127" count="0" type="stmt"/>
        <line num="128" count="0" type="stmt"/>
        <line num="135" count="0" type="stmt"/>
        <line num="136" count="0" type="cond" truecount="0" falsecount="2"/>
        <line num="138" count="0" type="stmt"/>
        <line num="150" count="0" type="stmt"/>
        <line num="151" count="0" type="stmt"/>
        <line num="153" count="0" type="stmt"/>
        <line num="154" count="0" type="stmt"/>
        <line num="164" count="0" type="stmt"/>
        <line num="172" count="6" type="stmt"/>
        <line num="173" count="6" type="stmt"/>
        <line num="179" count="4" type="stmt"/>
        <line num="181" count="4" type="stmt"/>
        <line num="182" count="4" type="stmt"/>
        <line num="185" count="4" type="stmt"/>
        <line num="186" count="16" type="cond" truecount="5" falsecount="0"/>
        <line num="187" count="4" type="stmt"/>
        <line num="192" count="4" type="cond" truecount="1" falsecount="1"/>
        <line num="194" count="4" type="cond" truecount="4" falsecount="1"/>
        <line num="195" count="0" type="stmt"/>
        <line num="199" count="4" type="cond" truecount="4" falsecount="1"/>
        <line num="200" count="0" type="stmt"/>
        <line num="204" count="4" type="cond" truecount="4" falsecount="0"/>
        <line num="205" count="1" type="stmt"/>
        <line num="209" count="4" type="cond" truecount="2" falsecount="2"/>
        <line num="210" count="0" type="stmt"/>
        <line num="214" count="4" type="cond" truecount="2" falsecount="2"/>
        <line num="215" count="0" type="stmt"/>
        <line num="219" count="4" type="stmt"/>
        <line num="229" count="2" type="cond" truecount="1" falsecount="1"/>
        <line num="230" count="0" type="stmt"/>
        <line num="238" count="2" type="stmt"/>
        <line num="239" count="2" type="stmt"/>
        <line num="240" count="2" type="stmt"/>
        <line num="242" count="2" type="stmt"/>
        <line num="243" count="4" type="stmt"/>
        <line num="245" count="4" type="cond" truecount="2" falsecount="0"/>
        <line num="246" count="2" type="stmt"/>
        <line num="248" count="2" type="stmt"/>
        <line num="253" count="2" type="stmt"/>
        <line num="257" count="2" type="stmt"/>
        <line num="275" count="0" type="cond" truecount="0" falsecount="4"/>
        <line num="276" count="0" type="stmt"/>
        <line num="279" count="0" type="stmt"/>
        <line num="291" count="0" type="stmt"/>
        <line num="292" count="0" type="cond" truecount="0" falsecount="2"/>
        <line num="293" count="0" type="stmt"/>
        <line num="297" count="0" type="stmt"/>
        <line num="302" count="6" type="stmt"/>
        <line num="305" count="6" type="stmt"/>
      </file>
      <file name="urlSanitize.js" path="C:\Users\ricardo.moretti\Documents\codecraft-frontend\src\utils\urlSanitize.js">
        <metrics statements="27" coveredstatements="0" conditionals="28" coveredconditionals="0" methods="4" coveredmethods="0"/>
        <line num="5" count="0" type="stmt"/>
        <line num="6" count="0" type="cond" truecount="0" falsecount="4"/>
        <line num="8" count="0" type="cond" truecount="0" falsecount="2"/>
        <line num="9" count="0" type="cond" truecount="0" falsecount="2"/>
        <line num="10" count="0" type="cond" truecount="0" falsecount="2"/>
        <line num="11" count="0" type="cond" truecount="0" falsecount="2"/>
        <line num="12" count="0" type="stmt"/>
        <line num="15" count="0" type="stmt"/>
        <line num="16" count="0" type="cond" truecount="0" falsecount="2"/>
        <line num="17" count="0" type="cond" truecount="0" falsecount="4"/>
        <line num="19" count="0" type="stmt"/>
        <line num="23" count="0" type="cond" truecount="0" falsecount="4"/>
        <line num="24" count="0" type="stmt"/>
        <line num="27" count="0" type="stmt"/>
        <line num="28" count="0" type="cond" truecount="0" falsecount="2"/>
        <line num="29" count="0" type="stmt"/>
        <line num="32" count="0" type="stmt"/>
        <line num="35" count="0" type="stmt"/>
        <line num="40" count="0" type="cond" truecount="0" falsecount="2"/>
        <line num="41" count="0" type="stmt"/>
        <line num="42" count="0" type="stmt"/>
        <line num="43" count="0" type="stmt"/>
        <line num="44" count="0" type="stmt"/>
        <line num="45" count="0" type="stmt"/>
        <line num="46" count="0" type="cond" truecount="0" falsecount="2"/>
        <line num="48" count="0" type="stmt"/>
        <line num="50" count="0" type="stmt"/>
      </file>
    </package>
  </project>
</coverage>
