{"C:\\Users\\ricardo.moretti\\Documents\\codecraft-frontend\\src\\admin\\AdminCommon.css": {"path":"C:\\Users\\ricardo.moretti\\Documents\\codecraft-frontend\\src\\admin\\AdminCommon.css","statementMap":{},"fnMap":{},"branchMap":{},"s":{},"f":{},"b":{},"meta":{"lastBranch":0,"lastFunction":0,"lastStatement":0,"seen":{}}}
,"C:\\Users\\ricardo.moretti\\Documents\\codecraft-frontend\\src\\admin\\AdminIdeias.css": {"path":"C:\\Users\\ricardo.moretti\\Documents\\codecraft-frontend\\src\\admin\\AdminIdeias.css","statementMap":{},"fnMap":{},"branchMap":{},"s":{},"f":{},"b":{},"meta":{"lastBranch":0,"lastFunction":0,"lastStatement":0,"seen":{}}}
,"C:\\Users\\ricardo.moretti\\Documents\\codecraft-frontend\\src\\admin\\AdminIdeias.jsx": {"path":"C:\\Users\\ricardo.moretti\\Documents\\codecraft-frontend\\src\\admin\\AdminIdeias.jsx","statementMap":{"0":{"start":{"line":6,"column":19},"end":{"line":47,"column":null}},"1":{"start":{"line":9,"column":4},"end":{"line":30,"column":null}},"2":{"start":{"line":35,"column":4},"end":{"line":35,"column":null}},"3":{"start":{"line":40,"column":4},"end":{"line":40,"column":null}},"4":{"start":{"line":45,"column":4},"end":{"line":45,"column":null}},"5":{"start":{"line":50,"column":26},"end":{"line":50,"column":null}},"6":{"start":{"line":51,"column":28},"end":{"line":51,"column":null}},"7":{"start":{"line":52,"column":24},"end":{"line":52,"column":null}},"8":{"start":{"line":53,"column":34},"end":{"line":53,"column":null}},"9":{"start":{"line":54,"column":22},"end":{"line":54,"column":null}},"10":{"start":{"line":55,"column":46},"end":{"line":55,"column":null}},"11":{"start":{"line":56,"column":42},"end":{"line":56,"column":null}},"12":{"start":{"line":58,"column":25},"end":{"line":69,"column":null}},"13":{"start":{"line":59,"column":4},"end":{"line":68,"column":null}},"14":{"start":{"line":60,"column":6},"end":{"line":60,"column":null}},"15":{"start":{"line":61,"column":6},"end":{"line":61,"column":null}},"16":{"start":{"line":62,"column":20},"end":{"line":62,"column":null}},"17":{"start":{"line":63,"column":6},"end":{"line":63,"column":null}},"18":{"start":{"line":65,"column":6},"end":{"line":65,"column":null}},"19":{"start":{"line":67,"column":6},"end":{"line":67,"column":null}},"20":{"start":{"line":71,"column":2},"end":{"line":73,"column":null}},"21":{"start":{"line":72,"column":4},"end":{"line":72,"column":null}},"22":{"start":{"line":75,"column":27},"end":{"line":91,"column":null}},"23":{"start":{"line":76,"column":4},"end":{"line":76,"column":null}},"24":{"start":{"line":77,"column":4},"end":{"line":80,"column":null}},"25":{"start":{"line":78,"column":6},"end":{"line":78,"column":null}},"26":{"start":{"line":79,"column":6},"end":{"line":79,"column":null}},"27":{"start":{"line":82,"column":4},"end":{"line":90,"column":null}},"28":{"start":{"line":83,"column":24},"end":{"line":83,"column":null}},"29":{"start":{"line":84,"column":6},"end":{"line":84,"column":null}},"30":{"start":{"line":85,"column":6},"end":{"line":85,"column":null}},"31":{"start":{"line":86,"column":6},"end":{"line":86,"column":null}},"32":{"start":{"line":87,"column":6},"end":{"line":87,"column":null}},"33":{"start":{"line":89,"column":6},"end":{"line":89,"column":null}},"34":{"start":{"line":93,"column":22},"end":{"line":104,"column":null}},"35":{"start":{"line":94,"column":4},"end":{"line":103,"column":null}},"36":{"start":{"line":95,"column":6},"end":{"line":95,"column":null}},"37":{"start":{"line":96,"column":6},"end":{"line":100,"column":null}},"38":{"start":{"line":97,"column":8},"end":{"line":99,"column":null}},"39":{"start":{"line":102,"column":6},"end":{"line":102,"column":null}},"40":{"start":{"line":106,"column":36},"end":{"line":141,"column":null}},"41":{"start":{"line":107,"column":4},"end":{"line":110,"column":null}},"42":{"start":{"line":108,"column":6},"end":{"line":108,"column":null}},"43":{"start":{"line":109,"column":6},"end":{"line":109,"column":null}},"44":{"start":{"line":112,"column":4},"end":{"line":140,"column":null}},"45":{"start":{"line":113,"column":6},"end":{"line":117,"column":null}},"46":{"start":{"line":119,"column":6},"end":{"line":134,"column":null}},"47":{"start":{"line":120,"column":8},"end":{"line":133,"column":null}},"48":{"start":{"line":136,"column":6},"end":{"line":136,"column":null}},"49":{"start":{"line":137,"column":6},"end":{"line":137,"column":null}},"50":{"start":{"line":139,"column":6},"end":{"line":139,"column":null}},"51":{"start":{"line":143,"column":23},"end":{"line":151,"column":null}},"52":{"start":{"line":144,"column":4},"end":{"line":150,"column":null}},"53":{"start":{"line":153,"column":2},"end":{"line":162,"column":null}},"54":{"start":{"line":154,"column":4},"end":{"line":160,"column":null}},"55":{"start":{"line":164,"column":2},"end":{"line":176,"column":null}},"56":{"start":{"line":165,"column":4},"end":{"line":174,"column":null}},"57":{"start":{"line":178,"column":2},"end":{"line":315,"column":null}},"58":{"start":{"line":188,"column":25},"end":{"line":188,"column":null}},"59":{"start":{"line":205,"column":33},"end":{"line":205,"column":null}},"60":{"start":{"line":216,"column":33},"end":{"line":216,"column":null}},"61":{"start":{"line":229,"column":31},"end":{"line":229,"column":null}},"62":{"start":{"line":246,"column":12},"end":{"line":311,"column":null}},"63":{"start":{"line":262,"column":33},"end":{"line":262,"column":null}},"64":{"start":{"line":270,"column":33},"end":{"line":270,"column":null}},"65":{"start":{"line":282,"column":39},"end":{"line":282,"column":null}},"66":{"start":{"line":287,"column":37},"end":{"line":287,"column":null}},"67":{"start":{"line":297,"column":24},"end":{"line":305,"column":null}}},"fnMap":{"0":{"name":"(anonymous_0)","decl":{"start":{"line":7,"column":8},"end":{"line":7,"column":17}},"loc":{"start":{"line":7,"column":17},"end":{"line":31,"column":null}},"line":7},"1":{"name":"(anonymous_1)","decl":{"start":{"line":33,"column":8},"end":{"line":33,"column":15}},"loc":{"start":{"line":33,"column":22},"end":{"line":36,"column":null}},"line":33},"2":{"name":"(anonymous_2)","decl":{"start":{"line":38,"column":8},"end":{"line":38,"column":13}},"loc":{"start":{"line":38,"column":22},"end":{"line":41,"column":null}},"line":38},"3":{"name":"(anonymous_3)","decl":{"start":{"line":43,"column":8},"end":{"line":43,"column":19}},"loc":{"start":{"line":43,"column":40},"end":{"line":46,"column":null}},"line":43},"4":{"name":"AdminIdeias","decl":{"start":{"line":49,"column":24},"end":{"line":49,"column":38}},"loc":{"start":{"line":49,"column":38},"end":{"line":317,"column":null}},"line":49},"5":{"name":"(anonymous_5)","decl":{"start":{"line":58,"column":25},"end":{"line":58,"column":37}},"loc":{"start":{"line":58,"column":37},"end":{"line":69,"column":null}},"line":58},"6":{"name":"(anonymous_6)","decl":{"start":{"line":71,"column":12},"end":{"line":71,"column":18}},"loc":{"start":{"line":71,"column":18},"end":{"line":73,"column":5}},"line":71},"7":{"name":"(anonymous_7)","decl":{"start":{"line":75,"column":27},"end":{"line":75,"column":34}},"loc":{"start":{"line":75,"column":40},"end":{"line":91,"column":null}},"line":75},"8":{"name":"(anonymous_8)","decl":{"start":{"line":93,"column":22},"end":{"line":93,"column":29}},"loc":{"start":{"line":93,"column":41},"end":{"line":104,"column":null}},"line":93},"9":{"name":"(anonymous_9)","decl":{"start":{"line":96,"column":27},"end":{"line":96,"column":null}},"loc":{"start":{"line":97,"column":8},"end":{"line":99,"column":null}},"line":97},"10":{"name":"(anonymous_10)","decl":{"start":{"line":106,"column":36},"end":{"line":106,"column":43}},"loc":{"start":{"line":106,"column":55},"end":{"line":141,"column":null}},"line":106},"11":{"name":"(anonymous_11)","decl":{"start":{"line":119,"column":27},"end":{"line":119,"column":null}},"loc":{"start":{"line":120,"column":8},"end":{"line":133,"column":null}},"line":120},"12":{"name":"(anonymous_12)","decl":{"start":{"line":143,"column":23},"end":{"line":143,"column":24}},"loc":{"start":{"line":143,"column":36},"end":{"line":151,"column":null}},"line":143},"13":{"name":"(anonymous_13)","decl":{"start":{"line":188,"column":19},"end":{"line":188,"column":25}},"loc":{"start":{"line":188,"column":25},"end":{"line":188,"column":null}},"line":188},"14":{"name":"(anonymous_14)","decl":{"start":{"line":205,"column":26},"end":{"line":205,"column":27}},"loc":{"start":{"line":205,"column":33},"end":{"line":205,"column":null}},"line":205},"15":{"name":"(anonymous_15)","decl":{"start":{"line":216,"column":26},"end":{"line":216,"column":27}},"loc":{"start":{"line":216,"column":33},"end":{"line":216,"column":null}},"line":216},"16":{"name":"(anonymous_16)","decl":{"start":{"line":229,"column":25},"end":{"line":229,"column":31}},"loc":{"start":{"line":229,"column":31},"end":{"line":229,"column":null}},"line":229},"17":{"name":"(anonymous_17)","decl":{"start":{"line":245,"column":21},"end":{"line":245,"column":22}},"loc":{"start":{"line":246,"column":12},"end":{"line":311,"column":null}},"line":246},"18":{"name":"(anonymous_18)","decl":{"start":{"line":262,"column":27},"end":{"line":262,"column":33}},"loc":{"start":{"line":262,"column":33},"end":{"line":262,"column":null}},"line":262},"19":{"name":"(anonymous_19)","decl":{"start":{"line":270,"column":27},"end":{"line":270,"column":33}},"loc":{"start":{"line":270,"column":33},"end":{"line":270,"column":null}},"line":270},"20":{"name":"(anonymous_20)","decl":{"start":{"line":282,"column":32},"end":{"line":282,"column":33}},"loc":{"start":{"line":282,"column":39},"end":{"line":282,"column":null}},"line":282},"21":{"name":"(anonymous_21)","decl":{"start":{"line":287,"column":31},"end":{"line":287,"column":37}},"loc":{"start":{"line":287,"column":37},"end":{"line":287,"column":null}},"line":287},"22":{"name":"(anonymous_22)","decl":{"start":{"line":296,"column":45},"end":{"line":296,"column":46}},"loc":{"start":{"line":297,"column":24},"end":{"line":305,"column":null}},"line":297}},"branchMap":{"0":{"loc":{"start":{"line":77,"column":4},"end":{"line":80,"column":null}},"type":"if","locations":[{"start":{"line":77,"column":4},"end":{"line":80,"column":null}},{"start":{},"end":{}}],"line":77},"1":{"loc":{"start":{"line":77,"column":8},"end":{"line":77,"column":55}},"type":"binary-expr","locations":[{"start":{"line":77,"column":8},"end":{"line":77,"column":31}},{"start":{"line":77,"column":31},"end":{"line":77,"column":55}}],"line":77},"2":{"loc":{"start":{"line":97,"column":8},"end":{"line":99,"column":null}},"type":"cond-expr","locations":[{"start":{"line":98,"column":12},"end":{"line":98,"column":null}},{"start":{"line":99,"column":12},"end":{"line":99,"column":null}}],"line":97},"3":{"loc":{"start":{"line":107,"column":4},"end":{"line":110,"column":null}},"type":"if","locations":[{"start":{"line":107,"column":4},"end":{"line":110,"column":null}},{"start":{},"end":{}}],"line":107},"4":{"loc":{"start":{"line":120,"column":8},"end":{"line":133,"column":null}},"type":"cond-expr","locations":[{"start":{"line":121,"column":12},"end":{"line":132,"column":null}},{"start":{"line":133,"column":12},"end":{"line":133,"column":null}}],"line":120},"5":{"loc":{"start":{"line":153,"column":2},"end":{"line":162,"column":null}},"type":"if","locations":[{"start":{"line":153,"column":2},"end":{"line":162,"column":null}},{"start":{},"end":{}}],"line":153},"6":{"loc":{"start":{"line":164,"column":2},"end":{"line":176,"column":null}},"type":"if","locations":[{"start":{"line":164,"column":2},"end":{"line":176,"column":null}},{"start":{},"end":{}}],"line":164},"7":{"loc":{"start":{"line":190,"column":11},"end":{"line":190,"column":null}},"type":"cond-expr","locations":[{"start":{"line":190,"column":24},"end":{"line":190,"column":39}},{"start":{"line":190,"column":39},"end":{"line":190,"column":null}}],"line":190},"8":{"loc":{"start":{"line":194,"column":7},"end":{"line":235,"column":null}},"type":"binary-expr","locations":[{"start":{"line":194,"column":7},"end":{"line":194,"column":null}},{"start":{"line":195,"column":8},"end":{"line":235,"column":null}}],"line":194},"9":{"loc":{"start":{"line":239,"column":9},"end":{"line":312,"column":null}},"type":"cond-expr","locations":[{"start":{"line":240,"column":10},"end":{"line":243,"column":null}},{"start":{"line":245,"column":10},"end":{"line":312,"column":null}}],"line":239},"10":{"loc":{"start":{"line":270,"column":53},"end":{"line":270,"column":100}},"type":"cond-expr","locations":[{"start":{"line":270,"column":85},"end":{"line":270,"column":92}},{"start":{"line":270,"column":92},"end":{"line":270,"column":100}}],"line":270},"11":{"loc":{"start":{"line":276,"column":15},"end":{"line":309,"column":null}},"type":"binary-expr","locations":[{"start":{"line":276,"column":15},"end":{"line":276,"column":null}},{"start":{"line":277,"column":16},"end":{"line":309,"column":null}}],"line":276},"12":{"loc":{"start":{"line":293,"column":19},"end":{"line":307,"column":null}},"type":"binary-expr","locations":[{"start":{"line":293,"column":19},"end":{"line":293,"column":null}},{"start":{"line":294,"column":20},"end":{"line":307,"column":null}}],"line":293}},"s":{"0":3,"1":0,"2":0,"3":0,"4":0,"5":0,"6":0,"7":0,"8":0,"9":0,"10":0,"11":0,"12":0,"13":0,"14":0,"15":0,"16":0,"17":0,"18":0,"19":0,"20":0,"21":0,"22":0,"23":0,"24":0,"25":0,"26":0,"27":0,"28":0,"29":0,"30":0,"31":0,"32":0,"33":0,"34":0,"35":0,"36":0,"37":0,"38":0,"39":0,"40":0,"41":0,"42":0,"43":0,"44":0,"45":0,"46":0,"47":0,"48":0,"49":0,"50":0,"51":0,"52":0,"53":0,"54":0,"55":0,"56":0,"57":0,"58":0,"59":0,"60":0,"61":0,"62":0,"63":0,"64":0,"65":0,"66":0,"67":0},"f":{"0":0,"1":0,"2":0,"3":0,"4":0,"5":0,"6":0,"7":0,"8":0,"9":0,"10":0,"11":0,"12":0,"13":0,"14":0,"15":0,"16":0,"17":0,"18":0,"19":0,"20":0,"21":0,"22":0},"b":{"0":[0,0],"1":[0,0],"2":[0,0],"3":[0,0],"4":[0,0],"5":[0,0],"6":[0,0],"7":[0,0],"8":[0,0],"9":[0,0],"10":[0,0],"11":[0,0],"12":[0,0]},"meta":{"lastBranch":13,"lastFunction":23,"lastStatement":68,"seen":{"s:6:19:47:Infinity":0,"f:7:8:7:17":0,"s:9:4:30:Infinity":1,"f:33:8:33:15":1,"s:35:4:35:Infinity":2,"f:38:8:38:13":2,"s:40:4:40:Infinity":3,"f:43:8:43:19":3,"s:45:4:45:Infinity":4,"f:49:24:49:38":4,"s:50:26:50:Infinity":5,"s:51:28:51:Infinity":6,"s:52:24:52:Infinity":7,"s:53:34:53:Infinity":8,"s:54:22:54:Infinity":9,"s:55:46:55:Infinity":10,"s:56:42:56:Infinity":11,"s:58:25:69:Infinity":12,"f:58:25:58:37":5,"s:59:4:68:Infinity":13,"s:60:6:60:Infinity":14,"s:61:6:61:Infinity":15,"s:62:20:62:Infinity":16,"s:63:6:63:Infinity":17,"s:65:6:65:Infinity":18,"s:67:6:67:Infinity":19,"s:71:2:73:Infinity":20,"f:71:12:71:18":6,"s:72:4:72:Infinity":21,"s:75:27:91:Infinity":22,"f:75:27:75:34":7,"s:76:4:76:Infinity":23,"b:77:4:80:Infinity:undefined:undefined:undefined:undefined":0,"s:77:4:80:Infinity":24,"b:77:8:77:31:77:31:77:55":1,"s:78:6:78:Infinity":25,"s:79:6:79:Infinity":26,"s:82:4:90:Infinity":27,"s:83:24:83:Infinity":28,"s:84:6:84:Infinity":29,"s:85:6:85:Infinity":30,"s:86:6:86:Infinity":31,"s:87:6:87:Infinity":32,"s:89:6:89:Infinity":33,"s:93:22:104:Infinity":34,"f:93:22:93:29":8,"s:94:4:103:Infinity":35,"s:95:6:95:Infinity":36,"s:96:6:100:Infinity":37,"f:96:27:96:Infinity":9,"s:97:8:99:Infinity":38,"b:98:12:98:Infinity:99:12:99:Infinity":2,"s:102:6:102:Infinity":39,"s:106:36:141:Infinity":40,"f:106:36:106:43":10,"b:107:4:110:Infinity:undefined:undefined:undefined:undefined":3,"s:107:4:110:Infinity":41,"s:108:6:108:Infinity":42,"s:109:6:109:Infinity":43,"s:112:4:140:Infinity":44,"s:113:6:117:Infinity":45,"s:119:6:134:Infinity":46,"f:119:27:119:Infinity":11,"s:120:8:133:Infinity":47,"b:121:12:132:Infinity:133:12:133:Infinity":4,"s:136:6:136:Infinity":48,"s:137:6:137:Infinity":49,"s:139:6:139:Infinity":50,"s:143:23:151:Infinity":51,"f:143:23:143:24":12,"s:144:4:150:Infinity":52,"b:153:2:162:Infinity:undefined:undefined:undefined:undefined":5,"s:153:2:162:Infinity":53,"s:154:4:160:Infinity":54,"b:164:2:176:Infinity:undefined:undefined:undefined:undefined":6,"s:164:2:176:Infinity":55,"s:165:4:174:Infinity":56,"s:178:2:315:Infinity":57,"f:188:19:188:25":13,"s:188:25:188:Infinity":58,"b:190:24:190:39:190:39:190:Infinity":7,"b:194:7:194:Infinity:195:8:235:Infinity":8,"f:205:26:205:27":14,"s:205:33:205:Infinity":59,"f:216:26:216:27":15,"s:216:33:216:Infinity":60,"f:229:25:229:31":16,"s:229:31:229:Infinity":61,"b:240:10:243:Infinity:245:10:312:Infinity":9,"f:245:21:245:22":17,"s:246:12:311:Infinity":62,"f:262:27:262:33":18,"s:262:33:262:Infinity":63,"f:270:27:270:33":19,"s:270:33:270:Infinity":64,"b:270:85:270:92:270:92:270:100":10,"b:276:15:276:Infinity:277:16:309:Infinity":11,"f:282:32:282:33":20,"s:282:39:282:Infinity":65,"f:287:31:287:37":21,"s:287:37:287:Infinity":66,"b:293:19:293:Infinity:294:20:307:Infinity":12,"f:296:45:296:46":22,"s:297:24:305:Infinity":67}}}
,"C:\\Users\\ricardo.moretti\\Documents\\codecraft-frontend\\src\\admin\\AdminLayout.jsx": {"path":"C:\\Users\\ricardo.moretti\\Documents\\codecraft-frontend\\src\\admin\\AdminLayout.jsx","statementMap":{"0":{"start":{"line":23,"column":32},"end":{"line":23,"column":null}},"1":{"start":{"line":24,"column":26},"end":{"line":24,"column":null}},"2":{"start":{"line":25,"column":42},"end":{"line":25,"column":null}},"3":{"start":{"line":26,"column":48},"end":{"line":26,"column":null}},"4":{"start":{"line":27,"column":32},"end":{"line":27,"column":null}},"5":{"start":{"line":28,"column":26},"end":{"line":28,"column":null}},"6":{"start":{"line":29,"column":30},"end":{"line":29,"column":null}},"7":{"start":{"line":30,"column":34},"end":{"line":30,"column":null}},"8":{"start":{"line":31,"column":19},"end":{"line":46,"column":null}},"9":{"start":{"line":32,"column":4},"end":{"line":45,"column":null}},"10":{"start":{"line":33,"column":17},"end":{"line":33,"column":null}},"11":{"start":{"line":34,"column":6},"end":{"line":34,"column":null}},"12":{"start":{"line":34,"column":15},"end":{"line":34,"column":null}},"13":{"start":{"line":35,"column":18},"end":{"line":35,"column":null}},"14":{"start":{"line":36,"column":18},"end":{"line":36,"column":null}},"15":{"start":{"line":37,"column":19},"end":{"line":37,"column":null}},"16":{"start":{"line":38,"column":6},"end":{"line":38,"column":null}},"17":{"start":{"line":39,"column":6},"end":{"line":39,"column":null}},"18":{"start":{"line":40,"column":6},"end":{"line":40,"column":null}},"19":{"start":{"line":41,"column":6},"end":{"line":41,"column":null}},"20":{"start":{"line":42,"column":6},"end":{"line":42,"column":null}},"21":{"start":{"line":43,"column":6},"end":{"line":43,"column":null}},"22":{"start":{"line":44,"column":6},"end":{"line":44,"column":null}},"23":{"start":{"line":44,"column":25},"end":{"line":44,"column":79}},"24":{"start":{"line":44,"column":31},"end":{"line":44,"column":43}},"25":{"start":{"line":44,"column":43},"end":{"line":44,"column":56}},"26":{"start":{"line":44,"column":70},"end":{"line":44,"column":77}},"27":{"start":{"line":45,"column":18},"end":{"line":45,"column":25}},"28":{"start":{"line":47,"column":19},"end":{"line":71,"column":null}},"29":{"start":{"line":48,"column":4},"end":{"line":70,"column":null}},"30":{"start":{"line":49,"column":6},"end":{"line":49,"column":null}},"31":{"start":{"line":50,"column":6},"end":{"line":50,"column":null}},"32":{"start":{"line":51,"column":25},"end":{"line":51,"column":null}},"33":{"start":{"line":52,"column":6},"end":{"line":52,"column":null}},"34":{"start":{"line":54,"column":23},"end":{"line":54,"column":null}},"35":{"start":{"line":54,"column":56},"end":{"line":54,"column":58}},"36":{"start":{"line":55,"column":26},"end":{"line":55,"column":null}},"37":{"start":{"line":56,"column":25},"end":{"line":65,"column":null}},"38":{"start":{"line":56,"column":47},"end":{"line":65,"column":8}},"39":{"start":{"line":66,"column":6},"end":{"line":66,"column":null}},"40":{"start":{"line":67,"column":6},"end":{"line":67,"column":null}},"41":{"start":{"line":69,"column":6},"end":{"line":69,"column":null}},"42":{"start":{"line":70,"column":16},"end":{"line":70,"column":35}},"43":{"start":{"line":74,"column":2},"end":{"line":76,"column":null}},"44":{"start":{"line":75,"column":4},"end":{"line":75,"column":null}},"45":{"start":{"line":79,"column":2},"end":{"line":86,"column":null}},"46":{"start":{"line":80,"column":33},"end":{"line":80,"column":null}},"47":{"start":{"line":80,"column":39},"end":{"line":80,"column":null}},"48":{"start":{"line":81,"column":32},"end":{"line":81,"column":null}},"49":{"start":{"line":81,"column":38},"end":{"line":81,"column":null}},"50":{"start":{"line":83,"column":19},"end":{"line":83,"column":null}},"51":{"start":{"line":84,"column":19},"end":{"line":84,"column":null}},"52":{"start":{"line":85,"column":4},"end":{"line":85,"column":null}},"53":{"start":{"line":85,"column":19},"end":{"line":85,"column":29}},"54":{"start":{"line":85,"column":29},"end":{"line":85,"column":39}},"55":{"start":{"line":88,"column":18},"end":{"line":88,"column":null}},"56":{"start":{"line":88,"column":25},"end":{"line":88,"column":null}},"57":{"start":{"line":89,"column":20},"end":{"line":95,"column":null}},"58":{"start":{"line":90,"column":14},"end":{"line":90,"column":null}},"59":{"start":{"line":91,"column":4},"end":{"line":91,"column":null}},"60":{"start":{"line":91,"column":42},"end":{"line":91,"column":null}},"61":{"start":{"line":92,"column":4},"end":{"line":92,"column":null}},"62":{"start":{"line":92,"column":83},"end":{"line":92,"column":null}},"63":{"start":{"line":93,"column":4},"end":{"line":93,"column":null}},"64":{"start":{"line":93,"column":39},"end":{"line":93,"column":null}},"65":{"start":{"line":94,"column":4},"end":{"line":94,"column":null}},"66":{"start":{"line":96,"column":24},"end":{"line":103,"column":null}},"67":{"start":{"line":97,"column":4},"end":{"line":97,"column":null}},"68":{"start":{"line":97,"column":18},"end":{"line":97,"column":null}},"69":{"start":{"line":98,"column":16},"end":{"line":98,"column":null}},"70":{"start":{"line":99,"column":17},"end":{"line":99,"column":null}},"71":{"start":{"line":100,"column":17},"end":{"line":100,"column":null}},"72":{"start":{"line":101,"column":15},"end":{"line":101,"column":null}},"73":{"start":{"line":102,"column":4},"end":{"line":102,"column":null}},"74":{"start":{"line":104,"column":27},"end":{"line":106,"column":null}},"75":{"start":{"line":105,"column":17},"end":{"line":105,"column":43}},"76":{"start":{"line":106,"column":17},"end":{"line":106,"column":70}},"77":{"start":{"line":108,"column":15},"end":{"line":108,"column":null}},"78":{"start":{"line":108,"column":35},"end":{"line":108,"column":57}},"79":{"start":{"line":109,"column":18},"end":{"line":113,"column":null}},"80":{"start":{"line":109,"column":39},"end":{"line":113,"column":6}},"81":{"start":{"line":114,"column":18},"end":{"line":116,"column":null}},"82":{"start":{"line":115,"column":4},"end":{"line":115,"column":null}},"83":{"start":{"line":115,"column":42},"end":{"line":115,"column":67}},"84":{"start":{"line":117,"column":18},"end":{"line":121,"column":null}},"85":{"start":{"line":122,"column":21},"end":{"line":122,"column":null}},"86":{"start":{"line":122,"column":41},"end":{"line":122,"column":111}},"87":{"start":{"line":124,"column":20},"end":{"line":138,"column":null}},"88":{"start":{"line":125,"column":17},"end":{"line":125,"column":null}},"89":{"start":{"line":126,"column":17},"end":{"line":133,"column":null}},"90":{"start":{"line":126,"column":43},"end":{"line":133,"column":5}},"91":{"start":{"line":134,"column":16},"end":{"line":134,"column":null}},"92":{"start":{"line":134,"column":50},"end":{"line":134,"column":61}},"93":{"start":{"line":135,"column":17},"end":{"line":135,"column":null}},"94":{"start":{"line":136,"column":16},"end":{"line":136,"column":null}},"95":{"start":{"line":137,"column":14},"end":{"line":137,"column":43}},"96":{"start":{"line":137,"column":43},"end":{"line":137,"column":57}},"97":{"start":{"line":137,"column":57},"end":{"line":137,"column":98}},"98":{"start":{"line":137,"column":98},"end":{"line":137,"column":109}},"99":{"start":{"line":137,"column":109},"end":{"line":137,"column":null}},"100":{"start":{"line":140,"column":2},"end":{"line":293,"column":null}},"101":{"start":{"line":148,"column":47},"end":{"line":148,"column":75}},"102":{"start":{"line":153,"column":44},"end":{"line":153,"column":69}},"103":{"start":{"line":157,"column":52},"end":{"line":157,"column":85}},"104":{"start":{"line":163,"column":55},"end":{"line":163,"column":91}},"105":{"start":{"line":188,"column":26},"end":{"line":188,"column":null}},"106":{"start":{"line":188,"column":61},"end":{"line":188,"column":68}},"107":{"start":{"line":189,"column":29},"end":{"line":193,"column":null}},"108":{"start":{"line":190,"column":27},"end":{"line":190,"column":null}},"109":{"start":{"line":191,"column":26},"end":{"line":191,"column":null}},"110":{"start":{"line":192,"column":16},"end":{"line":192,"column":null}},"111":{"start":{"line":194,"column":14},"end":{"line":205,"column":null}},"112":{"start":{"line":198,"column":31},"end":{"line":198,"column":null}},"113":{"start":{"line":199,"column":30},"end":{"line":199,"column":null}},"114":{"start":{"line":200,"column":20},"end":{"line":200,"column":null}},"115":{"start":{"line":203,"column":20},"end":{"line":203,"column":null}},"116":{"start":{"line":214,"column":26},"end":{"line":214,"column":null}},"117":{"start":{"line":214,"column":53},"end":{"line":214,"column":83}},"118":{"start":{"line":215,"column":21},"end":{"line":215,"column":25}},"119":{"start":{"line":215,"column":28},"end":{"line":215,"column":32}},"120":{"start":{"line":215,"column":34},"end":{"line":215,"column":null}},"121":{"start":{"line":216,"column":12},"end":{"line":222,"column":null}},"122":{"start":{"line":217,"column":14},"end":{"line":220,"column":null}},"123":{"start":{"line":223,"column":22},"end":{"line":223,"column":null}},"124":{"start":{"line":224,"column":12},"end":{"line":237,"column":null}},"125":{"start":{"line":227,"column":32},"end":{"line":227,"column":null}},"126":{"start":{"line":228,"column":33},"end":{"line":228,"column":57}},"127":{"start":{"line":228,"column":57},"end":{"line":228,"column":null}},"128":{"start":{"line":229,"column":31},"end":{"line":229,"column":null}},"129":{"start":{"line":230,"column":31},"end":{"line":230,"column":null}},"130":{"start":{"line":231,"column":29},"end":{"line":231,"column":53}},"131":{"start":{"line":231,"column":58},"end":{"line":231,"column":null}},"132":{"start":{"line":232,"column":29},"end":{"line":232,"column":51}},"133":{"start":{"line":232,"column":56},"end":{"line":232,"column":null}},"134":{"start":{"line":233,"column":35},"end":{"line":233,"column":null}},"135":{"start":{"line":234,"column":28},"end":{"line":234,"column":null}},"136":{"start":{"line":235,"column":18},"end":{"line":235,"column":null}},"137":{"start":{"line":241,"column":36},"end":{"line":241,"column":302}},"138":{"start":{"line":252,"column":14},"end":{"line":258,"column":null}},"139":{"start":{"line":281,"column":16},"end":{"line":287,"column":null}},"140":{"start":{"line":298,"column":46},"end":{"line":298,"column":null}},"141":{"start":{"line":299,"column":26},"end":{"line":299,"column":null}},"142":{"start":{"line":300,"column":26},"end":{"line":300,"column":null}},"143":{"start":{"line":301,"column":28},"end":{"line":301,"column":null}},"144":{"start":{"line":302,"column":26},"end":{"line":302,"column":null}},"145":{"start":{"line":303,"column":34},"end":{"line":303,"column":null}},"146":{"start":{"line":304,"column":19},"end":{"line":304,"column":null}},"147":{"start":{"line":305,"column":19},"end":{"line":309,"column":null}},"148":{"start":{"line":306,"column":4},"end":{"line":308,"column":null}},"149":{"start":{"line":310,"column":21},"end":{"line":310,"column":null}},"150":{"start":{"line":311,"column":20},"end":{"line":311,"column":null}},"151":{"start":{"line":312,"column":19},"end":{"line":317,"column":null}},"152":{"start":{"line":313,"column":4},"end":{"line":313,"column":null}},"153":{"start":{"line":314,"column":16},"end":{"line":314,"column":null}},"154":{"start":{"line":315,"column":4},"end":{"line":315,"column":null}},"155":{"start":{"line":316,"column":4},"end":{"line":316,"column":null}},"156":{"start":{"line":316,"column":16},"end":{"line":316,"column":32}},"157":{"start":{"line":316,"column":32},"end":{"line":316,"column":null}},"158":{"start":{"line":318,"column":50},"end":{"line":318,"column":null}},"159":{"start":{"line":320,"column":19},"end":{"line":328,"column":null}},"160":{"start":{"line":321,"column":19},"end":{"line":321,"column":null}},"161":{"start":{"line":322,"column":4},"end":{"line":322,"column":null}},"162":{"start":{"line":322,"column":20},"end":{"line":322,"column":null}},"163":{"start":{"line":323,"column":4},"end":{"line":323,"column":null}},"164":{"start":{"line":323,"column":21},"end":{"line":323,"column":null}},"165":{"start":{"line":324,"column":4},"end":{"line":324,"column":null}},"166":{"start":{"line":324,"column":56},"end":{"line":324,"column":null}},"167":{"start":{"line":325,"column":4},"end":{"line":325,"column":null}},"168":{"start":{"line":325,"column":24},"end":{"line":325,"column":null}},"169":{"start":{"line":326,"column":4},"end":{"line":326,"column":null}},"170":{"start":{"line":326,"column":51},"end":{"line":326,"column":null}},"171":{"start":{"line":327,"column":4},"end":{"line":327,"column":null}},"172":{"start":{"line":330,"column":27},"end":{"line":338,"column":null}},"173":{"start":{"line":331,"column":19},"end":{"line":331,"column":null}},"174":{"start":{"line":332,"column":4},"end":{"line":335,"column":null}},"175":{"start":{"line":333,"column":6},"end":{"line":333,"column":null}},"176":{"start":{"line":334,"column":6},"end":{"line":334,"column":null}},"177":{"start":{"line":336,"column":4},"end":{"line":336,"column":null}},"178":{"start":{"line":337,"column":4},"end":{"line":337,"column":null}},"179":{"start":{"line":340,"column":2},"end":{"line":490,"column":null}},"180":{"start":{"line":345,"column":105},"end":{"line":345,"column":131}},"181":{"start":{"line":345,"column":131},"end":{"line":345,"column":142}},"182":{"start":{"line":346,"column":88},"end":{"line":346,"column":118}},"183":{"start":{"line":348,"column":87},"end":{"line":348,"column":126}},"184":{"start":{"line":351,"column":28},"end":{"line":351,"column":null}},"185":{"start":{"line":352,"column":25},"end":{"line":352,"column":null}},"186":{"start":{"line":352,"column":43},"end":{"line":352,"column":95}},"187":{"start":{"line":353,"column":24},"end":{"line":353,"column":null}},"188":{"start":{"line":354,"column":25},"end":{"line":354,"column":null}},"189":{"start":{"line":355,"column":24},"end":{"line":355,"column":null}},"190":{"start":{"line":356,"column":22},"end":{"line":356,"column":51}},"191":{"start":{"line":356,"column":51},"end":{"line":356,"column":65}},"192":{"start":{"line":356,"column":65},"end":{"line":356,"column":94}},"193":{"start":{"line":356,"column":94},"end":{"line":356,"column":105}},"194":{"start":{"line":356,"column":105},"end":{"line":356,"column":null}},"195":{"start":{"line":367,"column":14},"end":{"line":403,"column":null}},"196":{"start":{"line":380,"column":86},"end":{"line":380,"column":122}},"197":{"start":{"line":380,"column":122},"end":{"line":380,"column":203}},"198":{"start":{"line":380,"column":135},"end":{"line":380,"column":181}},"199":{"start":{"line":380,"column":190},"end":{"line":380,"column":201}},"200":{"start":{"line":384,"column":36},"end":{"line":384,"column":null}},"201":{"start":{"line":385,"column":20},"end":{"line":388,"column":null}},"202":{"start":{"line":386,"column":34},"end":{"line":386,"column":null}},"203":{"start":{"line":387,"column":22},"end":{"line":387,"column":null}},"204":{"start":{"line":387,"column":37},"end":{"line":387,"column":86}},"205":{"start":{"line":387,"column":95},"end":{"line":387,"column":106}},"206":{"start":{"line":397,"column":35},"end":{"line":397,"column":null}},"207":{"start":{"line":412,"column":100},"end":{"line":412,"column":140}},"208":{"start":{"line":414,"column":119},"end":{"line":414,"column":160}},"209":{"start":{"line":416,"column":126},"end":{"line":416,"column":170}},"210":{"start":{"line":417,"column":69},"end":{"line":417,"column":null}},"211":{"start":{"line":444,"column":31},"end":{"line":444,"column":null}},"212":{"start":{"line":444,"column":47},"end":{"line":444,"column":85}},"213":{"start":{"line":453,"column":31},"end":{"line":453,"column":null}},"214":{"start":{"line":453,"column":47},"end":{"line":453,"column":81}},"215":{"start":{"line":461,"column":24},"end":{"line":461,"column":null}},"216":{"start":{"line":462,"column":24},"end":{"line":462,"column":null}},"217":{"start":{"line":463,"column":18},"end":{"line":463,"column":null}},"218":{"start":{"line":463,"column":40},"end":{"line":463,"column":116}},"219":{"start":{"line":463,"column":56},"end":{"line":463,"column":113}},"220":{"start":{"line":463,"column":116},"end":{"line":463,"column":124}},"221":{"start":{"line":464,"column":18},"end":{"line":464,"column":null}},"222":{"start":{"line":464,"column":37},"end":{"line":464,"column":99}},"223":{"start":{"line":464,"column":53},"end":{"line":464,"column":96}},"224":{"start":{"line":464,"column":99},"end":{"line":464,"column":107}},"225":{"start":{"line":465,"column":18},"end":{"line":472,"column":null}},"226":{"start":{"line":466,"column":20},"end":{"line":466,"column":null}},"227":{"start":{"line":466,"column":36},"end":{"line":466,"column":70}},"228":{"start":{"line":467,"column":32},"end":{"line":467,"column":null}},"229":{"start":{"line":468,"column":20},"end":{"line":469,"column":null}},"230":{"start":{"line":468,"column":35},"end":{"line":468,"column":126}},"231":{"start":{"line":468,"column":51},"end":{"line":468,"column":123}},"232":{"start":{"line":469,"column":27},"end":{"line":469,"column":137}},"233":{"start":{"line":469,"column":137},"end":{"line":469,"column":148}},"234":{"start":{"line":471,"column":20},"end":{"line":471,"column":null}},"235":{"start":{"line":471,"column":36},"end":{"line":471,"column":99}},"236":{"start":{"line":478,"column":63},"end":{"line":478,"column":166}},"237":{"start":{"line":495,"column":46},"end":{"line":495,"column":null}},"238":{"start":{"line":496,"column":26},"end":{"line":496,"column":null}},"239":{"start":{"line":497,"column":36},"end":{"line":497,"column":null}},"240":{"start":{"line":498,"column":30},"end":{"line":498,"column":null}},"241":{"start":{"line":499,"column":26},"end":{"line":499,"column":null}},"242":{"start":{"line":500,"column":28},"end":{"line":500,"column":null}},"243":{"start":{"line":501,"column":26},"end":{"line":501,"column":null}},"244":{"start":{"line":502,"column":23},"end":{"line":502,"column":null}},"245":{"start":{"line":503,"column":28},"end":{"line":503,"column":null}},"246":{"start":{"line":504,"column":38},"end":{"line":504,"column":null}},"247":{"start":{"line":505,"column":42},"end":{"line":505,"column":null}},"248":{"start":{"line":506,"column":26},"end":{"line":506,"column":null}},"249":{"start":{"line":507,"column":19},"end":{"line":507,"column":null}},"250":{"start":{"line":508,"column":34},"end":{"line":508,"column":null}},"251":{"start":{"line":509,"column":40},"end":{"line":509,"column":null}},"252":{"start":{"line":510,"column":18},"end":{"line":510,"column":null}},"253":{"start":{"line":511,"column":25},"end":{"line":511,"column":null}},"254":{"start":{"line":513,"column":19},"end":{"line":517,"column":null}},"255":{"start":{"line":513,"column":31},"end":{"line":516,"column":null}},"256":{"start":{"line":518,"column":21},"end":{"line":518,"column":null}},"257":{"start":{"line":519,"column":20},"end":{"line":519,"column":null}},"258":{"start":{"line":521,"column":19},"end":{"line":529,"column":null}},"259":{"start":{"line":522,"column":17},"end":{"line":522,"column":null}},"260":{"start":{"line":523,"column":4},"end":{"line":523,"column":null}},"261":{"start":{"line":523,"column":59},"end":{"line":523,"column":null}},"262":{"start":{"line":524,"column":4},"end":{"line":524,"column":null}},"263":{"start":{"line":524,"column":69},"end":{"line":524,"column":null}},"264":{"start":{"line":525,"column":4},"end":{"line":525,"column":null}},"265":{"start":{"line":525,"column":57},"end":{"line":525,"column":null}},"266":{"start":{"line":526,"column":4},"end":{"line":526,"column":null}},"267":{"start":{"line":526,"column":78},"end":{"line":526,"column":null}},"268":{"start":{"line":527,"column":4},"end":{"line":527,"column":null}},"269":{"start":{"line":527,"column":60},"end":{"line":527,"column":null}},"270":{"start":{"line":528,"column":4},"end":{"line":528,"column":null}},"271":{"start":{"line":530,"column":2},"end":{"line":530,"column":null}},"272":{"start":{"line":530,"column":24},"end":{"line":530,"column":51}},"273":{"start":{"line":531,"column":17},"end":{"line":549,"column":null}},"274":{"start":{"line":532,"column":17},"end":{"line":532,"column":null}},"275":{"start":{"line":533,"column":4},"end":{"line":533,"column":null}},"276":{"start":{"line":533,"column":40},"end":{"line":533,"column":57}},"277":{"start":{"line":533,"column":57},"end":{"line":533,"column":65}},"278":{"start":{"line":534,"column":4},"end":{"line":534,"column":null}},"279":{"start":{"line":535,"column":4},"end":{"line":548,"column":null}},"280":{"start":{"line":536,"column":6},"end":{"line":540,"column":null}},"281":{"start":{"line":537,"column":8},"end":{"line":537,"column":null}},"282":{"start":{"line":539,"column":8},"end":{"line":539,"column":null}},"283":{"start":{"line":541,"column":6},"end":{"line":541,"column":null}},"284":{"start":{"line":542,"column":6},"end":{"line":542,"column":null}},"285":{"start":{"line":543,"column":6},"end":{"line":543,"column":null}},"286":{"start":{"line":544,"column":6},"end":{"line":544,"column":null}},"287":{"start":{"line":544,"column":22},"end":{"line":544,"column":36}},"288":{"start":{"line":545,"column":6},"end":{"line":545,"column":null}},"289":{"start":{"line":547,"column":6},"end":{"line":547,"column":null}},"290":{"start":{"line":550,"column":22},"end":{"line":561,"column":null}},"291":{"start":{"line":551,"column":4},"end":{"line":551,"column":null}},"292":{"start":{"line":551,"column":15},"end":{"line":551,"column":null}},"293":{"start":{"line":552,"column":21},"end":{"line":552,"column":null}},"294":{"start":{"line":553,"column":4},"end":{"line":553,"column":null}},"295":{"start":{"line":553,"column":20},"end":{"line":553,"column":84}},"296":{"start":{"line":553,"column":84},"end":{"line":553,"column":92}},"297":{"start":{"line":554,"column":4},"end":{"line":554,"column":null}},"298":{"start":{"line":554,"column":39},"end":{"line":554,"column":86}},"299":{"start":{"line":554,"column":86},"end":{"line":554,"column":94}},"300":{"start":{"line":555,"column":19},"end":{"line":555,"column":null}},"301":{"start":{"line":556,"column":4},"end":{"line":559,"column":null}},"302":{"start":{"line":557,"column":22},"end":{"line":557,"column":null}},"303":{"start":{"line":558,"column":6},"end":{"line":558,"column":null}},"304":{"start":{"line":558,"column":23},"end":{"line":558,"column":88}},"305":{"start":{"line":560,"column":4},"end":{"line":560,"column":null}},"306":{"start":{"line":562,"column":24},"end":{"line":562,"column":null}},"307":{"start":{"line":562,"column":39},"end":{"line":562,"column":75}},"308":{"start":{"line":562,"column":75},"end":{"line":562,"column":86}},"309":{"start":{"line":563,"column":17},"end":{"line":563,"column":null}},"310":{"start":{"line":563,"column":26},"end":{"line":563,"column":46}},"311":{"start":{"line":563,"column":46},"end":{"line":563,"column":246}},"312":{"start":{"line":564,"column":19},"end":{"line":564,"column":null}},"313":{"start":{"line":564,"column":35},"end":{"line":564,"column":97}},"314":{"start":{"line":564,"column":89},"end":{"line":564,"column":97}},"315":{"start":{"line":564,"column":97},"end":{"line":564,"column":127}},"316":{"start":{"line":564,"column":127},"end":{"line":564,"column":138}},"317":{"start":{"line":565,"column":17},"end":{"line":565,"column":null}},"318":{"start":{"line":565,"column":33},"end":{"line":565,"column":61}},"319":{"start":{"line":565,"column":61},"end":{"line":565,"column":72}},"320":{"start":{"line":566,"column":25},"end":{"line":572,"column":null}},"321":{"start":{"line":567,"column":4},"end":{"line":571,"column":null}},"322":{"start":{"line":568,"column":19},"end":{"line":568,"column":null}},"323":{"start":{"line":569,"column":6},"end":{"line":569,"column":null}},"324":{"start":{"line":569,"column":19},"end":{"line":569,"column":38}},"325":{"start":{"line":569,"column":38},"end":{"line":569,"column":null}},"326":{"start":{"line":570,"column":6},"end":{"line":570,"column":null}},"327":{"start":{"line":573,"column":26},"end":{"line":579,"column":null}},"328":{"start":{"line":574,"column":4},"end":{"line":578,"column":null}},"329":{"start":{"line":575,"column":19},"end":{"line":575,"column":null}},"330":{"start":{"line":576,"column":6},"end":{"line":576,"column":null}},"331":{"start":{"line":576,"column":35},"end":{"line":576,"column":88}},"332":{"start":{"line":576,"column":48},"end":{"line":576,"column":69}},"333":{"start":{"line":576,"column":69},"end":{"line":576,"column":88}},"334":{"start":{"line":577,"column":6},"end":{"line":577,"column":null}},"335":{"start":{"line":580,"column":26},"end":{"line":585,"column":null}},"336":{"start":{"line":581,"column":4},"end":{"line":581,"column":null}},"337":{"start":{"line":581,"column":29},"end":{"line":581,"column":null}},"338":{"start":{"line":582,"column":4},"end":{"line":582,"column":null}},"339":{"start":{"line":582,"column":86},"end":{"line":582,"column":null}},"340":{"start":{"line":583,"column":4},"end":{"line":583,"column":null}},"341":{"start":{"line":584,"column":4},"end":{"line":584,"column":null}},"342":{"start":{"line":586,"column":30},"end":{"line":591,"column":null}},"343":{"start":{"line":587,"column":4},"end":{"line":587,"column":null}},"344":{"start":{"line":587,"column":29},"end":{"line":587,"column":null}},"345":{"start":{"line":588,"column":4},"end":{"line":588,"column":null}},"346":{"start":{"line":588,"column":87},"end":{"line":588,"column":null}},"347":{"start":{"line":589,"column":4},"end":{"line":589,"column":null}},"348":{"start":{"line":590,"column":4},"end":{"line":590,"column":null}},"349":{"start":{"line":592,"column":22},"end":{"line":610,"column":null}},"350":{"start":{"line":593,"column":30},"end":{"line":593,"column":null}},"351":{"start":{"line":594,"column":4},"end":{"line":594,"column":null}},"352":{"start":{"line":594,"column":28},"end":{"line":594,"column":72}},"353":{"start":{"line":595,"column":4},"end":{"line":608,"column":null}},"354":{"start":{"line":600,"column":14},"end":{"line":604,"column":null}},"355":{"start":{"line":603,"column":44},"end":{"line":603,"column":101}},"356":{"start":{"line":603,"column":93},"end":{"line":603,"column":101}},"357":{"start":{"line":603,"column":113},"end":{"line":603,"column":152}},"358":{"start":{"line":603,"column":152},"end":{"line":603,"column":183}},"359":{"start":{"line":603,"column":165},"end":{"line":603,"column":183}},"360":{"start":{"line":603,"column":183},"end":{"line":603,"column":194}},"361":{"start":{"line":611,"column":2},"end":{"line":767,"column":null}},"362":{"start":{"line":617,"column":120},"end":{"line":617,"column":146}},"363":{"start":{"line":617,"column":146},"end":{"line":617,"column":157}},"364":{"start":{"line":618,"column":138},"end":{"line":618,"column":169}},"365":{"start":{"line":618,"column":169},"end":{"line":618,"column":180}},"366":{"start":{"line":619,"column":99},"end":{"line":619,"column":132}},"367":{"start":{"line":619,"column":132},"end":{"line":619,"column":143}},"368":{"start":{"line":624,"column":68},"end":{"line":624,"column":98}},"369":{"start":{"line":626,"column":68},"end":{"line":626,"column":107}},"370":{"start":{"line":633,"column":84},"end":{"line":633,"column":119}},"371":{"start":{"line":634,"column":59},"end":{"line":634,"column":89}},"372":{"start":{"line":635,"column":59},"end":{"line":635,"column":85}},"373":{"start":{"line":636,"column":61},"end":{"line":636,"column":88}},"374":{"start":{"line":637,"column":59},"end":{"line":637,"column":87}},"375":{"start":{"line":642,"column":68},"end":{"line":642,"column":85}},"376":{"start":{"line":642,"column":85},"end":{"line":642,"column":101}},"377":{"start":{"line":642,"column":93},"end":{"line":642,"column":101}},"378":{"start":{"line":642,"column":101},"end":{"line":642,"column":145}},"379":{"start":{"line":643,"column":68},"end":{"line":643,"column":85}},"380":{"start":{"line":643,"column":85},"end":{"line":643,"column":101}},"381":{"start":{"line":643,"column":93},"end":{"line":643,"column":101}},"382":{"start":{"line":643,"column":101},"end":{"line":643,"column":144}},"383":{"start":{"line":649,"column":10},"end":{"line":688,"column":null}},"384":{"start":{"line":651,"column":115},"end":{"line":651,"column":155}},"385":{"start":{"line":657,"column":36},"end":{"line":657,"column":74}},"386":{"start":{"line":680,"column":67},"end":{"line":680,"column":78}},"387":{"start":{"line":681,"column":64},"end":{"line":681,"column":80}},"388":{"start":{"line":682,"column":65},"end":{"line":682,"column":79}},"389":{"start":{"line":683,"column":65},"end":{"line":683,"column":83}},"390":{"start":{"line":684,"column":65},"end":{"line":684,"column":112}},"391":{"start":{"line":697,"column":89},"end":{"line":697,"column":129}},"392":{"start":{"line":698,"column":112},"end":{"line":698,"column":157}},"393":{"start":{"line":701,"column":92},"end":{"line":701,"column":131}},"394":{"start":{"line":704,"column":107},"end":{"line":704,"column":148}},"395":{"start":{"line":705,"column":109},"end":{"line":705,"column":150}},"396":{"start":{"line":708,"column":102},"end":{"line":708,"column":143}},"397":{"start":{"line":709,"column":88},"end":{"line":709,"column":122}},"398":{"start":{"line":712,"column":123},"end":{"line":712,"column":169}},"399":{"start":{"line":715,"column":136},"end":{"line":715,"column":181}},"400":{"start":{"line":724,"column":32},"end":{"line":724,"column":70}},"401":{"start":{"line":731,"column":76},"end":{"line":731,"column":96}},"402":{"start":{"line":731,"column":96},"end":{"line":731,"column":228}},"403":{"start":{"line":732,"column":51},"end":{"line":732,"column":93}},"404":{"start":{"line":737,"column":76},"end":{"line":737,"column":125}},"405":{"start":{"line":751,"column":34},"end":{"line":751,"column":72}},"406":{"start":{"line":772,"column":44},"end":{"line":772,"column":null}},"407":{"start":{"line":773,"column":26},"end":{"line":773,"column":null}},"408":{"start":{"line":774,"column":32},"end":{"line":774,"column":null}},"409":{"start":{"line":775,"column":40},"end":{"line":775,"column":null}},"410":{"start":{"line":776,"column":44},"end":{"line":776,"column":null}},"411":{"start":{"line":777,"column":52},"end":{"line":777,"column":null}},"412":{"start":{"line":780,"column":22},"end":{"line":789,"column":null}},"413":{"start":{"line":781,"column":4},"end":{"line":783,"column":null}},"414":{"start":{"line":782,"column":6},"end":{"line":782,"column":null}},"415":{"start":{"line":784,"column":4},"end":{"line":788,"column":null}},"416":{"start":{"line":792,"column":18},"end":{"line":792,"column":null}},"417":{"start":{"line":793,"column":2},"end":{"line":795,"column":null}},"418":{"start":{"line":794,"column":4},"end":{"line":794,"column":null}},"419":{"start":{"line":798,"column":26},"end":{"line":798,"column":null}},"420":{"start":{"line":799,"column":44},"end":{"line":799,"column":null}},"421":{"start":{"line":801,"column":2},"end":{"line":808,"column":null}},"422":{"start":{"line":802,"column":4},"end":{"line":807,"column":null}},"423":{"start":{"line":803,"column":6},"end":{"line":803,"column":null}},"424":{"start":{"line":804,"column":22},"end":{"line":804,"column":null}},"425":{"start":{"line":805,"column":6},"end":{"line":805,"column":null}},"426":{"start":{"line":805,"column":36},"end":{"line":805,"column":72}},"427":{"start":{"line":806,"column":6},"end":{"line":806,"column":null}},"428":{"start":{"line":810,"column":17},"end":{"line":816,"column":null}},"429":{"start":{"line":811,"column":4},"end":{"line":811,"column":null}},"430":{"start":{"line":812,"column":4},"end":{"line":815,"column":null}},"431":{"start":{"line":813,"column":6},"end":{"line":813,"column":null}},"432":{"start":{"line":814,"column":6},"end":{"line":814,"column":null}},"433":{"start":{"line":815,"column":16},"end":{"line":815,"column":32}},"434":{"start":{"line":818,"column":20},"end":{"line":824,"column":null}},"435":{"start":{"line":819,"column":4},"end":{"line":819,"column":null}},"436":{"start":{"line":820,"column":4},"end":{"line":823,"column":null}},"437":{"start":{"line":821,"column":6},"end":{"line":821,"column":null}},"438":{"start":{"line":822,"column":6},"end":{"line":822,"column":null}},"439":{"start":{"line":823,"column":16},"end":{"line":823,"column":32}},"440":{"start":{"line":826,"column":21},"end":{"line":837,"column":null}},"441":{"start":{"line":827,"column":4},"end":{"line":827,"column":null}},"442":{"start":{"line":828,"column":4},"end":{"line":836,"column":null}},"443":{"start":{"line":829,"column":12},"end":{"line":833,"column":null}},"444":{"start":{"line":829,"column":50},"end":{"line":833,"column":8}},"445":{"start":{"line":834,"column":6},"end":{"line":834,"column":null}},"446":{"start":{"line":835,"column":6},"end":{"line":835,"column":null}},"447":{"start":{"line":836,"column":16},"end":{"line":836,"column":32}},"448":{"start":{"line":839,"column":26},"end":{"line":849,"column":null}},"449":{"start":{"line":840,"column":17},"end":{"line":840,"column":null}},"450":{"start":{"line":841,"column":4},"end":{"line":841,"column":null}},"451":{"start":{"line":841,"column":41},"end":{"line":841,"column":null}},"452":{"start":{"line":842,"column":4},"end":{"line":842,"column":null}},"453":{"start":{"line":842,"column":58},"end":{"line":842,"column":null}},"454":{"start":{"line":843,"column":4},"end":{"line":843,"column":null}},"455":{"start":{"line":843,"column":33},"end":{"line":843,"column":null}},"456":{"start":{"line":844,"column":4},"end":{"line":847,"column":null}},"457":{"start":{"line":845,"column":17},"end":{"line":845,"column":null}},"458":{"start":{"line":846,"column":6},"end":{"line":846,"column":null}},"459":{"start":{"line":846,"column":15},"end":{"line":846,"column":null}},"460":{"start":{"line":848,"column":4},"end":{"line":848,"column":null}},"461":{"start":{"line":851,"column":24},"end":{"line":862,"column":null}},"462":{"start":{"line":852,"column":17},"end":{"line":852,"column":null}},"463":{"start":{"line":853,"column":4},"end":{"line":853,"column":null}},"464":{"start":{"line":854,"column":4},"end":{"line":854,"column":null}},"465":{"start":{"line":854,"column":38},"end":{"line":854,"column":null}},"466":{"start":{"line":855,"column":4},"end":{"line":855,"column":null}},"467":{"start":{"line":856,"column":4},"end":{"line":861,"column":null}},"468":{"start":{"line":857,"column":6},"end":{"line":857,"column":null}},"469":{"start":{"line":858,"column":6},"end":{"line":858,"column":null}},"470":{"start":{"line":859,"column":6},"end":{"line":859,"column":null}},"471":{"start":{"line":860,"column":6},"end":{"line":860,"column":null}},"472":{"start":{"line":861,"column":16},"end":{"line":861,"column":32}},"473":{"start":{"line":864,"column":24},"end":{"line":870,"column":null}},"474":{"start":{"line":865,"column":4},"end":{"line":865,"column":null}},"475":{"start":{"line":866,"column":4},"end":{"line":869,"column":null}},"476":{"start":{"line":867,"column":6},"end":{"line":867,"column":null}},"477":{"start":{"line":868,"column":6},"end":{"line":868,"column":null}},"478":{"start":{"line":869,"column":16},"end":{"line":869,"column":32}},"479":{"start":{"line":873,"column":27},"end":{"line":901,"column":null}},"480":{"start":{"line":874,"column":19},"end":{"line":874,"column":null}},"481":{"start":{"line":876,"column":4},"end":{"line":880,"column":null}},"482":{"start":{"line":877,"column":6},"end":{"line":879,"column":null}},"483":{"start":{"line":878,"column":8},"end":{"line":878,"column":null}},"484":{"start":{"line":882,"column":4},"end":{"line":884,"column":null}},"485":{"start":{"line":883,"column":6},"end":{"line":883,"column":null}},"486":{"start":{"line":883,"column":38},"end":{"line":883,"column":76}},"487":{"start":{"line":886,"column":4},"end":{"line":888,"column":null}},"488":{"start":{"line":887,"column":6},"end":{"line":887,"column":null}},"489":{"start":{"line":887,"column":38},"end":{"line":887,"column":76}},"490":{"start":{"line":890,"column":4},"end":{"line":892,"column":null}},"491":{"start":{"line":891,"column":6},"end":{"line":891,"column":null}},"492":{"start":{"line":891,"column":38},"end":{"line":891,"column":56}},"493":{"start":{"line":894,"column":4},"end":{"line":898,"column":null}},"494":{"start":{"line":895,"column":6},"end":{"line":895,"column":null}},"495":{"start":{"line":895,"column":30},"end":{"line":895,"column":49}},"496":{"start":{"line":896,"column":4},"end":{"line":898,"column":null}},"497":{"start":{"line":897,"column":6},"end":{"line":897,"column":null}},"498":{"start":{"line":897,"column":30},"end":{"line":897,"column":58}},"499":{"start":{"line":900,"column":4},"end":{"line":900,"column":null}},"500":{"start":{"line":903,"column":23},"end":{"line":905,"column":null}},"501":{"start":{"line":904,"column":4},"end":{"line":904,"column":null}},"502":{"start":{"line":907,"column":2},"end":{"line":907,"column":null}},"503":{"start":{"line":907,"column":15},"end":{"line":907,"column":null}},"504":{"start":{"line":908,"column":2},"end":{"line":908,"column":null}},"505":{"start":{"line":908,"column":13},"end":{"line":908,"column":null}},"506":{"start":{"line":910,"column":2},"end":{"line":1254,"column":null}},"507":{"start":{"line":919,"column":18},"end":{"line":919,"column":null}},"508":{"start":{"line":919,"column":51},"end":{"line":919,"column":74}},"509":{"start":{"line":920,"column":31},"end":{"line":920,"column":null}},"510":{"start":{"line":921,"column":32},"end":{"line":921,"column":null}},"511":{"start":{"line":921,"column":71},"end":{"line":921,"column":90}},"512":{"start":{"line":923,"column":12},"end":{"line":987,"column":null}},"513":{"start":{"line":949,"column":37},"end":{"line":949,"column":null}},"514":{"start":{"line":949,"column":55},"end":{"line":949,"column":78}},"515":{"start":{"line":950,"column":20},"end":{"line":958,"column":null}},"516":{"start":{"line":951,"column":38},"end":{"line":951,"column":null}},"517":{"start":{"line":952,"column":22},"end":{"line":952,"column":null}},"518":{"start":{"line":953,"column":22},"end":{"line":953,"column":null}},"519":{"start":{"line":955,"column":38},"end":{"line":955,"column":null}},"520":{"start":{"line":956,"column":22},"end":{"line":956,"column":null}},"521":{"start":{"line":957,"column":22},"end":{"line":957,"column":null}},"522":{"start":{"line":967,"column":20},"end":{"line":967,"column":null}},"523":{"start":{"line":973,"column":33},"end":{"line":973,"column":null}},"524":{"start":{"line":973,"column":59},"end":{"line":973,"column":99}},"525":{"start":{"line":995,"column":18},"end":{"line":995,"column":null}},"526":{"start":{"line":995,"column":57},"end":{"line":995,"column":62}},"527":{"start":{"line":995,"column":73},"end":{"line":995,"column":77}},"528":{"start":{"line":996,"column":34},"end":{"line":996,"column":null}},"529":{"start":{"line":997,"column":18},"end":{"line":997,"column":null}},"530":{"start":{"line":997,"column":84},"end":{"line":997,"column":89}},"531":{"start":{"line":998,"column":18},"end":{"line":998,"column":null}},"532":{"start":{"line":1000,"column":12},"end":{"line":1015,"column":null}},"533":{"start":{"line":1001,"column":14},"end":{"line":1013,"column":null}},"534":{"start":{"line":1017,"column":12},"end":{"line":1032,"column":null}},"535":{"start":{"line":1018,"column":14},"end":{"line":1030,"column":null}},"536":{"start":{"line":1034,"column":12},"end":{"line":1049,"column":null}},"537":{"start":{"line":1035,"column":14},"end":{"line":1047,"column":null}},"538":{"start":{"line":1051,"column":12},"end":{"line":1051,"column":null}},"539":{"start":{"line":1056,"column":18},"end":{"line":1056,"column":null}},"540":{"start":{"line":1056,"column":57},"end":{"line":1056,"column":62}},"541":{"start":{"line":1056,"column":73},"end":{"line":1056,"column":77}},"542":{"start":{"line":1057,"column":34},"end":{"line":1057,"column":null}},"543":{"start":{"line":1058,"column":18},"end":{"line":1058,"column":null}},"544":{"start":{"line":1058,"column":84},"end":{"line":1058,"column":89}},"545":{"start":{"line":1059,"column":33},"end":{"line":1059,"column":null}},"546":{"start":{"line":1061,"column":12},"end":{"line":1088,"column":null}},"547":{"start":{"line":1077,"column":20},"end":{"line":1077,"column":null}},"548":{"start":{"line":1078,"column":20},"end":{"line":1078,"column":null}},"549":{"start":{"line":1098,"column":61},"end":{"line":1098,"column":88}},"550":{"start":{"line":1106,"column":69},"end":{"line":1106,"column":97}},"551":{"start":{"line":1106,"column":97},"end":{"line":1106,"column":119}},"552":{"start":{"line":1109,"column":111},"end":{"line":1109,"column":172}},"553":{"start":{"line":1109,"column":135},"end":{"line":1109,"column":169}},"554":{"start":{"line":1110,"column":129},"end":{"line":1110,"column":196}},"555":{"start":{"line":1110,"column":153},"end":{"line":1110,"column":193}},"556":{"start":{"line":1113,"column":138},"end":{"line":1113,"column":209}},"557":{"start":{"line":1113,"column":162},"end":{"line":1113,"column":206}},"558":{"start":{"line":1114,"column":121},"end":{"line":1114,"column":186}},"559":{"start":{"line":1114,"column":145},"end":{"line":1114,"column":183}},"560":{"start":{"line":1123,"column":91},"end":{"line":1123,"column":140}},"561":{"start":{"line":1128,"column":69},"end":{"line":1128,"column":97}},"562":{"start":{"line":1128,"column":97},"end":{"line":1128,"column":119}},"563":{"start":{"line":1142,"column":27},"end":{"line":1142,"column":null}},"564":{"start":{"line":1142,"column":47},"end":{"line":1142,"column":83}},"565":{"start":{"line":1148,"column":27},"end":{"line":1148,"column":null}},"566":{"start":{"line":1148,"column":47},"end":{"line":1148,"column":87}},"567":{"start":{"line":1154,"column":27},"end":{"line":1154,"column":null}},"568":{"start":{"line":1154,"column":47},"end":{"line":1154,"column":87}},"569":{"start":{"line":1158,"column":27},"end":{"line":1158,"column":null}},"570":{"start":{"line":1158,"column":47},"end":{"line":1158,"column":81}},"571":{"start":{"line":1167,"column":29},"end":{"line":1167,"column":null}},"572":{"start":{"line":1167,"column":49},"end":{"line":1167,"column":92}},"573":{"start":{"line":1194,"column":16},"end":{"line":1248,"column":null}},"574":{"start":{"line":1214,"column":68},"end":{"line":1214,"column":86}},"575":{"start":{"line":1215,"column":68},"end":{"line":1215,"column":87}},"576":{"start":{"line":1219,"column":41},"end":{"line":1219,"column":null}},"577":{"start":{"line":1220,"column":26},"end":{"line":1222,"column":null}},"578":{"start":{"line":1221,"column":28},"end":{"line":1221,"column":null}},"579":{"start":{"line":1231,"column":26},"end":{"line":1233,"column":null}},"580":{"start":{"line":1232,"column":28},"end":{"line":1232,"column":null}},"581":{"start":{"line":1241,"column":39},"end":{"line":1241,"column":null}},"582":{"start":{"line":1259,"column":46},"end":{"line":1259,"column":null}},"583":{"start":{"line":1260,"column":26},"end":{"line":1260,"column":null}},"584":{"start":{"line":1261,"column":30},"end":{"line":1261,"column":null}},"585":{"start":{"line":1262,"column":32},"end":{"line":1262,"column":null}},"586":{"start":{"line":1263,"column":23},"end":{"line":1268,"column":null}},"587":{"start":{"line":1264,"column":14},"end":{"line":1264,"column":null}},"588":{"start":{"line":1265,"column":21},"end":{"line":1265,"column":null}},"589":{"start":{"line":1266,"column":19},"end":{"line":1266,"column":null}},"590":{"start":{"line":1267,"column":4},"end":{"line":1267,"column":null}},"591":{"start":{"line":1270,"column":17},"end":{"line":1312,"column":null}},"592":{"start":{"line":1271,"column":4},"end":{"line":1311,"column":null}},"593":{"start":{"line":1272,"column":6},"end":{"line":1275,"column":null}},"594":{"start":{"line":1273,"column":8},"end":{"line":1273,"column":null}},"595":{"start":{"line":1274,"column":8},"end":{"line":1274,"column":null}},"596":{"start":{"line":1276,"column":6},"end":{"line":1279,"column":null}},"597":{"start":{"line":1277,"column":8},"end":{"line":1277,"column":null}},"598":{"start":{"line":1278,"column":8},"end":{"line":1278,"column":null}},"599":{"start":{"line":1280,"column":6},"end":{"line":1283,"column":null}},"600":{"start":{"line":1281,"column":8},"end":{"line":1281,"column":null}},"601":{"start":{"line":1282,"column":8},"end":{"line":1282,"column":null}},"602":{"start":{"line":1284,"column":27},"end":{"line":1284,"column":null}},"603":{"start":{"line":1288,"column":6},"end":{"line":1304,"column":null}},"604":{"start":{"line":1289,"column":8},"end":{"line":1301,"column":null}},"605":{"start":{"line":1290,"column":34},"end":{"line":1290,"column":null}},"606":{"start":{"line":1291,"column":29},"end":{"line":1298,"column":null}},"607":{"start":{"line":1300,"column":10},"end":{"line":1300,"column":null}},"608":{"start":{"line":1303,"column":8},"end":{"line":1303,"column":null}},"609":{"start":{"line":1306,"column":6},"end":{"line":1306,"column":null}},"610":{"start":{"line":1307,"column":6},"end":{"line":1307,"column":null}},"611":{"start":{"line":1308,"column":6},"end":{"line":1308,"column":null}},"612":{"start":{"line":1310,"column":6},"end":{"line":1310,"column":null}},"613":{"start":{"line":1314,"column":28},"end":{"line":1314,"column":null}},"614":{"start":{"line":1315,"column":26},"end":{"line":1315,"column":null}},"615":{"start":{"line":1316,"column":19},"end":{"line":1316,"column":null}},"616":{"start":{"line":1317,"column":19},"end":{"line":1321,"column":null}},"617":{"start":{"line":1317,"column":31},"end":{"line":1320,"column":null}},"618":{"start":{"line":1322,"column":21},"end":{"line":1322,"column":null}},"619":{"start":{"line":1323,"column":20},"end":{"line":1323,"column":null}},"620":{"start":{"line":1325,"column":2},"end":{"line":1335,"column":null}},"621":{"start":{"line":1326,"column":4},"end":{"line":1334,"column":null}},"622":{"start":{"line":1327,"column":16},"end":{"line":1327,"column":null}},"623":{"start":{"line":1328,"column":6},"end":{"line":1328,"column":null}},"624":{"start":{"line":1329,"column":6},"end":{"line":1333,"column":null}},"625":{"start":{"line":1330,"column":8},"end":{"line":1330,"column":null}},"626":{"start":{"line":1332,"column":8},"end":{"line":1332,"column":null}},"627":{"start":{"line":1336,"column":2},"end":{"line":1496,"column":null}},"628":{"start":{"line":1345,"column":26},"end":{"line":1345,"column":null}},"629":{"start":{"line":1346,"column":23},"end":{"line":1346,"column":null}},"630":{"start":{"line":1346,"column":41},"end":{"line":1346,"column":146}},"631":{"start":{"line":1347,"column":22},"end":{"line":1347,"column":null}},"632":{"start":{"line":1348,"column":23},"end":{"line":1348,"column":null}},"633":{"start":{"line":1349,"column":22},"end":{"line":1349,"column":null}},"634":{"start":{"line":1350,"column":20},"end":{"line":1350,"column":49}},"635":{"start":{"line":1350,"column":49},"end":{"line":1350,"column":63}},"636":{"start":{"line":1350,"column":63},"end":{"line":1350,"column":92}},"637":{"start":{"line":1350,"column":92},"end":{"line":1350,"column":103}},"638":{"start":{"line":1350,"column":103},"end":{"line":1350,"column":null}},"639":{"start":{"line":1356,"column":111},"end":{"line":1356,"column":137}},"640":{"start":{"line":1356,"column":137},"end":{"line":1356,"column":148}},"641":{"start":{"line":1357,"column":59},"end":{"line":1357,"column":89}},"642":{"start":{"line":1359,"column":59},"end":{"line":1359,"column":98}},"643":{"start":{"line":1386,"column":8},"end":{"line":1423,"column":null}},"644":{"start":{"line":1418,"column":65},"end":{"line":1418,"column":338}},"645":{"start":{"line":1419,"column":82},"end":{"line":1419,"column":119}},"646":{"start":{"line":1419,"column":119},"end":{"line":1419,"column":297}},"647":{"start":{"line":1419,"column":132},"end":{"line":1419,"column":213}},"648":{"start":{"line":1419,"column":222},"end":{"line":1419,"column":284}},"649":{"start":{"line":1419,"column":284},"end":{"line":1419,"column":295}},"650":{"start":{"line":1420,"column":69},"end":{"line":1420,"column":122}},"651":{"start":{"line":1420,"column":114},"end":{"line":1420,"column":122}},"652":{"start":{"line":1420,"column":122},"end":{"line":1420,"column":326}},"653":{"start":{"line":1420,"column":128},"end":{"line":1420,"column":158}},"654":{"start":{"line":1420,"column":158},"end":{"line":1420,"column":226}},"655":{"start":{"line":1420,"column":226},"end":{"line":1420,"column":237}},"656":{"start":{"line":1420,"column":249},"end":{"line":1420,"column":324}},"657":{"start":{"line":1433,"column":102},"end":{"line":1433,"column":144}},"658":{"start":{"line":1434,"column":100},"end":{"line":1434,"column":141}},"659":{"start":{"line":1435,"column":104},"end":{"line":1435,"column":149}},"660":{"start":{"line":1439,"column":95},"end":{"line":1439,"column":142}},"661":{"start":{"line":1440,"column":51},"end":{"line":1440,"column":null}},"662":{"start":{"line":1446,"column":107},"end":{"line":1446,"column":156}},"663":{"start":{"line":1449,"column":109},"end":{"line":1449,"column":162}},"664":{"start":{"line":1460,"column":23},"end":{"line":1460,"column":null}},"665":{"start":{"line":1471,"column":65},"end":{"line":1471,"column":193}},"666":{"start":{"line":1501,"column":18},"end":{"line":1510,"column":null}},"667":{"start":{"line":1512,"column":2},"end":{"line":1512,"column":null}},"668":{"start":{"line":1516,"column":46},"end":{"line":1516,"column":null}},"669":{"start":{"line":1517,"column":26},"end":{"line":1517,"column":null}},"670":{"start":{"line":1518,"column":36},"end":{"line":1518,"column":null}},"671":{"start":{"line":1519,"column":26},"end":{"line":1519,"column":null}},"672":{"start":{"line":1520,"column":40},"end":{"line":1520,"column":null}},"673":{"start":{"line":1521,"column":32},"end":{"line":1521,"column":null}},"674":{"start":{"line":1522,"column":46},"end":{"line":1522,"column":null}},"675":{"start":{"line":1523,"column":42},"end":{"line":1523,"column":null}},"676":{"start":{"line":1525,"column":17},"end":{"line":1542,"column":null}},"677":{"start":{"line":1526,"column":4},"end":{"line":1526,"column":null}},"678":{"start":{"line":1527,"column":4},"end":{"line":1541,"column":null}},"679":{"start":{"line":1544,"column":24},"end":{"line":1550,"column":null}},"680":{"start":{"line":1545,"column":4},"end":{"line":1545,"column":null}},"681":{"start":{"line":1546,"column":4},"end":{"line":1549,"column":null}},"682":{"start":{"line":1547,"column":6},"end":{"line":1547,"column":null}},"683":{"start":{"line":1548,"column":6},"end":{"line":1548,"column":null}},"684":{"start":{"line":1549,"column":16},"end":{"line":1549,"column":32}},"685":{"start":{"line":1552,"column":23},"end":{"line":1559,"column":null}},"686":{"start":{"line":1553,"column":4},"end":{"line":1553,"column":null}},"687":{"start":{"line":1554,"column":4},"end":{"line":1558,"column":null}},"688":{"start":{"line":1555,"column":19},"end":{"line":1555,"column":null}},"689":{"start":{"line":1556,"column":6},"end":{"line":1556,"column":null}},"690":{"start":{"line":1557,"column":6},"end":{"line":1557,"column":null}},"691":{"start":{"line":1558,"column":16},"end":{"line":1558,"column":32}},"692":{"start":{"line":1561,"column":23},"end":{"line":1570,"column":null}},"693":{"start":{"line":1562,"column":4},"end":{"line":1562,"column":null}},"694":{"start":{"line":1563,"column":4},"end":{"line":1563,"column":null}},"695":{"start":{"line":1564,"column":4},"end":{"line":1569,"column":null}},"696":{"start":{"line":1565,"column":19},"end":{"line":1565,"column":null}},"697":{"start":{"line":1566,"column":6},"end":{"line":1566,"column":null}},"698":{"start":{"line":1568,"column":6},"end":{"line":1568,"column":null}},"699":{"start":{"line":1569,"column":16},"end":{"line":1569,"column":42}},"700":{"start":{"line":1572,"column":22},"end":{"line":1578,"column":null}},"701":{"start":{"line":1573,"column":17},"end":{"line":1573,"column":null}},"702":{"start":{"line":1574,"column":4},"end":{"line":1574,"column":null}},"703":{"start":{"line":1575,"column":4},"end":{"line":1575,"column":null}},"704":{"start":{"line":1576,"column":4},"end":{"line":1576,"column":null}},"705":{"start":{"line":1577,"column":4},"end":{"line":1577,"column":null}},"706":{"start":{"line":1577,"column":14},"end":{"line":1577,"column":null}},"707":{"start":{"line":1580,"column":2},"end":{"line":1586,"column":null}},"708":{"start":{"line":1581,"column":18},"end":{"line":1584,"column":null}},"709":{"start":{"line":1582,"column":6},"end":{"line":1582,"column":null}},"710":{"start":{"line":1583,"column":6},"end":{"line":1583,"column":null}},"711":{"start":{"line":1583,"column":23},"end":{"line":1583,"column":null}},"712":{"start":{"line":1585,"column":4},"end":{"line":1585,"column":null}},"713":{"start":{"line":1585,"column":17},"end":{"line":1585,"column":null}},"714":{"start":{"line":1587,"column":28},"end":{"line":1587,"column":null}},"715":{"start":{"line":1588,"column":26},"end":{"line":1588,"column":null}},"716":{"start":{"line":1589,"column":19},"end":{"line":1589,"column":null}},"717":{"start":{"line":1590,"column":19},"end":{"line":1594,"column":null}},"718":{"start":{"line":1590,"column":31},"end":{"line":1593,"column":null}},"719":{"start":{"line":1595,"column":21},"end":{"line":1595,"column":null}},"720":{"start":{"line":1596,"column":20},"end":{"line":1596,"column":null}},"721":{"start":{"line":1597,"column":2},"end":{"line":1721,"column":null}},"722":{"start":{"line":1601,"column":109},"end":{"line":1601,"column":135}},"723":{"start":{"line":1601,"column":135},"end":{"line":1601,"column":146}},"724":{"start":{"line":1602,"column":59},"end":{"line":1602,"column":89}},"725":{"start":{"line":1604,"column":59},"end":{"line":1604,"column":98}},"726":{"start":{"line":1607,"column":28},"end":{"line":1607,"column":null}},"727":{"start":{"line":1608,"column":25},"end":{"line":1608,"column":null}},"728":{"start":{"line":1608,"column":43},"end":{"line":1608,"column":148}},"729":{"start":{"line":1609,"column":24},"end":{"line":1609,"column":null}},"730":{"start":{"line":1610,"column":25},"end":{"line":1610,"column":null}},"731":{"start":{"line":1611,"column":24},"end":{"line":1611,"column":null}},"732":{"start":{"line":1612,"column":22},"end":{"line":1612,"column":51}},"733":{"start":{"line":1612,"column":51},"end":{"line":1612,"column":65}},"734":{"start":{"line":1612,"column":65},"end":{"line":1612,"column":94}},"735":{"start":{"line":1612,"column":94},"end":{"line":1612,"column":105}},"736":{"start":{"line":1612,"column":105},"end":{"line":1612,"column":null}},"737":{"start":{"line":1619,"column":8},"end":{"line":1692,"column":null}},"738":{"start":{"line":1628,"column":67},"end":{"line":1628,"column":78}},"739":{"start":{"line":1629,"column":65},"end":{"line":1629,"column":83}},"740":{"start":{"line":1630,"column":64},"end":{"line":1630,"column":81}},"741":{"start":{"line":1631,"column":65},"end":{"line":1631,"column":82}},"742":{"start":{"line":1647,"column":61},"end":{"line":1647,"column":179}},"743":{"start":{"line":1656,"column":30},"end":{"line":1681,"column":null}},"744":{"start":{"line":1670,"column":54},"end":{"line":1670,"column":null}},"745":{"start":{"line":1671,"column":53},"end":{"line":1671,"column":null}},"746":{"start":{"line":1672,"column":51},"end":{"line":1672,"column":null}},"747":{"start":{"line":1673,"column":48},"end":{"line":1673,"column":null}},"748":{"start":{"line":1674,"column":36},"end":{"line":1674,"column":null}},"749":{"start":{"line":1675,"column":36},"end":{"line":1678,"column":null}},"750":{"start":{"line":1676,"column":38},"end":{"line":1676,"column":null}},"751":{"start":{"line":1677,"column":38},"end":{"line":1677,"column":null}},"752":{"start":{"line":1678,"column":48},"end":{"line":1678,"column":64}},"753":{"start":{"line":1697,"column":90},"end":{"line":1697,"column":130}},"754":{"start":{"line":1698,"column":103},"end":{"line":1698,"column":148}},"755":{"start":{"line":1699,"column":107},"end":{"line":1699,"column":154}},"756":{"start":{"line":1700,"column":101},"end":{"line":1700,"column":145}},"757":{"start":{"line":1701,"column":67},"end":{"line":1701,"column":113}},"758":{"start":{"line":1702,"column":133},"end":{"line":1702,"column":217}},"759":{"start":{"line":1702,"column":188},"end":{"line":1702,"column":196}},"760":{"start":{"line":1703,"column":104},"end":{"line":1703,"column":146}},"761":{"start":{"line":1704,"column":114},"end":{"line":1704,"column":169}},"762":{"start":{"line":1705,"column":67},"end":{"line":1705,"column":116}},"763":{"start":{"line":1706,"column":105},"end":{"line":1706,"column":150}},"764":{"start":{"line":1707,"column":61},"end":{"line":1707,"column":103}},"765":{"start":{"line":1708,"column":79},"end":{"line":1708,"column":124}},"766":{"start":{"line":1711,"column":66},"end":{"line":1711,"column":81}},"767":{"start":{"line":1711,"column":81},"end":{"line":1711,"column":432}},"768":{"start":{"line":1711,"column":103},"end":{"line":1711,"column":147}},"769":{"start":{"line":1711,"column":147},"end":{"line":1711,"column":183}},"770":{"start":{"line":1711,"column":183},"end":{"line":1711,"column":203}},"771":{"start":{"line":1711,"column":203},"end":{"line":1711,"column":391}},"772":{"start":{"line":1711,"column":391},"end":{"line":1711,"column":402}},"773":{"start":{"line":1711,"column":414},"end":{"line":1711,"column":430}},"774":{"start":{"line":1712,"column":76},"end":{"line":1712,"column":96}},"775":{"start":{"line":1712,"column":96},"end":{"line":1712,"column":284}},"776":{"start":{"line":1726,"column":20},"end":{"line":1742,"column":null}},"777":{"start":{"line":1743,"column":2},"end":{"line":1743,"column":null}},"778":{"start":{"line":1747,"column":46},"end":{"line":1747,"column":null}},"779":{"start":{"line":1748,"column":25},"end":{"line":1748,"column":null}},"780":{"start":{"line":1749,"column":26},"end":{"line":1749,"column":null}},"781":{"start":{"line":1750,"column":36},"end":{"line":1750,"column":null}},"782":{"start":{"line":1751,"column":26},"end":{"line":1751,"column":null}},"783":{"start":{"line":1752,"column":30},"end":{"line":1752,"column":null}},"784":{"start":{"line":1753,"column":26},"end":{"line":1753,"column":null}},"785":{"start":{"line":1754,"column":28},"end":{"line":1754,"column":null}},"786":{"start":{"line":1755,"column":26},"end":{"line":1755,"column":null}},"787":{"start":{"line":1756,"column":19},"end":{"line":1756,"column":null}},"788":{"start":{"line":1759,"column":19},"end":{"line":1767,"column":null}},"789":{"start":{"line":1760,"column":23},"end":{"line":1762,"column":null}},"790":{"start":{"line":1763,"column":24},"end":{"line":1763,"column":null}},"791":{"start":{"line":1764,"column":22},"end":{"line":1764,"column":null}},"792":{"start":{"line":1765,"column":25},"end":{"line":1765,"column":null}},"793":{"start":{"line":1766,"column":4},"end":{"line":1766,"column":null}},"794":{"start":{"line":1769,"column":21},"end":{"line":1769,"column":null}},"795":{"start":{"line":1770,"column":20},"end":{"line":1770,"column":null}},"796":{"start":{"line":1773,"column":16},"end":{"line":1779,"column":null}},"797":{"start":{"line":1774,"column":35},"end":{"line":1774,"column":63}},"798":{"start":{"line":1775,"column":27},"end":{"line":1775,"column":46}},"799":{"start":{"line":1775,"column":67},"end":{"line":1775,"column":95}},"800":{"start":{"line":1776,"column":30},"end":{"line":1776,"column":52}},"801":{"start":{"line":1776,"column":73},"end":{"line":1776,"column":101}},"802":{"start":{"line":1777,"column":31},"end":{"line":1777,"column":54}},"803":{"start":{"line":1777,"column":75},"end":{"line":1777,"column":103}},"804":{"start":{"line":1781,"column":17},"end":{"line":1804,"column":null}},"805":{"start":{"line":1782,"column":4},"end":{"line":1782,"column":null}},"806":{"start":{"line":1783,"column":4},"end":{"line":1803,"column":null}},"807":{"start":{"line":1784,"column":22},"end":{"line":1784,"column":null}},"808":{"start":{"line":1785,"column":6},"end":{"line":1785,"column":null}},"809":{"start":{"line":1786,"column":6},"end":{"line":1786,"column":null}},"810":{"start":{"line":1787,"column":6},"end":{"line":1787,"column":null}},"811":{"start":{"line":1789,"column":6},"end":{"line":1794,"column":null}},"812":{"start":{"line":1790,"column":8},"end":{"line":1790,"column":null}},"813":{"start":{"line":1793,"column":8},"end":{"line":1793,"column":null}},"814":{"start":{"line":1796,"column":6},"end":{"line":1796,"column":null}},"815":{"start":{"line":1797,"column":6},"end":{"line":1797,"column":null}},"816":{"start":{"line":1798,"column":6},"end":{"line":1798,"column":null}},"817":{"start":{"line":1800,"column":6},"end":{"line":1800,"column":null}},"818":{"start":{"line":1802,"column":6},"end":{"line":1802,"column":null}},"819":{"start":{"line":1806,"column":17},"end":{"line":1816,"column":null}},"820":{"start":{"line":1807,"column":4},"end":{"line":1807,"column":null}},"821":{"start":{"line":1808,"column":4},"end":{"line":1815,"column":null}},"822":{"start":{"line":1818,"column":19},"end":{"line":1826,"column":null}},"823":{"start":{"line":1819,"column":4},"end":{"line":1819,"column":null}},"824":{"start":{"line":1819,"column":75},"end":{"line":1819,"column":null}},"825":{"start":{"line":1820,"column":4},"end":{"line":1825,"column":null}},"826":{"start":{"line":1821,"column":6},"end":{"line":1821,"column":null}},"827":{"start":{"line":1822,"column":6},"end":{"line":1822,"column":null}},"828":{"start":{"line":1824,"column":6},"end":{"line":1824,"column":null}},"829":{"start":{"line":1828,"column":19},"end":{"line":1831,"column":null}},"830":{"start":{"line":1829,"column":4},"end":{"line":1829,"column":null}},"831":{"start":{"line":1830,"column":4},"end":{"line":1830,"column":null}},"832":{"start":{"line":1833,"column":19},"end":{"line":1838,"column":null}},"833":{"start":{"line":1834,"column":16},"end":{"line":1834,"column":null}},"834":{"start":{"line":1835,"column":17},"end":{"line":1835,"column":null}},"835":{"start":{"line":1836,"column":16},"end":{"line":1836,"column":null}},"836":{"start":{"line":1837,"column":14},"end":{"line":1837,"column":43}},"837":{"start":{"line":1837,"column":43},"end":{"line":1837,"column":57}},"838":{"start":{"line":1837,"column":57},"end":{"line":1837,"column":85}},"839":{"start":{"line":1837,"column":85},"end":{"line":1837,"column":96}},"840":{"start":{"line":1837,"column":96},"end":{"line":1837,"column":null}},"841":{"start":{"line":1840,"column":25},"end":{"line":1843,"column":null}},"842":{"start":{"line":1841,"column":20},"end":{"line":1841,"column":null}},"843":{"start":{"line":1841,"column":39},"end":{"line":1841,"column":57}},"844":{"start":{"line":1842,"column":4},"end":{"line":1842,"column":null}},"845":{"start":{"line":1845,"column":23},"end":{"line":1850,"column":null}},"846":{"start":{"line":1852,"column":21},"end":{"line":1856,"column":null}},"847":{"start":{"line":1858,"column":2},"end":{"line":2150,"column":null}},"848":{"start":{"line":1866,"column":61},"end":{"line":1866,"column":null}},"849":{"start":{"line":1913,"column":29},"end":{"line":1913,"column":55}},"850":{"start":{"line":1913,"column":55},"end":{"line":1913,"column":67}},"851":{"start":{"line":1915,"column":57},"end":{"line":1915,"column":105}},"852":{"start":{"line":1915,"column":105},"end":{"line":1915,"column":117}},"853":{"start":{"line":1922,"column":55},"end":{"line":1922,"column":101}},"854":{"start":{"line":
[...]
n":null}},{"start":{},"end":{}}],"line":186},"11":{"loc":{"start":{"line":186,"column":10},"end":{"line":186,"column":77}},"type":"binary-expr","locations":[{"start":{"line":186,"column":10},"end":{"line":186,"column":18}},{"start":{"line":186,"column":22},"end":{"line":186,"column":50}},{"start":{"line":186,"column":54},"end":{"line":186,"column":77}}],"line":186},"12":{"loc":{"start":{"line":192,"column":4},"end":{"line":217,"column":null}},"type":"if","locations":[{"start":{"line":192,"column":4},"end":{"line":217,"column":null}},{"start":{},"end":{}}],"line":192},"13":{"loc":{"start":{"line":194,"column":6},"end":{"line":196,"column":null}},"type":"if","locations":[{"start":{"line":194,"column":6},"end":{"line":196,"column":null}},{"start":{},"end":{}}],"line":194},"14":{"loc":{"start":{"line":194,"column":10},"end":{"line":194,"column":88}},"type":"binary-expr","locations":[{"start":{"line":194,"column":10},"end":{"line":194,"column":20}},{"start":{"line":194,"column":24},"end":{"line":194,"column":54}},{"start":{"line":194,"column":58},"end":{"line":194,"column":88}}],"line":194},"15":{"loc":{"start":{"line":199,"column":6},"end":{"line":201,"column":null}},"type":"if","locations":[{"start":{"line":199,"column":6},"end":{"line":201,"column":null}},{"start":{},"end":{}}],"line":199},"16":{"loc":{"start":{"line":199,"column":10},"end":{"line":199,"column":99}},"type":"binary-expr","locations":[{"start":{"line":199,"column":10},"end":{"line":199,"column":23}},{"start":{"line":199,"column":28},"end":{"line":199,"column":61}},{"start":{"line":199,"column":65},"end":{"line":199,"column":98}}],"line":199},"17":{"loc":{"start":{"line":204,"column":6},"end":{"line":206,"column":null}},"type":"if","locations":[{"start":{"line":204,"column":6},"end":{"line":206,"column":null}},{"start":{},"end":{}}],"line":204},"18":{"loc":{"start":{"line":204,"column":10},"end":{"line":204,"column":72}},"type":"binary-expr","locations":[{"start":{"line":204,"column":10},"end":{"line":204,"column":24}},{"start":{"line":204,"column":28},"end":{"line":204,"column":72}}],"line":204},"19":{"loc":{"start":{"line":209,"column":6},"end":{"line":211,"column":null}},"type":"if","locations":[{"start":{"line":209,"column":6},"end":{"line":211,"column":null}},{"start":{},"end":{}}],"line":209},"20":{"loc":{"start":{"line":209,"column":10},"end":{"line":209,"column":75}},"type":"binary-expr","locations":[{"start":{"line":209,"column":10},"end":{"line":209,"column":27}},{"start":{"line":209,"column":31},"end":{"line":209,"column":75}}],"line":209},"21":{"loc":{"start":{"line":214,"column":6},"end":{"line":216,"column":null}},"type":"if","locations":[{"start":{"line":214,"column":6},"end":{"line":216,"column":null}},{"start":{},"end":{}}],"line":214},"22":{"loc":{"start":{"line":214,"column":10},"end":{"line":214,"column":54}},"type":"binary-expr","locations":[{"start":{"line":214,"column":10},"end":{"line":214,"column":22}},{"start":{"line":214,"column":26},"end":{"line":214,"column":54}}],"line":214},"23":{"loc":{"start":{"line":229,"column":4},"end":{"line":236,"column":null}},"type":"if","locations":[{"start":{"line":229,"column":4},"end":{"line":236,"column":null}},{"start":{},"end":{}}],"line":229},"24":{"loc":{"start":{"line":245,"column":6},"end":{"line":254,"column":null}},"type":"if","locations":[{"start":{"line":245,"column":6},"end":{"line":254,"column":null}},{"start":{"line":247,"column":13},"end":{"line":254,"column":null}}],"line":245},"25":{"loc":{"start":{"line":266,"column":24},"end":{"line":266,"column":null}},"type":"cond-expr","locations":[{"start":{"line":266,"column":46},"end":{"line":266,"column":92}},{"start":{"line":266,"column":95},"end":{"line":266,"column":null}}],"line":266},"26":{"loc":{"start":{"line":275,"column":4},"end":{"line":277,"column":null}},"type":"if","locations":[{"start":{"line":275,"column":4},"end":{"line":277,"column":null}},{"start":{},"end":{}}],"line":275},"27":{"loc":{"start":{"line":275,"column":8},"end":{"line":275,"column":47}},"type":"binary-expr","locations":[{"start":{"line":275,"column":8},"end":{"line":275,"column":16}},{"start":{"line":275,"column":20},"end":{"line":275,"column":47}}],"line":275},"28":{"loc":{"start":{"line":281,"column":13},"end":{"line":281,"column":74}},"type":"cond-expr","locations":[{"start":{"line":281,"column":49},"end":{"line":281,"column":69}},{"start":{"line":281,"column":72},"end":{"line":281,"column":74}}],"line":281},"29":{"loc":{"start":{"line":282,"column":19},"end":{"line":282,"column":92}},"type":"cond-expr","locations":[{"start":{"line":282,"column":61},"end":{"line":282,"column":87}},{"start":{"line":282,"column":90},"end":{"line":282,"column":92}}],"line":282},"30":{"loc":{"start":{"line":283,"column":14},"end":{"line":283,"column":85}},"type":"cond-expr","locations":[{"start":{"line":283,"column":60},"end":{"line":283,"column":74}},{"start":{"line":283,"column":77},"end":{"line":283,"column":85}}],"line":283},"31":{"loc":{"start":{"line":284,"column":17},"end":{"line":284,"column":62}},"type":"binary-expr","locations":[{"start":{"line":284,"column":17},"end":{"line":284,"column":34}},{"start":{"line":284,"column":38},"end":{"line":284,"column":62}}],"line":284},"32":{"loc":{"start":{"line":285,"column":17},"end":{"line":285,"column":62}},"type":"binary-expr","locations":[{"start":{"line":285,"column":17},"end":{"line":285,"column":34}},{"start":{"line":285,"column":38},"end":{"line":285,"column":62}}],"line":285},"33":{"loc":{"start":{"line":286,"column":12},"end":{"line":286,"column":59}},"type":"cond-expr","locations":[{"start":{"line":286,"column":42},"end":{"line":286,"column":54}},{"start":{"line":286,"column":57},"end":{"line":286,"column":59}}],"line":286},"34":{"loc":{"start":{"line":287,"column":16},"end":{"line":287,"column":null}},"type":"binary-expr","locations":[{"start":{"line":287,"column":16},"end":{"line":287,"column":32}},{"start":{"line":287,"column":36},"end":{"line":287,"column":null}}],"line":287},"35":{"loc":{"start":{"line":292,"column":6},"end":{"line":294,"column":null}},"type":"if","locations":[{"start":{"line":292,"column":6},"end":{"line":294,"column":null}},{"start":{},"end":{}}],"line":292}},"s":{"0":12,"1":12,"2":12,"3":2,"4":14,"5":14,"6":2,"7":0,"8":0,"9":0,"10":0,"11":0,"12":0,"13":0,"14":0,"15":0,"16":0,"17":0,"18":0,"19":0,"20":0,"21":0,"22":0,"23":0,"24":0,"25":0,"26":0,"27":0,"28":0,"29":0,"30":0,"31":0,"32":0,"33":0,"34":0,"35":0,"36":0,"37":0,"38":0,"39":0,"40":0,"41":0,"42":0,"43":0,"44":0,"45":0,"46":0,"47":0,"48":0,"49":0,"50":0,"51":0,"52":0,"53":0,"54":0,"55":0,"56":6,"57":6,"58":4,"59":4,"60":4,"61":4,"62":16,"63":4,"64":4,"65":4,"66":0,"67":4,"68":0,"69":4,"70":1,"71":4,"72":0,"73":4,"74":0,"75":4,"76":2,"77":0,"78":2,"79":2,"80":2,"81":2,"82":4,"83":4,"84":2,"85":2,"86":2,"87":2,"88":0,"89":0,"90":0,"91":0,"92":0,"93":0,"94":0,"95":6,"96":6},"f":{"0":12,"1":2,"2":14,"3":0,"4":0,"5":0,"6":0,"7":0,"8":0,"9":0,"10":0,"11":0,"12":6,"13":6,"14":4,"15":6,"16":0},"b":{"0":[12],"1":[2],"2":[0],"3":[0,0],"4":[0,0],"5":[0,0],"6":[0,0],"7":[0,0],"8":[0,0],"9":[0,0],"10":[4,12],"11":[16,16,13],"12":[4,0],"13":[0,4],"14":[4,3,3],"15":[0,4],"16":[4,2,2],"17":[1,3],"18":[4,3],"19":[0,4],"20":[4,0],"21":[0,4],"22":[4,0],"23":[0,2],"24":[2,2],"25":[2,0],"26":[0,0],"27":[0,0],"28":[0,0],"29":[0,0],"30":[0,0],"31":[0,0],"32":[0,0],"33":[0,0],"34":[0,0],"35":[0,0]},"meta":{"lastBranch":36,"lastFunction":17,"lastStatement":97,"seen":{"f:7:2:7:13":0,"b:7:27:7:40":0,"s:8:4:8:Infinity":0,"s:9:4:9:Infinity":1,"s:10:4:15:Infinity":2,"f:21:2:21:13":1,"b:21:33:21:35":1,"s:22:25:27:12":3,"f:24:14:24:15":2,"s:25:8:25:Infinity":4,"s:26:8:26:Infinity":5,"s:29:4:29:Infinity":6,"f:35:2:35:5":3,"b:35:23:35:38":2,"s:36:22:36:38":7,"s:38:4:43:Infinity":8,"s:45:4:45:Infinity":9,"s:46:4:46:19":10,"f:52:2:52:5":4,"s:53:18:53:37":11,"b:55:4:58:Infinity:undefined:undefined:undefined:undefined":3,"s:55:4:58:Infinity":12,"s:56:6:56:Infinity":13,"s:57:6:57:Infinity":14,"b:61:4:66:Infinity:undefined:undefined:undefined:undefined":4,"s:61:4:66:Infinity":15,"s:62:6:62:Infinity":16,"s:63:6:63:Infinity":17,"s:64:6:64:Infinity":18,"s:65:6:65:Infinity":19,"s:69:4:69:Infinity":20,"s:70:4:70:Infinity":21,"s:72:4:72:Infinity":22,"f:78:2:78:5":5,"s:79:18:79:37":23,"b:81:4:81:Infinity:undefined:undefined:undefined:undefined":5,"s:81:4:81:Infinity":24,"s:81:16:81:Infinity":25,"b:83:4:87:Infinity:undefined:undefined:undefined:undefined":6,"s:83:4:87:Infinity":26,"s:84:6:84:Infinity":27,"s:85:6:85:Infinity":28,"s:86:6:86:Infinity":29,"s:89:4:89:Infinity":30,"f:95:2:95:8":6,"s:96:20:96:42":31,"b:97:4:99:Infinity:undefined:undefined:undefined:undefined":7,"s:97:4:99:Infinity":32,"s:98:6:98:Infinity":33,"s:100:4:100:Infinity":34,"f:106:2:106:9":7,"s:107:16:107:26":35,"s:108:18:108:19":36,"s:110:4:115:Infinity":37,"b:111:6:114:Infinity:undefined:undefined:undefined:undefined":8,"s:111:6:114:Infinity":38,"s:112:8:112:Infinity":39,"s:113:8:113:Infinity":40,"s:117:4:117:Infinity":41,"s:118:4:118:Infinity":42,"f:124:2:124:7":8,"s:125:17:125:32":43,"s:126:4:126:Infinity":44,"s:127:4:127:Infinity":45,"s:128:4:128:Infinity":46,"f:134:2:134:10":9,"s:135:26:135:61":47,"s:136:20:136:83":48,"b:136:40:136:79:136:82:136:83":9,"s:138:4:143:Infinity":49,"f:149:2:149:12":10,"s:150:20:150:22":50,"s:151:16:151:26":51,"s:153:4:162:Infinity":52,"s:154:6:161:Infinity":53,"s:164:4:164:Infinity":54,"f:164:24:164:25":11,"s:164:34:164:63":55,"s:172:26:172:66":56,"s:173:25:173:108":57,"f:178:9:178:24":12,"s:179:19:179:21":58,"s:181:4:181:Infinity":59,"s:182:4:182:Infinity":60,"s:185:4:189:Infinity":61,"b:186:6:188:Infinity:undefined:undefined:undefined:undefined":10,"s:186:6:188:Infinity":62,"b:186:10:186:18:186:22:186:50:186:54:186:77":11,"s:187:8:187:Infinity":63,"b:192:4:217:Infinity:undefined:undefined:undefined:undefined":12,"s:192:4:217:Infinity":64,"b:194:6:196:Infinity:undefined:undefined:undefined:undefined":13,"s:194:6:196:Infinity":65,"b:194:10:194:20:194:24:194:54:194:58:194:88":14,"s:195:8:195:Infinity":66,"b:199:6:201:Infinity:undefined:undefined:undefined:undefined":15,"s:199:6:201:Infinity":67,"b:199:10:199:23:199:28:199:61:199:65:199:98":16,"s:200:8:200:Infinity":68,"b:204:6:206:Infinity:undefined:undefined:undefined:undefined":17,"s:204:6:206:Infinity":69,"b:204:10:204:24:204:28:204:72":18,"s:205:8:205:Infinity":70,"b:209:6:211:Infinity:undefined:undefined:undefined:undefined":19,"s:209:6:211:Infinity":71,"b:209:10:209:27:209:31:209:75":20,"s:210:8:210:Infinity":72,"b:214:6:216:Infinity:undefined:undefined:undefined:undefined":21,"s:214:6:216:Infinity":73,"b:214:10:214:22:214:26:214:54":22,"s:215:8:215:Infinity":74,"s:219:4:222:Infinity":75,"f:228:9:228:25":13,"b:229:4:236:Infinity:undefined:undefined:undefined:undefined":23,"s:229:4:236:Infinity":76,"s:230:6:235:Infinity":77,"s:238:26:238:28":78,"s:239:28:239:30":79,"s:240:22:240:24":80,"s:242:4:255:Infinity":81,"f:242:21:242:22":14,"s:243:25:243:54":82,"b:245:6:254:Infinity:247:13:254:Infinity":24,"s:245:6:254:Infinity":83,"s:246:8:246:Infinity":84,"s:248:8:252:Infinity":85,"s:253:8:253:Infinity":86,"s:257:4:268:Infinity":87,"b:266:46:266:92:266:95:266:Infinity":25,"f:274:9:274:24":15,"b:275:4:277:Infinity:undefined:undefined:undefined:undefined":26,"s:275:4:277:Infinity":88,"b:275:8:275:16:275:20:275:47":27,"s:276:6:276:Infinity":89,"s:279:22:288:5":90,"b:281:49:281:69:281:72:281:74":28,"b:282:61:282:87:282:90:282:92":29,"b:283:60:283:74:283:77:283:85":30,"b:284:17:284:34:284:38:284:62":31,"b:285:17:285:34:285:38:285:62":32,"b:286:42:286:54:286:57:286:59":33,"b:287:16:287:32:287:36:287:Infinity":34,"s:291:4:295:Infinity":91,"f:291:35:291:38":16,"b:292:6:294:Infinity:undefined:undefined:undefined:undefined":35,"s:292:6:294:Infinity":92,"s:293:8:293:Infinity":93,"s:297:4:297:Infinity":94,"s:302:29:302:58":95,"s:305:25:305:53":96}}}
,"C:\\Users\\ricardo.moretti\\Documents\\codecraft-frontend\\src\\utils\\urlSanitize.js": {"path":"C:\\Users\\ricardo.moretti\\Documents\\codecraft-frontend\\src\\utils\\urlSanitize.js","statementMap":{"0":{"start":{"line":5,"column":2},"end":{"line":36,"column":null}},"1":{"start":{"line":6,"column":4},"end":{"line":6,"column":null}},"2":{"start":{"line":6,"column":45},"end":{"line":6,"column":null}},"3":{"start":{"line":8,"column":4},"end":{"line":8,"column":null}},"4":{"start":{"line":8,"column":35},"end":{"line":8,"column":null}},"5":{"start":{"line":9,"column":4},"end":{"line":9,"column":null}},"6":{"start":{"line":9,"column":35},"end":{"line":9,"column":null}},"7":{"start":{"line":10,"column":26},"end":{"line":10,"column":85}},"8":{"start":{"line":11,"column":28},"end":{"line":11,"column":95}},"9":{"start":{"line":12,"column":12},"end":{"line":12,"column":41}},"10":{"start":{"line":15,"column":24},"end":{"line":15,"column":52}},"11":{"start":{"line":16,"column":24},"end":{"line":16,"column":83}},"12":{"start":{"line":17,"column":4},"end":{"line":20,"column":null}},"13":{"start":{"line":19,"column":6},"end":{"line":19,"column":null}},"14":{"start":{"line":23,"column":2},"end":{"line":25,"column":null}},"15":{"start":{"line":24,"column":4},"end":{"line":24,"column":null}},"16":{"start":{"line":27,"column":18},"end":{"line":27,"column":55}},"17":{"start":{"line":28,"column":2},"end":{"line":30,"column":null}},"18":{"start":{"line":29,"column":4},"end":{"line":29,"column":null}},"19":{"start":{"line":32,"column":2},"end":{"line":32,"column":null}},"20":{"start":{"line":35,"column":4},"end":{"line":35,"column":null}},"21":{"start":{"line":40,"column":2},"end":{"line":40,"column":null}},"22":{"start":{"line":40,"column":13},"end":{"line":40,"column":null}},"23":{"start":{"line":41,"column":2},"end":{"line":51,"column":null}},"24":{"start":{"line":42,"column":18},"end":{"line":42,"column":60}},"25":{"start":{"line":42,"column":51},"end":{"line":42,"column":59}},"26":{"start":{"line":43,"column":22},"end":{"line":47,"column":6}},"27":{"start":{"line":44,"column":26},"end":{"line":44,"column":40}},"28":{"start":{"line":45,"column":19},"end":{"line":45,"column":40}},"29":{"start":{"line":46,"column":6},"end":{"line":46,"column":null}},"30":{"start":{"line":48,"column":4},"end":{"line":48,"column":null}},"31":{"start":{"line":50,"column":4},"end":{"line":50,"column":null}}},"fnMap":{"0":{"name":"sanitizeImageUrl","decl":{"start":{"line":4,"column":16},"end":{"line":4,"column":32}},"loc":{"start":{"line":4,"column":40},"end":{"line":37,"column":null}},"line":4},"1":{"name":"sanitizeSrcSet","decl":{"start":{"line":39,"column":16},"end":{"line":39,"column":30}},"loc":{"start":{"line":39,"column":37},"end":{"line":52,"column":null}},"line":39},"2":{"name":"(anonymous_2)","decl":{"start":{"line":42,"column":46},"end":{"line":42,"column":47}},"loc":{"start":{"line":42,"column":51},"end":{"line":42,"column":59}},"line":42},"3":{"name":"(anonymous_3)","decl":{"start":{"line":43,"column":32},"end":{"line":43,"column":33}},"loc":{"start":{"line":43,"column":37},"end":{"line":47,"column":5}},"line":43}},"branchMap":{"0":{"loc":{"start":{"line":6,"column":4},"end":{"line":6,"column":null}},"type":"if","locations":[{"start":{"line":6,"column":4},"end":{"line":6,"column":null}},{"start":{},"end":{}}],"line":6},"1":{"loc":{"start":{"line":6,"column":8},"end":{"line":6,"column":43}},"type":"binary-expr","locations":[{"start":{"line":6,"column":8},"end":{"line":6,"column":14}},{"start":{"line":6,"column":18},"end":{"line":6,"column":43}}],"line":6},"2":{"loc":{"start":{"line":8,"column":4},"end":{"line":8,"column":null}},"type":"if","locations":[{"start":{"line":8,"column":4},"end":{"line":8,"column":null}},{"start":{},"end":{}}],"line":8},"3":{"loc":{"start":{"line":9,"column":4},"end":{"line":9,"column":null}},"type":"if","locations":[{"start":{"line":9,"column":4},"end":{"line":9,"column":null}},{"start":{},"end":{}}],"line":9},"4":{"loc":{"start":{"line":10,"column":26},"end":{"line":10,"column":85}},"type":"cond-expr","locations":[{"start":{"line":10,"column":58},"end":{"line":10,"column":80}},{"start":{"line":10,"column":83},"end":{"line":10,"column":85}}],"line":10},"5":{"loc":{"start":{"line":11,"column":28},"end":{"line":11,"column":95}},"type":"cond-expr","locations":[{"start":{"line":11,"column":60},"end":{"line":11,"column":84}},{"start":{"line":11,"column":87},"end":{"line":11,"column":95}}],"line":11},"6":{"loc":{"start":{"line":16,"column":24},"end":{"line":16,"column":83}},"type":"binary-expr","locations":[{"start":{"line":16,"column":24},"end":{"line":16,"column":50}},{"start":{"line":16,"column":54},"end":{"line":16,"column":83}}],"line":16},"7":{"loc":{"start":{"line":17,"column":4},"end":{"line":20,"column":null}},"type":"if","locations":[{"start":{"line":17,"column":4},"end":{"line":20,"column":null}},{"start":{},"end":{}}],"line":17},"8":{"loc":{"start":{"line":17,"column":8},"end":{"line":17,"column":34}},"type":"binary-expr","locations":[{"start":{"line":17,"column":8},"end":{"line":17,"column":19}},{"start":{"line":17,"column":23},"end":{"line":17,"column":34}}],"line":17},"9":{"loc":{"start":{"line":23,"column":2},"end":{"line":25,"column":null}},"type":"if","locations":[{"start":{"line":23,"column":2},"end":{"line":25,"column":null}},{"start":{},"end":{}}],"line":23},"10":{"loc":{"start":{"line":23,"column":6},"end":{"line":23,"column":43}},"type":"binary-expr","locations":[{"start":{"line":23,"column":6},"end":{"line":23,"column":17}},{"start":{"line":23,"column":21},"end":{"line":23,"column":43}}],"line":23},"11":{"loc":{"start":{"line":28,"column":2},"end":{"line":30,"column":null}},"type":"if","locations":[{"start":{"line":28,"column":2},"end":{"line":30,"column":null}},{"start":{},"end":{}}],"line":28},"12":{"loc":{"start":{"line":40,"column":2},"end":{"line":40,"column":null}},"type":"if","locations":[{"start":{"line":40,"column":2},"end":{"line":40,"column":null}},{"start":{},"end":{}}],"line":40},"13":{"loc":{"start":{"line":46,"column":13},"end":{"line":46,"column":44}},"type":"cond-expr","locations":[{"start":{"line":46,"column":20},"end":{"line":46,"column":37}},{"start":{"line":46,"column":40},"end":{"line":46,"column":44}}],"line":46}},"s":{"0":0,"1":0,"2":0,"3":0,"4":0,"5":0,"6":0,"7":0,"8":0,"9":0,"10":0,"11":0,"12":0,"13":0,"14":0,"15":0,"16":0,"17":0,"18":0,"19":0,"20":0,"21":0,"22":0,"23":0,"24":0,"25":0,"26":0,"27":0,"28":0,"29":0,"30":0,"31":0},"f":{"0":0,"1":0,"2":0,"3":0},"b":{"0":[0,0],"1":[0,0],"2":[0,0],"3":[0,0],"4":[0,0],"5":[0,0],"6":[0,0],"7":[0,0],"8":[0,0],"9":[0,0],"10":[0,0],"11":[0,0],"12":[0,0],"13":[0,0]},"meta":{"lastBranch":14,"lastFunction":4,"lastStatement":32,"seen":{"f:4:16:4:32":0,"s:5:2:36:Infinity":0,"b:6:4:6:Infinity:undefined:undefined:undefined:undefined":0,"s:6:4:6:Infinity":1,"b:6:8:6:14:6:18:6:43":1,"s:6:45:6:Infinity":2,"b:8:4:8:Infinity:undefined:undefined:undefined:undefined":2,"s:8:4:8:Infinity":3,"s:8:35:8:Infinity":4,"b:9:4:9:Infinity:undefined:undefined:undefined:undefined":3,"s:9:4:9:Infinity":5,"s:9:35:9:Infinity":6,"s:10:26:10:85":7,"b:10:58:10:80:10:83:10:85":4,"s:11:28:11:95":8,"b:11:60:11:84:11:87:11:95":5,"s:12:12:12:41":9,"s:15:24:15:52":10,"s:16:24:16:83":11,"b:16:24:16:50:16:54:16:83":6,"b:17:4:20:Infinity:undefined:undefined:undefined:undefined":7,"s:17:4:20:Infinity":12,"b:17:8:17:19:17:23:17:34":8,"s:19:6:19:Infinity":13,"b:23:2:25:Infinity:undefined:undefined:undefined:undefined":9,"s:23:2:25:Infinity":14,"b:23:6:23:17:23:21:23:43":10,"s:24:4:24:Infinity":15,"s:27:18:27:55":16,"b:28:2:30:Infinity:undefined:undefined:undefined:undefined":11,"s:28:2:30:Infinity":17,"s:29:4:29:Infinity":18,"s:32:2:32:Infinity":19,"s:35:4:35:Infinity":20,"f:39:16:39:30":1,"b:40:2:40:Infinity:undefined:undefined:undefined:undefined":12,"s:40:2:40:Infinity":21,"s:40:13:40:Infinity":22,"s:41:2:51:Infinity":23,"s:42:18:42:60":24,"f:42:46:42:47":2,"s:42:51:42:59":25,"s:43:22:47:6":26,"f:43:32:43:33":3,"s:44:26:44:40":27,"s:45:19:45:40":28,"s:46:6:46:Infinity":29,"b:46:20:46:37:46:40:46:44":13,"s:48:4:48:Infinity":30,"s:50:4:50:Infinity":31}}}
}
